<?xml version="1.0" encoding="UTF-8"?>
<robot generator="Robot 4.1.2 (Python 3.8.5 on win32)" generated="20220208 15:19:39.125" rpa="false" schemaversion="2">
<suite id="s1" name="3 Inventory Access Suite" source="C:\Users\Jacob\Desktop\selenium_test\powerzone\deployed tests\integration_tests\3_Inventory_Access_Suite">
<suite id="s1-s1" name="Administrator" source="C:\Users\Jacob\Desktop\selenium_test\powerzone\deployed tests\integration_tests\3_Inventory_Access_Suite\administrator.robot">
<test id="s1-s1-t1" name="[Administrator] Viewing Inventory Stock Information">
<kw name="Open Browser To Login Page" library="resource">
<kw name="Open Browser" library="SeleniumLibrary">
<arg>${LOGIN URL}</arg>
<arg>${BROWSER}</arg>
<doc>Opens a new browser instance to the optional ``url``.</doc>
<msg timestamp="20220208 15:19:39.393" level="INFO">Opening browser 'chrome' to base url 'http://powerzone-inventory.herokuapp.com/'.</msg>
<status status="PASS" starttime="20220208 15:19:39.393" endtime="20220208 15:19:43.119"/>
</kw>
<kw name="Maximize Browser Window" library="SeleniumLibrary">
<doc>Maximizes current browser window.</doc>
<status status="PASS" starttime="20220208 15:19:43.119" endtime="20220208 15:19:43.230"/>
</kw>
<kw name="Set Selenium Speed" library="SeleniumLibrary">
<arg>${DELAY}</arg>
<doc>Sets the delay that is waited after each Selenium command.</doc>
<status status="PASS" starttime="20220208 15:19:43.230" endtime="20220208 15:19:43.231"/>
</kw>
<kw name="Login Page Should Be Open" library="resource">
<kw name="Page Should Contain Element" library="SeleniumLibrary">
<arg>login-btn</arg>
<doc>Verifies that element ``locator`` is found on the current page.</doc>
<msg timestamp="20220208 15:19:43.342" level="INFO">Current page contains element 'login-btn'.</msg>
<status status="PASS" starttime="20220208 15:19:43.231" endtime="20220208 15:19:43.342"/>
</kw>
<status status="PASS" starttime="20220208 15:19:43.231" endtime="20220208 15:19:43.342"/>
</kw>
<status status="PASS" starttime="20220208 15:19:39.392" endtime="20220208 15:19:43.342"/>
</kw>
<kw name="Login Page Should Be Open" library="resource">
<kw name="Page Should Contain Element" library="SeleniumLibrary">
<arg>login-btn</arg>
<doc>Verifies that element ``locator`` is found on the current page.</doc>
<msg timestamp="20220208 15:19:43.450" level="INFO">Current page contains element 'login-btn'.</msg>
<status status="PASS" starttime="20220208 15:19:43.343" endtime="20220208 15:19:43.450"/>
</kw>
<status status="PASS" starttime="20220208 15:19:43.342" endtime="20220208 15:19:43.450"/>
</kw>
<kw name="Wait Until Ajax Complete" library="resource">
<for flavor="IN RANGE">
<var>${INDEX}</var>
<value>1</value>
<value>100000</value>
<iter>
<var name="${INDEX}">1</var>
<kw name="Execute Javascript" library="SeleniumLibrary">
<var>${IS AJAX COMPLETE}</var>
<arg>return window.jQuery!=undefined &amp;&amp; jQuery.active==0</arg>
<doc>Executes the given JavaScript code with possible arguments.</doc>
<msg timestamp="20220208 15:19:43.453" level="INFO">Executing JavaScript:
return window.jQuery!=undefined &amp;&amp; jQuery.active==0
Without any arguments.</msg>
<msg timestamp="20220208 15:19:43.559" level="INFO">${IS AJAX COMPLETE} = True</msg>
<status status="PASS" starttime="20220208 15:19:43.453" endtime="20220208 15:19:43.559"/>
</kw>
<kw name="Log" library="BuiltIn">
<arg>${INDEX}</arg>
<doc>Logs the given message with the given level.</doc>
<msg timestamp="20220208 15:19:43.559" level="INFO">1</msg>
<status status="PASS" starttime="20220208 15:19:43.559" endtime="20220208 15:19:43.559"/>
</kw>
<kw name="Log" library="BuiltIn">
<arg>${IS AJAX COMPLETE}</arg>
<doc>Logs the given message with the given level.</doc>
<msg timestamp="20220208 15:19:43.559" level="INFO">True</msg>
<status status="PASS" starttime="20220208 15:19:43.559" endtime="20220208 15:19:43.559"/>
</kw>
<kw name="Run Keyword If" library="BuiltIn">
<arg>${IS AJAX COMPLETE}==True</arg>
<arg>Exit For Loop</arg>
<doc>Runs the given keyword with the given arguments, if ``condition`` is true.</doc>
<kw name="Exit For Loop" library="BuiltIn">
<doc>Stops executing the enclosing for loop.</doc>
<msg timestamp="20220208 15:19:43.560" level="INFO">Exiting for loop altogether.</msg>
<status status="PASS" starttime="20220208 15:19:43.560" endtime="20220208 15:19:43.561"/>
</kw>
<status status="PASS" starttime="20220208 15:19:43.560" endtime="20220208 15:19:43.561"/>
</kw>
<status status="PASS" starttime="20220208 15:19:43.453" endtime="20220208 15:19:43.561"/>
</iter>
<status status="PASS" starttime="20220208 15:19:43.451" endtime="20220208 15:19:43.562"/>
</for>
<kw name="Execute Async Javascript" library="SeleniumLibrary">
<arg>var callback = arguments[arguments.length - 1]; window.setTimeout(callback, 1000)</arg>
<doc>Executes asynchronous JavaScript code with possible arguments.</doc>
<msg timestamp="20220208 15:19:43.563" level="INFO">Executing Asynchronous JavaScript:
var callback = arguments[arguments.length - 1]; window.setTimeout(callback, 1000)
Without any arguments.</msg>
<status status="PASS" starttime="20220208 15:19:43.563" endtime="20220208 15:19:44.708"/>
</kw>
<status status="PASS" starttime="20220208 15:19:43.450" endtime="20220208 15:19:44.708"/>
</kw>
<kw name="Input Username" library="resource">
<arg>${ADMIN USERNAME}</arg>
<kw name="Input Text" library="SeleniumLibrary">
<arg>login-username</arg>
<arg>${username}</arg>
<doc>Types the given ``text`` into the text field identified by ``locator``.</doc>
<msg timestamp="20220208 15:19:44.709" level="INFO">Typing text 'powerzoneadmin' into text field 'login-username'.</msg>
<status status="PASS" starttime="20220208 15:19:44.709" endtime="20220208 15:19:45.079"/>
</kw>
<status status="PASS" starttime="20220208 15:19:44.709" endtime="20220208 15:19:45.079"/>
</kw>
<kw name="Input Password" library="resource">
<arg>${ADMIN PASSWORD}</arg>
<kw name="Input Text" library="SeleniumLibrary">
<arg>login-password</arg>
<arg>${pass}</arg>
<doc>Types the given ``text`` into the text field identified by ``locator``.</doc>
<msg timestamp="20220208 15:19:45.080" level="INFO">Typing text 'password123' into text field 'login-password'.</msg>
<status status="PASS" starttime="20220208 15:19:45.080" endtime="20220208 15:19:45.450"/>
</kw>
<status status="PASS" starttime="20220208 15:19:45.079" endtime="20220208 15:19:45.450"/>
</kw>
<kw name="Confirm Log In" library="resource">
<kw name="Click Button" library="SeleniumLibrary">
<arg>login-btn</arg>
<doc>Clicks the button identified by ``locator``.</doc>
<msg timestamp="20220208 15:19:45.451" level="INFO">Clicking button 'login-btn'.</msg>
<status status="PASS" starttime="20220208 15:19:45.451" endtime="20220208 15:19:45.902"/>
</kw>
<status status="PASS" starttime="20220208 15:19:45.450" endtime="20220208 15:19:45.902"/>
</kw>
<kw name="Wait Until Ajax Complete" library="resource">
<for flavor="IN RANGE">
<var>${INDEX}</var>
<value>1</value>
<value>100000</value>
<iter>
<var name="${INDEX}">1</var>
<kw name="Execute Javascript" library="SeleniumLibrary">
<var>${IS AJAX COMPLETE}</var>
<arg>return window.jQuery!=undefined &amp;&amp; jQuery.active==0</arg>
<doc>Executes the given JavaScript code with possible arguments.</doc>
<msg timestamp="20220208 15:19:45.905" level="INFO">Executing JavaScript:
return window.jQuery!=undefined &amp;&amp; jQuery.active==0
Without any arguments.</msg>
<msg timestamp="20220208 15:19:46.010" level="INFO">${IS AJAX COMPLETE} = False</msg>
<status status="PASS" starttime="20220208 15:19:45.904" endtime="20220208 15:19:46.010"/>
</kw>
<kw name="Log" library="BuiltIn">
<arg>${INDEX}</arg>
<doc>Logs the given message with the given level.</doc>
<msg timestamp="20220208 15:19:46.010" level="INFO">1</msg>
<status status="PASS" starttime="20220208 15:19:46.010" endtime="20220208 15:19:46.010"/>
</kw>
<kw name="Log" library="BuiltIn">
<arg>${IS AJAX COMPLETE}</arg>
<doc>Logs the given message with the given level.</doc>
<msg timestamp="20220208 15:19:46.010" level="INFO">False</msg>
<status status="PASS" starttime="20220208 15:19:46.010" endtime="20220208 15:19:46.041"/>
</kw>
<kw name="Run Keyword If" library="BuiltIn">
<arg>${IS AJAX COMPLETE}==True</arg>
<arg>Exit For Loop</arg>
<doc>Runs the given keyword with the given arguments, if ``condition`` is true.</doc>
<status status="PASS" starttime="20220208 15:19:46.041" endtime="20220208 15:19:46.041"/>
</kw>
<status status="PASS" starttime="20220208 15:19:45.904" endtime="20220208 15:19:46.041"/>
</iter>
<iter>
<var name="${INDEX}">2</var>
<kw name="Execute Javascript" library="SeleniumLibrary">
<var>${IS AJAX COMPLETE}</var>
<arg>return window.jQuery!=undefined &amp;&amp; jQuery.active==0</arg>
<doc>Executes the given JavaScript code with possible arguments.</doc>
<msg timestamp="20220208 15:19:46.042" level="INFO">Executing JavaScript:
return window.jQuery!=undefined &amp;&amp; jQuery.active==0
Without any arguments.</msg>
<msg timestamp="20220208 15:19:46.146" level="INFO">${IS AJAX COMPLETE} = False</msg>
<status status="PASS" starttime="20220208 15:19:46.042" endtime="20220208 15:19:46.146"/>
</kw>
<kw name="Log" library="BuiltIn">
<arg>${INDEX}</arg>
<doc>Logs the given message with the given level.</doc>
<msg timestamp="20220208 15:19:46.146" level="INFO">2</msg>
<status status="PASS" starttime="20220208 15:19:46.146" endtime="20220208 15:19:46.146"/>
</kw>
<kw name="Log" library="BuiltIn">
<arg>${IS AJAX COMPLETE}</arg>
<doc>Logs the given message with the given level.</doc>
<msg timestamp="20220208 15:19:46.146" level="INFO">False</msg>
<status status="PASS" starttime="20220208 15:19:46.146" endtime="20220208 15:19:46.147"/>
</kw>
<kw name="Run Keyword If" library="BuiltIn">
<arg>${IS AJAX COMPLETE}==True</arg>
<arg>Exit For Loop</arg>
<doc>Runs the given keyword with the given arguments, if ``condition`` is true.</doc>
<status status="PASS" starttime="20220208 15:19:46.147" endtime="20220208 15:19:46.147"/>
</kw>
<status status="PASS" starttime="20220208 15:19:46.041" endtime="20220208 15:19:46.147"/>
</iter>
<iter>
<var name="${INDEX}">3</var>
<kw name="Execute Javascript" library="SeleniumLibrary">
<var>${IS AJAX COMPLETE}</var>
<arg>return window.jQuery!=undefined &amp;&amp; jQuery.active==0</arg>
<doc>Executes the given JavaScript code with possible arguments.</doc>
<msg timestamp="20220208 15:19:46.147" level="INFO">Executing JavaScript:
return window.jQuery!=undefined &amp;&amp; jQuery.active==0
Without any arguments.</msg>
<msg timestamp="20220208 15:19:46.251" level="INFO">${IS AJAX COMPLETE} = False</msg>
<status status="PASS" starttime="20220208 15:19:46.147" endtime="20220208 15:19:46.251"/>
</kw>
<kw name="Log" library="BuiltIn">
<arg>${INDEX}</arg>
<doc>Logs the given message with the given level.</doc>
<msg timestamp="20220208 15:19:46.251" level="INFO">3</msg>
<status status="PASS" starttime="20220208 15:19:46.251" endtime="20220208 15:19:46.251"/>
</kw>
<kw name="Log" library="BuiltIn">
<arg>${IS AJAX COMPLETE}</arg>
<doc>Logs the given message with the given level.</doc>
<msg timestamp="20220208 15:19:46.251" level="INFO">False</msg>
<status status="PASS" starttime="20220208 15:19:46.251" endtime="20220208 15:19:46.251"/>
</kw>
<kw name="Run Keyword If" library="BuiltIn">
<arg>${IS AJAX COMPLETE}==True</arg>
<arg>Exit For Loop</arg>
<doc>Runs the given keyword with the given arguments, if ``condition`` is true.</doc>
<status status="PASS" starttime="20220208 15:19:46.253" endtime="20220208 15:19:46.253"/>
</kw>
<status status="PASS" starttime="20220208 15:19:46.147" endtime="20220208 15:19:46.253"/>
</iter>
<iter>
<var name="${INDEX}">4</var>
<kw name="Execute Javascript" library="SeleniumLibrary">
<var>${IS AJAX COMPLETE}</var>
<arg>return window.jQuery!=undefined &amp;&amp; jQuery.active==0</arg>
<doc>Executes the given JavaScript code with possible arguments.</doc>
<msg timestamp="20220208 15:19:46.253" level="INFO">Executing JavaScript:
return window.jQuery!=undefined &amp;&amp; jQuery.active==0
Without any arguments.</msg>
<msg timestamp="20220208 15:19:46.357" level="INFO">${IS AJAX COMPLETE} = False</msg>
<status status="PASS" starttime="20220208 15:19:46.253" endtime="20220208 15:19:46.357"/>
</kw>
<kw name="Log" library="BuiltIn">
<arg>${INDEX}</arg>
<doc>Logs the given message with the given level.</doc>
<msg timestamp="20220208 15:19:46.357" level="INFO">4</msg>
<status status="PASS" starttime="20220208 15:19:46.357" endtime="20220208 15:19:46.357"/>
</kw>
<kw name="Log" library="BuiltIn">
<arg>${IS AJAX COMPLETE}</arg>
<doc>Logs the given message with the given level.</doc>
<msg timestamp="20220208 15:19:46.357" level="INFO">False</msg>
<status status="PASS" starttime="20220208 15:19:46.357" endtime="20220208 15:19:46.357"/>
</kw>
<kw name="Run Keyword If" library="BuiltIn">
<arg>${IS AJAX COMPLETE}==True</arg>
<arg>Exit For Loop</arg>
<doc>Runs the given keyword with the given arguments, if ``condition`` is true.</doc>
<status status="PASS" starttime="20220208 15:19:46.358" endtime="20220208 15:19:46.358"/>
</kw>
<status status="PASS" starttime="20220208 15:19:46.253" endtime="20220208 15:19:46.358"/>
</iter>
<iter>
<var name="${INDEX}">5</var>
<kw name="Execute Javascript" library="SeleniumLibrary">
<var>${IS AJAX COMPLETE}</var>
<arg>return window.jQuery!=undefined &amp;&amp; jQuery.active==0</arg>
<doc>Executes the given JavaScript code with possible arguments.</doc>
<msg timestamp="20220208 15:19:46.358" level="INFO">Executing JavaScript:
return window.jQuery!=undefined &amp;&amp; jQuery.active==0
Without any arguments.</msg>
<msg timestamp="20220208 15:19:46.463" level="INFO">${IS AJAX COMPLETE} = False</msg>
<status status="PASS" starttime="20220208 15:19:46.358" endtime="20220208 15:19:46.463"/>
</kw>
<kw name="Log" library="BuiltIn">
<arg>${INDEX}</arg>
<doc>Logs the given message with the given level.</doc>
<msg timestamp="20220208 15:19:46.463" level="INFO">5</msg>
<status status="PASS" starttime="20220208 15:19:46.463" endtime="20220208 15:19:46.463"/>
</kw>
<kw name="Log" library="BuiltIn">
<arg>${IS AJAX COMPLETE}</arg>
<doc>Logs the given message with the given level.</doc>
<msg timestamp="20220208 15:19:46.464" level="INFO">False</msg>
<status status="PASS" starttime="20220208 15:19:46.463" endtime="20220208 15:19:46.464"/>
</kw>
<kw name="Run Keyword If" library="BuiltIn">
<arg>${IS AJAX COMPLETE}==True</arg>
<arg>Exit For Loop</arg>
<doc>Runs the given keyword with the given arguments, if ``condition`` is true.</doc>
<status status="PASS" starttime="20220208 15:19:46.464" endtime="20220208 15:19:46.464"/>
</kw>
<status status="PASS" starttime="20220208 15:19:46.358" endtime="20220208 15:19:46.464"/>
</iter>
<iter>
<var name="${INDEX}">6</var>
<kw name="Execute Javascript" library="SeleniumLibrary">
<var>${IS AJAX COMPLETE}</var>
<arg>return window.jQuery!=undefined &amp;&amp; jQuery.active==0</arg>
<doc>Executes the given JavaScript code with possible arguments.</doc>
<msg timestamp="20220208 15:19:46.465" level="INFO">Executing JavaScript:
return window.jQuery!=undefined &amp;&amp; jQuery.active==0
Without any arguments.</msg>
<msg timestamp="20220208 15:19:46.569" level="INFO">${IS AJAX COMPLETE} = False</msg>
<status status="PASS" starttime="20220208 15:19:46.464" endtime="20220208 15:19:46.569"/>
</kw>
<kw name="Log" library="BuiltIn">
<arg>${INDEX}</arg>
<doc>Logs the given message with the given level.</doc>
<msg timestamp="20220208 15:19:46.569" level="INFO">6</msg>
<status status="PASS" starttime="20220208 15:19:46.569" endtime="20220208 15:19:46.569"/>
</kw>
<kw name="Log" library="BuiltIn">
<arg>${IS AJAX COMPLETE}</arg>
<doc>Logs the given message with the given level.</doc>
<msg timestamp="20220208 15:19:46.570" level="INFO">False</msg>
<status status="PASS" starttime="20220208 15:19:46.570" endtime="20220208 15:19:46.570"/>
</kw>
<kw name="Run Keyword If" library="BuiltIn">
<arg>${IS AJAX COMPLETE}==True</arg>
<arg>Exit For Loop</arg>
<doc>Runs the given keyword with the given arguments, if ``condition`` is true.</doc>
<status status="PASS" starttime="20220208 15:19:46.570" endtime="20220208 15:19:46.570"/>
</kw>
<status status="PASS" starttime="20220208 15:19:46.464" endtime="20220208 15:19:46.570"/>
</iter>
<iter>
<var name="${INDEX}">7</var>
<kw name="Execute Javascript" library="SeleniumLibrary">
<var>${IS AJAX COMPLETE}</var>
<arg>return window.jQuery!=undefined &amp;&amp; jQuery.active==0</arg>
<doc>Executes the given JavaScript code with possible arguments.</doc>
<msg timestamp="20220208 15:19:46.572" level="INFO">Executing JavaScript:
return window.jQuery!=undefined &amp;&amp; jQuery.active==0
Without any arguments.</msg>
<msg timestamp="20220208 15:19:48.545" level="INFO">${IS AJAX COMPLETE} = True</msg>
<status status="PASS" starttime="20220208 15:19:46.570" endtime="20220208 15:19:48.545"/>
</kw>
<kw name="Log" library="BuiltIn">
<arg>${INDEX}</arg>
<doc>Logs the given message with the given level.</doc>
<msg timestamp="20220208 15:19:48.545" level="INFO">7</msg>
<status status="PASS" starttime="20220208 15:19:48.545" endtime="20220208 15:19:48.545"/>
</kw>
<kw name="Log" library="BuiltIn">
<arg>${IS AJAX COMPLETE}</arg>
<doc>Logs the given message with the given level.</doc>
<msg timestamp="20220208 15:19:48.546" level="INFO">True</msg>
<status status="PASS" starttime="20220208 15:19:48.545" endtime="20220208 15:19:48.546"/>
</kw>
<kw name="Run Keyword If" library="BuiltIn">
<arg>${IS AJAX COMPLETE}==True</arg>
<arg>Exit For Loop</arg>
<doc>Runs the given keyword with the given arguments, if ``condition`` is true.</doc>
<kw name="Exit For Loop" library="BuiltIn">
<doc>Stops executing the enclosing for loop.</doc>
<msg timestamp="20220208 15:19:48.546" level="INFO">Exiting for loop altogether.</msg>
<status status="PASS" starttime="20220208 15:19:48.546" endtime="20220208 15:19:48.547"/>
</kw>
<status status="PASS" starttime="20220208 15:19:48.546" endtime="20220208 15:19:48.547"/>
</kw>
<status status="PASS" starttime="20220208 15:19:46.570" endtime="20220208 15:19:48.547"/>
</iter>
<status status="PASS" starttime="20220208 15:19:45.903" endtime="20220208 15:19:48.548"/>
</for>
<kw name="Execute Async Javascript" library="SeleniumLibrary">
<arg>var callback = arguments[arguments.length - 1]; window.setTimeout(callback, 1000)</arg>
<doc>Executes asynchronous JavaScript code with possible arguments.</doc>
<msg timestamp="20220208 15:19:48.549" level="INFO">Executing Asynchronous JavaScript:
var callback = arguments[arguments.length - 1]; window.setTimeout(callback, 1000)
Without any arguments.</msg>
<status status="PASS" starttime="20220208 15:19:48.548" endtime="20220208 15:19:49.672"/>
</kw>
<status status="PASS" starttime="20220208 15:19:45.902" endtime="20220208 15:19:49.672"/>
</kw>
<kw name="Home Page Should Be Open" library="resource">
<kw name="Page Should Contain Image" library="SeleniumLibrary">
<arg>${DELIVERIES BUTTON}</arg>
<doc>Verifies image identified by ``locator`` is found from current page.</doc>
<msg timestamp="20220208 15:19:49.887" level="INFO">Current page contains image '/assets/fast.png'.</msg>
<status status="PASS" starttime="20220208 15:19:49.673" endtime="20220208 15:19:49.887"/>
</kw>
<kw name="Page Should Contain Image" library="SeleniumLibrary">
<arg>${TRANSACTIONS BUTTON}</arg>
<doc>Verifies image identified by ``locator`` is found from current page.</doc>
<msg timestamp="20220208 15:19:50.100" level="INFO">Current page contains image '/assets/transaction.png'.</msg>
<status status="PASS" starttime="20220208 15:19:49.887" endtime="20220208 15:19:50.100"/>
</kw>
<kw name="Page Should Contain Image" library="SeleniumLibrary">
<arg>${INVENTORY BUTTON}</arg>
<doc>Verifies image identified by ``locator`` is found from current page.</doc>
<msg timestamp="20220208 15:19:50.313" level="INFO">Current page contains image '/assets/inventory.png'.</msg>
<status status="PASS" starttime="20220208 15:19:50.100" endtime="20220208 15:19:50.313"/>
</kw>
<status status="PASS" starttime="20220208 15:19:49.672" endtime="20220208 15:19:50.313"/>
</kw>
<kw name="Click Image" library="SeleniumLibrary">
<arg>${INVENTORY BUTTON}</arg>
<doc>Clicks an image identified by ``locator``.</doc>
<msg timestamp="20220208 15:19:50.314" level="INFO">Clicking image '/assets/inventory.png'.</msg>
<status status="PASS" starttime="20220208 15:19:50.314" endtime="20220208 15:19:52.263"/>
</kw>
<kw name="Inventory Page Should Be Open" library="resource">
<kw name="Page Should Contain" library="SeleniumLibrary">
<arg>INVENTORY</arg>
<doc>Verifies that current page contains ``text``.</doc>
<msg timestamp="20220208 15:19:52.478" level="INFO">Current page contains text 'INVENTORY'.</msg>
<status status="PASS" starttime="20220208 15:19:52.264" endtime="20220208 15:19:52.478"/>
</kw>
<status status="PASS" starttime="20220208 15:19:52.264" endtime="20220208 15:19:52.478"/>
</kw>
<kw name="Wait Until Ajax Complete" library="resource">
<for flavor="IN RANGE">
<var>${INDEX}</var>
<value>1</value>
<value>100000</value>
<iter>
<var name="${INDEX}">1</var>
<kw name="Execute Javascript" library="SeleniumLibrary">
<var>${IS AJAX COMPLETE}</var>
<arg>return window.jQuery!=undefined &amp;&amp; jQuery.active==0</arg>
<doc>Executes the given JavaScript code with possible arguments.</doc>
<msg timestamp="20220208 15:19:52.481" level="INFO">Executing JavaScript:
return window.jQuery!=undefined &amp;&amp; jQuery.active==0
Without any arguments.</msg>
<msg timestamp="20220208 15:19:52.585" level="INFO">${IS AJAX COMPLETE} = True</msg>
<status status="PASS" starttime="20220208 15:19:52.481" endtime="20220208 15:19:52.585"/>
</kw>
<kw name="Log" library="BuiltIn">
<arg>${INDEX}</arg>
<doc>Logs the given message with the given level.</doc>
<msg timestamp="20220208 15:19:52.585" level="INFO">1</msg>
<status status="PASS" starttime="20220208 15:19:52.585" endtime="20220208 15:19:52.585"/>
</kw>
<kw name="Log" library="BuiltIn">
<arg>${IS AJAX COMPLETE}</arg>
<doc>Logs the given message with the given level.</doc>
<msg timestamp="20220208 15:19:52.585" level="INFO">True</msg>
<status status="PASS" starttime="20220208 15:19:52.585" endtime="20220208 15:19:52.585"/>
</kw>
<kw name="Run Keyword If" library="BuiltIn">
<arg>${IS AJAX COMPLETE}==True</arg>
<arg>Exit For Loop</arg>
<doc>Runs the given keyword with the given arguments, if ``condition`` is true.</doc>
<kw name="Exit For Loop" library="BuiltIn">
<doc>Stops executing the enclosing for loop.</doc>
<msg timestamp="20220208 15:19:52.586" level="INFO">Exiting for loop altogether.</msg>
<status status="PASS" starttime="20220208 15:19:52.586" endtime="20220208 15:19:52.586"/>
</kw>
<status status="PASS" starttime="20220208 15:19:52.586" endtime="20220208 15:19:52.586"/>
</kw>
<status status="PASS" starttime="20220208 15:19:52.481" endtime="20220208 15:19:52.586"/>
</iter>
<status status="PASS" starttime="20220208 15:19:52.479" endtime="20220208 15:19:52.587"/>
</for>
<kw name="Execute Async Javascript" library="SeleniumLibrary">
<arg>var callback = arguments[arguments.length - 1]; window.setTimeout(callback, 1000)</arg>
<doc>Executes asynchronous JavaScript code with possible arguments.</doc>
<msg timestamp="20220208 15:19:52.588" level="INFO">Executing Asynchronous JavaScript:
var callback = arguments[arguments.length - 1]; window.setTimeout(callback, 1000)
Without any arguments.</msg>
<status status="PASS" starttime="20220208 15:19:52.588" endtime="20220208 15:19:53.710"/>
</kw>
<status status="PASS" starttime="20220208 15:19:52.478" endtime="20220208 15:19:53.710"/>
</kw>
<kw name="Click Element" library="SeleniumLibrary">
<arg>xpath=${FIRST STOCK PATH}</arg>
<doc>Click the element identified by ``locator``.</doc>
<msg timestamp="20220208 15:19:53.711" level="INFO">Clicking element 'xpath=/html/body/div[2]/div[1]/div[2]/div[2]/div/table/tbody/tr[1]/td[6]/a/img'.</msg>
<status status="PASS" starttime="20220208 15:19:53.710" endtime="20220208 15:19:55.082"/>
</kw>
<kw name="Wait Until Ajax Complete" library="resource">
<for flavor="IN RANGE">
<var>${INDEX}</var>
<value>1</value>
<value>100000</value>
<iter>
<var name="${INDEX}">1</var>
<kw name="Execute Javascript" library="SeleniumLibrary">
<var>${IS AJAX COMPLETE}</var>
<arg>return window.jQuery!=undefined &amp;&amp; jQuery.active==0</arg>
<doc>Executes the given JavaScript code with possible arguments.</doc>
<msg timestamp="20220208 15:19:55.085" level="INFO">Executing JavaScript:
return window.jQuery!=undefined &amp;&amp; jQuery.active==0
Without any arguments.</msg>
<msg timestamp="20220208 15:19:55.190" level="INFO">${IS AJAX COMPLETE} = True</msg>
<status status="PASS" starttime="20220208 15:19:55.085" endtime="20220208 15:19:55.190"/>
</kw>
<kw name="Log" library="BuiltIn">
<arg>${INDEX}</arg>
<doc>Logs the given message with the given level.</doc>
<msg timestamp="20220208 15:19:55.190" level="INFO">1</msg>
<status status="PASS" starttime="20220208 15:19:55.190" endtime="20220208 15:19:55.190"/>
</kw>
<kw name="Log" library="BuiltIn">
<arg>${IS AJAX COMPLETE}</arg>
<doc>Logs the given message with the given level.</doc>
<msg timestamp="20220208 15:19:55.190" level="INFO">True</msg>
<status status="PASS" starttime="20220208 15:19:55.190" endtime="20220208 15:19:55.190"/>
</kw>
<kw name="Run Keyword If" library="BuiltIn">
<arg>${IS AJAX COMPLETE}==True</arg>
<arg>Exit For Loop</arg>
<doc>Runs the given keyword with the given arguments, if ``condition`` is true.</doc>
<kw name="Exit For Loop" library="BuiltIn">
<doc>Stops executing the enclosing for loop.</doc>
<msg timestamp="20220208 15:19:55.191" level="INFO">Exiting for loop altogether.</msg>
<status status="PASS" starttime="20220208 15:19:55.191" endtime="20220208 15:19:55.192"/>
</kw>
<status status="PASS" starttime="20220208 15:19:55.191" endtime="20220208 15:19:55.192"/>
</kw>
<status status="PASS" starttime="20220208 15:19:55.085" endtime="20220208 15:19:55.192"/>
</iter>
<status status="PASS" starttime="20220208 15:19:55.083" endtime="20220208 15:19:55.194"/>
</for>
<kw name="Execute Async Javascript" library="SeleniumLibrary">
<arg>var callback = arguments[arguments.length - 1]; window.setTimeout(callback, 1000)</arg>
<doc>Executes asynchronous JavaScript code with possible arguments.</doc>
<msg timestamp="20220208 15:19:55.195" level="INFO">Executing Asynchronous JavaScript:
var callback = arguments[arguments.length - 1]; window.setTimeout(callback, 1000)
Without any arguments.</msg>
<status status="PASS" starttime="20220208 15:19:55.194" endtime="20220208 15:19:56.318"/>
</kw>
<status status="PASS" starttime="20220208 15:19:55.082" endtime="20220208 15:19:56.318"/>
</kw>
<kw name="More Info On Stock Page Should Be Open" library="resource">
<kw name="Page Should Contain" library="SeleniumLibrary">
<arg>Name</arg>
<doc>Verifies that current page contains ``text``.</doc>
<msg timestamp="20220208 15:19:56.532" level="INFO">Current page contains text 'Name'.</msg>
<status status="PASS" starttime="20220208 15:19:56.319" endtime="20220208 15:19:56.532"/>
</kw>
<kw name="Page Should Contain" library="SeleniumLibrary">
<arg>Supplier</arg>
<doc>Verifies that current page contains ``text``.</doc>
<msg timestamp="20220208 15:19:56.744" level="INFO">Current page contains text 'Supplier'.</msg>
<status status="PASS" starttime="20220208 15:19:56.532" endtime="20220208 15:19:56.744"/>
</kw>
<kw name="Page Should Contain" library="SeleniumLibrary">
<arg>Storage Location</arg>
<doc>Verifies that current page contains ``text``.</doc>
<msg timestamp="20220208 15:19:56.956" level="INFO">Current page contains text 'Storage Location'.</msg>
<status status="PASS" starttime="20220208 15:19:56.744" endtime="20220208 15:19:56.956"/>
</kw>
<kw name="Page Should Contain" library="SeleniumLibrary">
<arg>Quantity (L)</arg>
<doc>Verifies that current page contains ``text``.</doc>
<msg timestamp="20220208 15:19:57.169" level="INFO">Current page contains text 'Quantity (L)'.</msg>
<status status="PASS" starttime="20220208 15:19:56.956" endtime="20220208 15:19:57.169"/>
</kw>
<kw name="Page Should Contain" library="SeleniumLibrary">
<arg>Price Purchased (₱)</arg>
<doc>Verifies that current page contains ``text``.</doc>
<msg timestamp="20220208 15:19:57.380" level="INFO">Current page contains text 'Price Purchased (₱)'.</msg>
<status status="PASS" starttime="20220208 15:19:57.169" endtime="20220208 15:19:57.380"/>
</kw>
<kw name="Page Should Contain" library="SeleniumLibrary">
<arg>Date Purchased</arg>
<doc>Verifies that current page contains ``text``.</doc>
<msg timestamp="20220208 15:19:57.592" level="INFO">Current page contains text 'Date Purchased'.</msg>
<status status="PASS" starttime="20220208 15:19:57.380" endtime="20220208 15:19:57.592"/>
</kw>
<status status="PASS" starttime="20220208 15:19:56.318" endtime="20220208 15:19:57.592"/>
</kw>
<kw name="Click Element" library="SeleniumLibrary">
<arg>//*[@class="btn btn-primary fw-bold float-start px-5 rounded-pill shadow-sm text-white"]</arg>
<doc>Click the element identified by ``locator``.</doc>
<msg timestamp="20220208 15:19:57.593" level="INFO">Clicking element '//*[@class="btn btn-primary fw-bold float-start px-5 rounded-pill shadow-sm text-white"]'.</msg>
<status status="PASS" starttime="20220208 15:19:57.592" endtime="20220208 15:19:59.234"/>
</kw>
<kw name="Wait Until Ajax Complete" library="resource">
<for flavor="IN RANGE">
<var>${INDEX}</var>
<value>1</value>
<value>100000</value>
<iter>
<var name="${INDEX}">1</var>
<kw name="Execute Javascript" library="SeleniumLibrary">
<var>${IS AJAX COMPLETE}</var>
<arg>return window.jQuery!=undefined &amp;&amp; jQuery.active==0</arg>
<doc>Executes the given JavaScript code with possible arguments.</doc>
<msg timestamp="20220208 15:19:59.237" level="INFO">Executing JavaScript:
return window.jQuery!=undefined &amp;&amp; jQuery.active==0
Without any arguments.</msg>
<msg timestamp="20220208 15:19:59.340" level="INFO">${IS AJAX COMPLETE} = True</msg>
<status status="PASS" starttime="20220208 15:19:59.237" endtime="20220208 15:19:59.340"/>
</kw>
<kw name="Log" library="BuiltIn">
<arg>${INDEX}</arg>
<doc>Logs the given message with the given level.</doc>
<msg timestamp="20220208 15:19:59.340" level="INFO">1</msg>
<status status="PASS" starttime="20220208 15:19:59.340" endtime="20220208 15:19:59.340"/>
</kw>
<kw name="Log" library="BuiltIn">
<arg>${IS AJAX COMPLETE}</arg>
<doc>Logs the given message with the given level.</doc>
<msg timestamp="20220208 15:19:59.341" level="INFO">True</msg>
<status status="PASS" starttime="20220208 15:19:59.340" endtime="20220208 15:19:59.341"/>
</kw>
<kw name="Run Keyword If" library="BuiltIn">
<arg>${IS AJAX COMPLETE}==True</arg>
<arg>Exit For Loop</arg>
<doc>Runs the given keyword with the given arguments, if ``condition`` is true.</doc>
<kw name="Exit For Loop" library="BuiltIn">
<doc>Stops executing the enclosing for loop.</doc>
<msg timestamp="20220208 15:19:59.341" level="INFO">Exiting for loop altogether.</msg>
<status status="PASS" starttime="20220208 15:19:59.341" endtime="20220208 15:19:59.342"/>
</kw>
<status status="PASS" starttime="20220208 15:19:59.341" endtime="20220208 15:19:59.342"/>
</kw>
<status status="PASS" starttime="20220208 15:19:59.237" endtime="20220208 15:19:59.342"/>
</iter>
<status status="PASS" starttime="20220208 15:19:59.234" endtime="20220208 15:19:59.343"/>
</for>
<kw name="Execute Async Javascript" library="SeleniumLibrary">
<arg>var callback = arguments[arguments.length - 1]; window.setTimeout(callback, 1000)</arg>
<doc>Executes asynchronous JavaScript code with possible arguments.</doc>
<msg timestamp="20220208 15:19:59.343" level="INFO">Executing Asynchronous JavaScript:
var callback = arguments[arguments.length - 1]; window.setTimeout(callback, 1000)
Without any arguments.</msg>
<status status="PASS" starttime="20220208 15:19:59.343" endtime="20220208 15:20:00.466"/>
</kw>
<status status="PASS" starttime="20220208 15:19:59.234" endtime="20220208 15:20:00.466"/>
</kw>
<status status="PASS" starttime="20220208 15:19:39.392" endtime="20220208 15:20:00.467"/>
</test>
<test id="s1-s1-t2" name="[Administrator] Inputted Correct Inventory Details">
<kw name="Inventory Page Should Be Open" library="resource">
<kw name="Page Should Contain" library="SeleniumLibrary">
<arg>INVENTORY</arg>
<doc>Verifies that current page contains ``text``.</doc>
<msg timestamp="20220208 15:20:00.684" level="INFO">Current page contains text 'INVENTORY'.</msg>
<status status="PASS" starttime="20220208 15:20:00.469" endtime="20220208 15:20:00.684"/>
</kw>
<status status="PASS" starttime="20220208 15:20:00.468" endtime="20220208 15:20:00.684"/>
</kw>
<kw name="Wait Until Ajax Complete" library="resource">
<for flavor="IN RANGE">
<var>${INDEX}</var>
<value>1</value>
<value>100000</value>
<iter>
<var name="${INDEX}">1</var>
<kw name="Execute Javascript" library="SeleniumLibrary">
<var>${IS AJAX COMPLETE}</var>
<arg>return window.jQuery!=undefined &amp;&amp; jQuery.active==0</arg>
<doc>Executes the given JavaScript code with possible arguments.</doc>
<msg timestamp="20220208 15:20:00.687" level="INFO">Executing JavaScript:
return window.jQuery!=undefined &amp;&amp; jQuery.active==0
Without any arguments.</msg>
<msg timestamp="20220208 15:20:00.791" level="INFO">${IS AJAX COMPLETE} = True</msg>
<status status="PASS" starttime="20220208 15:20:00.686" endtime="20220208 15:20:00.791"/>
</kw>
<kw name="Log" library="BuiltIn">
<arg>${INDEX}</arg>
<doc>Logs the given message with the given level.</doc>
<msg timestamp="20220208 15:20:00.791" level="INFO">1</msg>
<status status="PASS" starttime="20220208 15:20:00.791" endtime="20220208 15:20:00.791"/>
</kw>
<kw name="Log" library="BuiltIn">
<arg>${IS AJAX COMPLETE}</arg>
<doc>Logs the given message with the given level.</doc>
<msg timestamp="20220208 15:20:00.792" level="INFO">True</msg>
<status status="PASS" starttime="20220208 15:20:00.791" endtime="20220208 15:20:00.792"/>
</kw>
<kw name="Run Keyword If" library="BuiltIn">
<arg>${IS AJAX COMPLETE}==True</arg>
<arg>Exit For Loop</arg>
<doc>Runs the given keyword with the given arguments, if ``condition`` is true.</doc>
<kw name="Exit For Loop" library="BuiltIn">
<doc>Stops executing the enclosing for loop.</doc>
<msg timestamp="20220208 15:20:00.793" level="INFO">Exiting for loop altogether.</msg>
<status status="PASS" starttime="20220208 15:20:00.792" endtime="20220208 15:20:00.793"/>
</kw>
<status status="PASS" starttime="20220208 15:20:00.792" endtime="20220208 15:20:00.794"/>
</kw>
<status status="PASS" starttime="20220208 15:20:00.686" endtime="20220208 15:20:00.794"/>
</iter>
<status status="PASS" starttime="20220208 15:20:00.684" endtime="20220208 15:20:00.795"/>
</for>
<kw name="Execute Async Javascript" library="SeleniumLibrary">
<arg>var callback = arguments[arguments.length - 1]; window.setTimeout(callback, 1000)</arg>
<doc>Executes asynchronous JavaScript code with possible arguments.</doc>
<msg timestamp="20220208 15:20:00.795" level="INFO">Executing Asynchronous JavaScript:
var callback = arguments[arguments.length - 1]; window.setTimeout(callback, 1000)
Without any arguments.</msg>
<status status="PASS" starttime="20220208 15:20:00.795" endtime="20220208 15:20:01.918"/>
</kw>
<status status="PASS" starttime="20220208 15:20:00.684" endtime="20220208 15:20:01.918"/>
</kw>
<kw name="Click Element" library="SeleniumLibrary">
<arg>//*[@class="btn btn-primary fw-bold float-end px-5 rounded-pill shadow-sm text-white"]</arg>
<doc>Click the element identified by ``locator``.</doc>
<msg timestamp="20220208 15:20:01.918" level="INFO">Clicking element '//*[@class="btn btn-primary fw-bold float-end px-5 rounded-pill shadow-sm text-white"]'.</msg>
<status status="PASS" starttime="20220208 15:20:01.918" endtime="20220208 15:20:03.364"/>
</kw>
<kw name="Wait Until Ajax Complete" library="resource">
<for flavor="IN RANGE">
<var>${INDEX}</var>
<value>1</value>
<value>100000</value>
<iter>
<var name="${INDEX}">1</var>
<kw name="Execute Javascript" library="SeleniumLibrary">
<var>${IS AJAX COMPLETE}</var>
<arg>return window.jQuery!=undefined &amp;&amp; jQuery.active==0</arg>
<doc>Executes the given JavaScript code with possible arguments.</doc>
<msg timestamp="20220208 15:20:03.367" level="INFO">Executing JavaScript:
return window.jQuery!=undefined &amp;&amp; jQuery.active==0
Without any arguments.</msg>
<msg timestamp="20220208 15:20:03.471" level="INFO">${IS AJAX COMPLETE} = True</msg>
<status status="PASS" starttime="20220208 15:20:03.366" endtime="20220208 15:20:03.471"/>
</kw>
<kw name="Log" library="BuiltIn">
<arg>${INDEX}</arg>
<doc>Logs the given message with the given level.</doc>
<msg timestamp="20220208 15:20:03.471" level="INFO">1</msg>
<status status="PASS" starttime="20220208 15:20:03.471" endtime="20220208 15:20:03.471"/>
</kw>
<kw name="Log" library="BuiltIn">
<arg>${IS AJAX COMPLETE}</arg>
<doc>Logs the given message with the given level.</doc>
<msg timestamp="20220208 15:20:03.472" level="INFO">True</msg>
<status status="PASS" starttime="20220208 15:20:03.471" endtime="20220208 15:20:03.472"/>
</kw>
<kw name="Run Keyword If" library="BuiltIn">
<arg>${IS AJAX COMPLETE}==True</arg>
<arg>Exit For Loop</arg>
<doc>Runs the given keyword with the given arguments, if ``condition`` is true.</doc>
<kw name="Exit For Loop" library="BuiltIn">
<doc>Stops executing the enclosing for loop.</doc>
<msg timestamp="20220208 15:20:03.472" level="INFO">Exiting for loop altogether.</msg>
<status status="PASS" starttime="20220208 15:20:03.472" endtime="20220208 15:20:03.473"/>
</kw>
<status status="PASS" starttime="20220208 15:20:03.472" endtime="20220208 15:20:03.473"/>
</kw>
<status status="PASS" starttime="20220208 15:20:03.366" endtime="20220208 15:20:03.473"/>
</iter>
<status status="PASS" starttime="20220208 15:20:03.364" endtime="20220208 15:20:03.474"/>
</for>
<kw name="Execute Async Javascript" library="SeleniumLibrary">
<arg>var callback = arguments[arguments.length - 1]; window.setTimeout(callback, 1000)</arg>
<doc>Executes asynchronous JavaScript code with possible arguments.</doc>
<msg timestamp="20220208 15:20:03.475" level="INFO">Executing Asynchronous JavaScript:
var callback = arguments[arguments.length - 1]; window.setTimeout(callback, 1000)
Without any arguments.</msg>
<status status="PASS" starttime="20220208 15:20:03.474" endtime="20220208 15:20:04.597"/>
</kw>
<status status="PASS" starttime="20220208 15:20:03.364" endtime="20220208 15:20:04.597"/>
</kw>
<kw name="Add Stock Page Should Be Open" library="resource">
<kw name="Page Should Contain" library="SeleniumLibrary">
<arg>ADD STOCK</arg>
<doc>Verifies that current page contains ``text``.</doc>
<msg timestamp="20220208 15:20:04.810" level="INFO">Current page contains text 'ADD STOCK'.</msg>
<status status="PASS" starttime="20220208 15:20:04.598" endtime="20220208 15:20:04.810"/>
</kw>
<status status="PASS" starttime="20220208 15:20:04.598" endtime="20220208 15:20:04.810"/>
</kw>
<kw name="Select Kerosene Name" library="resource">
<kw name="Select From List By Value" library="SeleniumLibrary">
<arg>id:add-stock-name</arg>
<arg>kerosene</arg>
<doc>Selects options from selection list ``locator`` by ``values``.</doc>
<msg timestamp="20220208 15:20:04.811" level="INFO">Selecting options from selection list 'id:add-stock-name' by value kerosene.</msg>
<status status="PASS" starttime="20220208 15:20:04.811" endtime="20220208 15:20:05.570"/>
</kw>
<status status="PASS" starttime="20220208 15:20:04.811" endtime="20220208 15:20:05.570"/>
</kw>
<kw name="Click Element" library="SeleniumLibrary">
<arg>add-stock-date-purchased</arg>
<doc>Click the element identified by ``locator``.</doc>
<msg timestamp="20220208 15:20:05.571" level="INFO">Clicking element 'add-stock-date-purchased'.</msg>
<status status="PASS" starttime="20220208 15:20:05.570" endtime="20220208 15:20:05.813"/>
</kw>
<kw name="Input Date" library="resource">
<arg>${TEST DAY 1}</arg>
<arg>${TEST MONTH 1}</arg>
<arg>${TEST YEAR 1}</arg>
<kw name="Press Keys" library="SeleniumLibrary">
<arg>add-stock-date-purchased</arg>
<arg>${day}</arg>
<arg>${month}</arg>
<arg>${year}</arg>
<doc>Simulates the user pressing key(s) to an element or on the active browser.</doc>
<msg timestamp="20220208 15:20:05.814" level="INFO">Sending key(s) ('31', '01', '2022') to add-stock-date-purchased element.</msg>
<msg timestamp="20220208 15:20:06.282" level="INFO">Sending keys 31</msg>
<msg timestamp="20220208 15:20:06.391" level="INFO">Sending keys 01</msg>
<msg timestamp="20220208 15:20:06.500" level="INFO">Sending keys 2022</msg>
<status status="PASS" starttime="20220208 15:20:05.814" endtime="20220208 15:20:06.609"/>
</kw>
<status status="PASS" starttime="20220208 15:20:05.813" endtime="20220208 15:20:06.609"/>
</kw>
<kw name="Input Supplier" library="resource">
<arg>${TEST SUPPLIER NAME 1}</arg>
<kw name="Input Text" library="SeleniumLibrary">
<arg>add-stock-supplier</arg>
<arg>${Supplier}</arg>
<doc>Types the given ``text`` into the text field identified by ``locator``.</doc>
<msg timestamp="20220208 15:20:06.611" level="INFO">Typing text 'Test Supplier 1' into text field 'add-stock-supplier'.</msg>
<status status="PASS" starttime="20220208 15:20:06.610" endtime="20220208 15:20:06.991"/>
</kw>
<status status="PASS" starttime="20220208 15:20:06.610" endtime="20220208 15:20:06.991"/>
</kw>
<kw name="Input Location" library="resource">
<arg>${TEST LOCATION 1}</arg>
<kw name="Input Text" library="SeleniumLibrary">
<arg>add-stock-storage</arg>
<arg>${location}</arg>
<doc>Types the given ``text`` into the text field identified by ``locator``.</doc>
<msg timestamp="20220208 15:20:06.993" level="INFO">Typing text 'Test Storage Location 1' into text field 'add-stock-storage'.</msg>
<status status="PASS" starttime="20220208 15:20:06.992" endtime="20220208 15:20:07.371"/>
</kw>
<status status="PASS" starttime="20220208 15:20:06.992" endtime="20220208 15:20:07.371"/>
</kw>
<kw name="Input Quantity" library="resource">
<arg>${TEST QUANTITY 1}</arg>
<kw name="Input Text" library="SeleniumLibrary">
<arg>add-stock-quantity</arg>
<arg>${quantity}</arg>
<doc>Types the given ``text`` into the text field identified by ``locator``.</doc>
<msg timestamp="20220208 15:20:07.372" level="INFO">Typing text '9' into text field 'add-stock-quantity'.</msg>
<status status="PASS" starttime="20220208 15:20:07.372" endtime="20220208 15:20:07.743"/>
</kw>
<status status="PASS" starttime="20220208 15:20:07.371" endtime="20220208 15:20:07.743"/>
</kw>
<kw name="Input Price" library="resource">
<arg>${TEST PRICE 1}</arg>
<kw name="Input Text" library="SeleniumLibrary">
<arg>add-stock-price-purchased</arg>
<arg>${price}</arg>
<doc>Types the given ``text`` into the text field identified by ``locator``.</doc>
<msg timestamp="20220208 15:20:07.745" level="INFO">Typing text '0.99' into text field 'add-stock-price-purchased'.</msg>
<status status="PASS" starttime="20220208 15:20:07.744" endtime="20220208 15:20:08.112"/>
</kw>
<status status="PASS" starttime="20220208 15:20:07.743" endtime="20220208 15:20:08.112"/>
</kw>
<kw name="Wait Until Ajax Complete" library="resource">
<for flavor="IN RANGE">
<var>${INDEX}</var>
<value>1</value>
<value>100000</value>
<iter>
<var name="${INDEX}">1</var>
<kw name="Execute Javascript" library="SeleniumLibrary">
<var>${IS AJAX COMPLETE}</var>
<arg>return window.jQuery!=undefined &amp;&amp; jQuery.active==0</arg>
<doc>Executes the given JavaScript code with possible arguments.</doc>
<msg timestamp="20220208 15:20:08.115" level="INFO">Executing JavaScript:
return window.jQuery!=undefined &amp;&amp; jQuery.active==0
Without any arguments.</msg>
<msg timestamp="20220208 15:20:08.217" level="INFO">${IS AJAX COMPLETE} = True</msg>
<status status="PASS" starttime="20220208 15:20:08.114" endtime="20220208 15:20:08.217"/>
</kw>
<kw name="Log" library="BuiltIn">
<arg>${INDEX}</arg>
<doc>Logs the given message with the given level.</doc>
<msg timestamp="20220208 15:20:08.217" level="INFO">1</msg>
<status status="PASS" starttime="20220208 15:20:08.217" endtime="20220208 15:20:08.217"/>
</kw>
<kw name="Log" library="BuiltIn">
<arg>${IS AJAX COMPLETE}</arg>
<doc>Logs the given message with the given level.</doc>
<msg timestamp="20220208 15:20:08.217" level="INFO">True</msg>
<status status="PASS" starttime="20220208 15:20:08.217" endtime="20220208 15:20:08.218"/>
</kw>
<kw name="Run Keyword If" library="BuiltIn">
<arg>${IS AJAX COMPLETE}==True</arg>
<arg>Exit For Loop</arg>
<doc>Runs the given keyword with the given arguments, if ``condition`` is true.</doc>
<kw name="Exit For Loop" library="BuiltIn">
<doc>Stops executing the enclosing for loop.</doc>
<msg timestamp="20220208 15:20:08.218" level="INFO">Exiting for loop altogether.</msg>
<status status="PASS" starttime="20220208 15:20:08.218" endtime="20220208 15:20:08.218"/>
</kw>
<status status="PASS" starttime="20220208 15:20:08.218" endtime="20220208 15:20:08.218"/>
</kw>
<status status="PASS" starttime="20220208 15:20:08.114" endtime="20220208 15:20:08.218"/>
</iter>
<status status="PASS" starttime="20220208 15:20:08.113" endtime="20220208 15:20:08.219"/>
</for>
<kw name="Execute Async Javascript" library="SeleniumLibrary">
<arg>var callback = arguments[arguments.length - 1]; window.setTimeout(callback, 1000)</arg>
<doc>Executes asynchronous JavaScript code with possible arguments.</doc>
<msg timestamp="20220208 15:20:08.220" level="INFO">Executing Asynchronous JavaScript:
var callback = arguments[arguments.length - 1]; window.setTimeout(callback, 1000)
Without any arguments.</msg>
<status status="PASS" starttime="20220208 15:20:08.219" endtime="20220208 15:20:09.343"/>
</kw>
<status status="PASS" starttime="20220208 15:20:08.112" endtime="20220208 15:20:09.343"/>
</kw>
<kw name="Wait Until Element Is Enabled" library="SeleniumLibrary">
<arg>confirm-add-stock-btn</arg>
<doc>Waits until the element ``locator`` is enabled.</doc>
<status status="PASS" starttime="20220208 15:20:09.343" endtime="20220208 15:20:09.684"/>
</kw>
<kw name="Element Should Be Enabled" library="SeleniumLibrary">
<arg>confirm-add-stock-btn</arg>
<doc>Verifies that element identified by ``locator`` is enabled.</doc>
<status status="PASS" starttime="20220208 15:20:09.684" endtime="20220208 15:20:10.000"/>
</kw>
<kw name="Confirm Adding Stock" library="resource">
<kw name="Click Button" library="SeleniumLibrary">
<arg>confirm-add-stock-btn</arg>
<doc>Clicks the button identified by ``locator``.</doc>
<msg timestamp="20220208 15:20:10.001" level="INFO">Clicking button 'confirm-add-stock-btn'.</msg>
<status status="PASS" starttime="20220208 15:20:10.001" endtime="20220208 15:20:10.449"/>
</kw>
<status status="PASS" starttime="20220208 15:20:10.000" endtime="20220208 15:20:10.449"/>
</kw>
<kw name="Wait Until Ajax Complete" library="resource">
<for flavor="IN RANGE">
<var>${INDEX}</var>
<value>1</value>
<value>100000</value>
<iter>
<var name="${INDEX}">1</var>
<kw name="Execute Javascript" library="SeleniumLibrary">
<var>${IS AJAX COMPLETE}</var>
<arg>return window.jQuery!=undefined &amp;&amp; jQuery.active==0</arg>
<doc>Executes the given JavaScript code with possible arguments.</doc>
<msg timestamp="20220208 15:20:10.452" level="INFO">Executing JavaScript:
return window.jQuery!=undefined &amp;&amp; jQuery.active==0
Without any arguments.</msg>
<msg timestamp="20220208 15:20:10.555" level="INFO">${IS AJAX COMPLETE} = False</msg>
<status status="PASS" starttime="20220208 15:20:10.452" endtime="20220208 15:20:10.555"/>
</kw>
<kw name="Log" library="BuiltIn">
<arg>${INDEX}</arg>
<doc>Logs the given message with the given level.</doc>
<msg timestamp="20220208 15:20:10.555" level="INFO">1</msg>
<status status="PASS" starttime="20220208 15:20:10.555" endtime="20220208 15:20:10.555"/>
</kw>
<kw name="Log" library="BuiltIn">
<arg>${IS AJAX COMPLETE}</arg>
<doc>Logs the given message with the given level.</doc>
<msg timestamp="20220208 15:20:10.555" level="INFO">False</msg>
<status status="PASS" starttime="20220208 15:20:10.555" endtime="20220208 15:20:10.555"/>
</kw>
<kw name="Run Keyword If" library="BuiltIn">
<arg>${IS AJAX COMPLETE}==True</arg>
<arg>Exit For Loop</arg>
<doc>Runs the given keyword with the given arguments, if ``condition`` is true.</doc>
<status status="PASS" starttime="20220208 15:20:10.556" endtime="20220208 15:20:10.556"/>
</kw>
<status status="PASS" starttime="20220208 15:20:10.451" endtime="20220208 15:20:10.556"/>
</iter>
<iter>
<var name="${INDEX}">2</var>
<kw name="Execute Javascript" library="SeleniumLibrary">
<var>${IS AJAX COMPLETE}</var>
<arg>return window.jQuery!=undefined &amp;&amp; jQuery.active==0</arg>
<doc>Executes the given JavaScript code with possible arguments.</doc>
<msg timestamp="20220208 15:20:10.557" level="INFO">Executing JavaScript:
return window.jQuery!=undefined &amp;&amp; jQuery.active==0
Without any arguments.</msg>
<msg timestamp="20220208 15:20:10.661" level="INFO">${IS AJAX COMPLETE} = False</msg>
<status status="PASS" starttime="20220208 15:20:10.556" endtime="20220208 15:20:10.661"/>
</kw>
<kw name="Log" library="BuiltIn">
<arg>${INDEX}</arg>
<doc>Logs the given message with the given level.</doc>
<msg timestamp="20220208 15:20:10.661" level="INFO">2</msg>
<status status="PASS" starttime="20220208 15:20:10.661" endtime="20220208 15:20:10.661"/>
</kw>
<kw name="Log" library="BuiltIn">
<arg>${IS AJAX COMPLETE}</arg>
<doc>Logs the given message with the given level.</doc>
<msg timestamp="20220208 15:20:10.662" level="INFO">False</msg>
<status status="PASS" starttime="20220208 15:20:10.661" endtime="20220208 15:20:10.662"/>
</kw>
<kw name="Run Keyword If" library="BuiltIn">
<arg>${IS AJAX COMPLETE}==True</arg>
<arg>Exit For Loop</arg>
<doc>Runs the given keyword with the given arguments, if ``condition`` is true.</doc>
<status status="PASS" starttime="20220208 15:20:10.662" endtime="20220208 15:20:10.662"/>
</kw>
<status status="PASS" starttime="20220208 15:20:10.556" endtime="20220208 15:20:10.662"/>
</iter>
<iter>
<var name="${INDEX}">3</var>
<kw name="Execute Javascript" library="SeleniumLibrary">
<var>${IS AJAX COMPLETE}</var>
<arg>return window.jQuery!=undefined &amp;&amp; jQuery.active==0</arg>
<doc>Executes the given JavaScript code with possible arguments.</doc>
<msg timestamp="20220208 15:20:10.662" level="INFO">Executing JavaScript:
return window.jQuery!=undefined &amp;&amp; jQuery.active==0
Without any arguments.</msg>
<msg timestamp="20220208 15:20:10.767" level="INFO">${IS AJAX COMPLETE} = False</msg>
<status status="PASS" starttime="20220208 15:20:10.662" endtime="20220208 15:20:10.767"/>
</kw>
<kw name="Log" library="BuiltIn">
<arg>${INDEX}</arg>
<doc>Logs the given message with the given level.</doc>
<msg timestamp="20220208 15:20:10.767" level="INFO">3</msg>
<status status="PASS" starttime="20220208 15:20:10.767" endtime="20220208 15:20:10.767"/>
</kw>
<kw name="Log" library="BuiltIn">
<arg>${IS AJAX COMPLETE}</arg>
<doc>Logs the given message with the given level.</doc>
<msg timestamp="20220208 15:20:10.768" level="INFO">False</msg>
<status status="PASS" starttime="20220208 15:20:10.767" endtime="20220208 15:20:10.768"/>
</kw>
<kw name="Run Keyword If" library="BuiltIn">
<arg>${IS AJAX COMPLETE}==True</arg>
<arg>Exit For Loop</arg>
<doc>Runs the given keyword with the given arguments, if ``condition`` is true.</doc>
<status status="PASS" starttime="20220208 15:20:10.768" endtime="20220208 15:20:10.768"/>
</kw>
<status status="PASS" starttime="20220208 15:20:10.662" endtime="20220208 15:20:10.768"/>
</iter>
<iter>
<var name="${INDEX}">4</var>
<kw name="Execute Javascript" library="SeleniumLibrary">
<var>${IS AJAX COMPLETE}</var>
<arg>return window.jQuery!=undefined &amp;&amp; jQuery.active==0</arg>
<doc>Executes the given JavaScript code with possible arguments.</doc>
<msg timestamp="20220208 15:20:10.768" level="INFO">Executing JavaScript:
return window.jQuery!=undefined &amp;&amp; jQuery.active==0
Without any arguments.</msg>
<msg timestamp="20220208 15:20:10.872" level="INFO">${IS AJAX COMPLETE} = False</msg>
<status status="PASS" starttime="20220208 15:20:10.768" endtime="20220208 15:20:10.872"/>
</kw>
<kw name="Log" library="BuiltIn">
<arg>${INDEX}</arg>
<doc>Logs the given message with the given level.</doc>
<msg timestamp="20220208 15:20:10.872" level="INFO">4</msg>
<status status="PASS" starttime="20220208 15:20:10.872" endtime="20220208 15:20:10.872"/>
</kw>
<kw name="Log" library="BuiltIn">
<arg>${IS AJAX COMPLETE}</arg>
<doc>Logs the given message with the given level.</doc>
<msg timestamp="20220208 15:20:10.873" level="INFO">False</msg>
<status status="PASS" starttime="20220208 15:20:10.872" endtime="20220208 15:20:10.873"/>
</kw>
<kw name="Run Keyword If" library="BuiltIn">
<arg>${IS AJAX COMPLETE}==True</arg>
<arg>Exit For Loop</arg>
<doc>Runs the given keyword with the given arguments, if ``condition`` is true.</doc>
<status status="PASS" starttime="20220208 15:20:10.873" endtime="20220208 15:20:10.873"/>
</kw>
<status status="PASS" starttime="20220208 15:20:10.768" endtime="20220208 15:20:10.873"/>
</iter>
<iter>
<var name="${INDEX}">5</var>
<kw name="Execute Javascript" library="SeleniumLibrary">
<var>${IS AJAX COMPLETE}</var>
<arg>return window.jQuery!=undefined &amp;&amp; jQuery.active==0</arg>
<doc>Executes the given JavaScript code with possible arguments.</doc>
<msg timestamp="20220208 15:20:10.874" level="INFO">Executing JavaScript:
return window.jQuery!=undefined &amp;&amp; jQuery.active==0
Without any arguments.</msg>
<msg timestamp="20220208 15:20:10.977" level="INFO">${IS AJAX COMPLETE} = False</msg>
<status status="PASS" starttime="20220208 15:20:10.873" endtime="20220208 15:20:10.977"/>
</kw>
<kw name="Log" library="BuiltIn">
<arg>${INDEX}</arg>
<doc>Logs the given message with the given level.</doc>
<msg timestamp="20220208 15:20:10.977" level="INFO">5</msg>
<status status="PASS" starttime="20220208 15:20:10.977" endtime="20220208 15:20:10.977"/>
</kw>
<kw name="Log" library="BuiltIn">
<arg>${IS AJAX COMPLETE}</arg>
<doc>Logs the given message with the given level.</doc>
<msg timestamp="20220208 15:20:10.978" level="INFO">False</msg>
<status status="PASS" starttime="20220208 15:20:10.977" endtime="20220208 15:20:10.978"/>
</kw>
<kw name="Run Keyword If" library="BuiltIn">
<arg>${IS AJAX COMPLETE}==True</arg>
<arg>Exit For Loop</arg>
<doc>Runs the given keyword with the given arguments, if ``condition`` is true.</doc>
<status status="PASS" starttime="20220208 15:20:10.978" endtime="20220208 15:20:10.978"/>
</kw>
<status status="PASS" starttime="20220208 15:20:10.873" endtime="20220208 15:20:10.978"/>
</iter>
<iter>
<var name="${INDEX}">6</var>
<kw name="Execute Javascript" library="SeleniumLibrary">
<var>${IS AJAX COMPLETE}</var>
<arg>return window.jQuery!=undefined &amp;&amp; jQuery.active==0</arg>
<doc>Executes the given JavaScript code with possible arguments.</doc>
<msg timestamp="20220208 15:20:10.979" level="INFO">Executing JavaScript:
return window.jQuery!=undefined &amp;&amp; jQuery.active==0
Without any arguments.</msg>
<msg timestamp="20220208 15:20:11.083" level="INFO">${IS AJAX COMPLETE} = False</msg>
<status status="PASS" starttime="20220208 15:20:10.979" endtime="20220208 15:20:11.083"/>
</kw>
<kw name="Log" library="BuiltIn">
<arg>${INDEX}</arg>
<doc>Logs the given message with the given level.</doc>
<msg timestamp="20220208 15:20:11.083" level="INFO">6</msg>
<status status="PASS" starttime="20220208 15:20:11.083" endtime="20220208 15:20:11.083"/>
</kw>
<kw name="Log" library="BuiltIn">
<arg>${IS AJAX COMPLETE}</arg>
<doc>Logs the given message with the given level.</doc>
<msg timestamp="20220208 15:20:11.084" level="INFO">False</msg>
<status status="PASS" starttime="20220208 15:20:11.083" endtime="20220208 15:20:11.084"/>
</kw>
<kw name="Run Keyword If" library="BuiltIn">
<arg>${IS AJAX COMPLETE}==True</arg>
<arg>Exit For Loop</arg>
<doc>Runs the given keyword with the given arguments, if ``condition`` is true.</doc>
<status status="PASS" starttime="20220208 15:20:11.084" endtime="20220208 15:20:11.084"/>
</kw>
<status status="PASS" starttime="20220208 15:20:10.978" endtime="20220208 15:20:11.084"/>
</iter>
<iter>
<var name="${INDEX}">7</var>
<kw name="Execute Javascript" library="SeleniumLibrary">
<var>${IS AJAX COMPLETE}</var>
<arg>return window.jQuery!=undefined &amp;&amp; jQuery.active==0</arg>
<doc>Executes the given JavaScript code with possible arguments.</doc>
<msg timestamp="20220208 15:20:11.085" level="INFO">Executing JavaScript:
return window.jQuery!=undefined &amp;&amp; jQuery.active==0
Without any arguments.</msg>
<msg timestamp="20220208 15:20:11.188" level="INFO">${IS AJAX COMPLETE} = False</msg>
<status status="PASS" starttime="20220208 15:20:11.084" endtime="20220208 15:20:11.188"/>
</kw>
<kw name="Log" library="BuiltIn">
<arg>${INDEX}</arg>
<doc>Logs the given message with the given level.</doc>
<msg timestamp="20220208 15:20:11.188" level="INFO">7</msg>
<status status="PASS" starttime="20220208 15:20:11.188" endtime="20220208 15:20:11.188"/>
</kw>
<kw name="Log" library="BuiltIn">
<arg>${IS AJAX COMPLETE}</arg>
<doc>Logs the given message with the given level.</doc>
<msg timestamp="20220208 15:20:11.189" level="INFO">False</msg>
<status status="PASS" starttime="20220208 15:20:11.188" endtime="20220208 15:20:11.189"/>
</kw>
<kw name="Run Keyword If" library="BuiltIn">
<arg>${IS AJAX COMPLETE}==True</arg>
<arg>Exit For Loop</arg>
<doc>Runs the given keyword with the given arguments, if ``condition`` is true.</doc>
<status status="PASS" starttime="20220208 15:20:11.189" endtime="20220208 15:20:11.189"/>
</kw>
<status status="PASS" starttime="20220208 15:20:11.084" endtime="20220208 15:20:11.189"/>
</iter>
<iter>
<var name="${INDEX}">8</var>
<kw name="Execute Javascript" library="SeleniumLibrary">
<var>${IS AJAX COMPLETE}</var>
<arg>return window.jQuery!=undefined &amp;&amp; jQuery.active==0</arg>
<doc>Executes the given JavaScript code with possible arguments.</doc>
<msg timestamp="20220208 15:20:11.189" level="INFO">Executing JavaScript:
return window.jQuery!=undefined &amp;&amp; jQuery.active==0
Without any arguments.</msg>
<msg timestamp="20220208 15:20:11.293" level="INFO">${IS AJAX COMPLETE} = False</msg>
<status status="PASS" starttime="20220208 15:20:11.189" endtime="20220208 15:20:11.293"/>
</kw>
<kw name="Log" library="BuiltIn">
<arg>${INDEX}</arg>
<doc>Logs the given message with the given level.</doc>
<msg timestamp="20220208 15:20:11.293" level="INFO">8</msg>
<status status="PASS" starttime="20220208 15:20:11.293" endtime="20220208 15:20:11.293"/>
</kw>
<kw name="Log" library="BuiltIn">
<arg>${IS AJAX COMPLETE}</arg>
<doc>Logs the given message with the given level.</doc>
<msg timestamp="20220208 15:20:11.294" level="INFO">False</msg>
<status status="PASS" starttime="20220208 15:20:11.293" endtime="20220208 15:20:11.294"/>
</kw>
<kw name="Run Keyword If" library="BuiltIn">
<arg>${IS AJAX COMPLETE}==True</arg>
<arg>Exit For Loop</arg>
<doc>Runs the given keyword with the given arguments, if ``condition`` is true.</doc>
<status status="PASS" starttime="20220208 15:20:11.294" endtime="20220208 15:20:11.294"/>
</kw>
<status status="PASS" starttime="20220208 15:20:11.189" endtime="20220208 15:20:11.294"/>
</iter>
<iter>
<var name="${INDEX}">9</var>
<kw name="Execute Javascript" library="SeleniumLibrary">
<var>${IS AJAX COMPLETE}</var>
<arg>return window.jQuery!=undefined &amp;&amp; jQuery.active==0</arg>
<doc>Executes the given JavaScript code with possible arguments.</doc>
<msg timestamp="20220208 15:20:11.295" level="INFO">Executing JavaScript:
return window.jQuery!=undefined &amp;&amp; jQuery.active==0
Without any arguments.</msg>
<msg timestamp="20220208 15:20:12.754" level="INFO">${IS AJAX COMPLETE} = True</msg>
<status status="PASS" starttime="20220208 15:20:11.294" endtime="20220208 15:20:12.754"/>
</kw>
<kw name="Log" library="BuiltIn">
<arg>${INDEX}</arg>
<doc>Logs the given message with the given level.</doc>
<msg timestamp="20220208 15:20:12.754" level="INFO">9</msg>
<status status="PASS" starttime="20220208 15:20:12.754" endtime="20220208 15:20:12.754"/>
</kw>
<kw name="Log" library="BuiltIn">
<arg>${IS AJAX COMPLETE}</arg>
<doc>Logs the given message with the given level.</doc>
<msg timestamp="20220208 15:20:12.754" level="INFO">True</msg>
<status status="PASS" starttime="20220208 15:20:12.754" endtime="20220208 15:20:12.754"/>
</kw>
<kw name="Run Keyword If" library="BuiltIn">
<arg>${IS AJAX COMPLETE}==True</arg>
<arg>Exit For Loop</arg>
<doc>Runs the given keyword with the given arguments, if ``condition`` is true.</doc>
<kw name="Exit For Loop" library="BuiltIn">
<doc>Stops executing the enclosing for loop.</doc>
<msg timestamp="20220208 15:20:12.755" level="INFO">Exiting for loop altogether.</msg>
<status status="PASS" starttime="20220208 15:20:12.755" endtime="20220208 15:20:12.755"/>
</kw>
<status status="PASS" starttime="20220208 15:20:12.755" endtime="20220208 15:20:12.755"/>
</kw>
<status status="PASS" starttime="20220208 15:20:11.294" endtime="20220208 15:20:12.755"/>
</iter>
<status status="PASS" starttime="20220208 15:20:10.450" endtime="20220208 15:20:12.756"/>
</for>
<kw name="Execute Async Javascript" library="SeleniumLibrary">
<arg>var callback = arguments[arguments.length - 1]; window.setTimeout(callback, 1000)</arg>
<doc>Executes asynchronous JavaScript code with possible arguments.</doc>
<msg timestamp="20220208 15:20:12.757" level="INFO">Executing Asynchronous JavaScript:
var callback = arguments[arguments.length - 1]; window.setTimeout(callback, 1000)
Without any arguments.</msg>
<status status="PASS" starttime="20220208 15:20:12.757" endtime="20220208 15:20:13.879"/>
</kw>
<status status="PASS" starttime="20220208 15:20:10.449" endtime="20220208 15:20:13.879"/>
</kw>
<kw name="Confirm Test Stock 1" library="resource">
<kw name="Page Should Contain" library="SeleniumLibrary">
<arg>${TEST SUPPLIER NAME 1}</arg>
<doc>Verifies that current page contains ``text``.</doc>
<msg timestamp="20220208 15:20:14.093" level="INFO">Current page contains text 'Test Supplier 1'.</msg>
<status status="PASS" starttime="20220208 15:20:13.880" endtime="20220208 15:20:14.093"/>
</kw>
<kw name="Page Should Contain" library="SeleniumLibrary">
<arg>${TEST PRICE 1}</arg>
<doc>Verifies that current page contains ``text``.</doc>
<msg timestamp="20220208 15:20:14.304" level="INFO">Current page contains text '0.99'.</msg>
<status status="PASS" starttime="20220208 15:20:14.093" endtime="20220208 15:20:14.304"/>
</kw>
<status status="PASS" starttime="20220208 15:20:13.880" endtime="20220208 15:20:14.304"/>
</kw>
<status status="PASS" starttime="20220208 15:20:00.468" endtime="20220208 15:20:14.304"/>
</test>
<test id="s1-s1-t3" name="[Administrator] Price Has More than 2 Decimal Places">
<kw name="Inventory Page Should Be Open" library="resource">
<kw name="Page Should Contain" library="SeleniumLibrary">
<arg>INVENTORY</arg>
<doc>Verifies that current page contains ``text``.</doc>
<msg timestamp="20220208 15:20:14.520" level="INFO">Current page contains text 'INVENTORY'.</msg>
<status status="PASS" starttime="20220208 15:20:14.307" endtime="20220208 15:20:14.520"/>
</kw>
<status status="PASS" starttime="20220208 15:20:14.306" endtime="20220208 15:20:14.520"/>
</kw>
<kw name="Wait Until Ajax Complete" library="resource">
<for flavor="IN RANGE">
<var>${INDEX}</var>
<value>1</value>
<value>100000</value>
<iter>
<var name="${INDEX}">1</var>
<kw name="Execute Javascript" library="SeleniumLibrary">
<var>${IS AJAX COMPLETE}</var>
<arg>return window.jQuery!=undefined &amp;&amp; jQuery.active==0</arg>
<doc>Executes the given JavaScript code with possible arguments.</doc>
<msg timestamp="20220208 15:20:14.523" level="INFO">Executing JavaScript:
return window.jQuery!=undefined &amp;&amp; jQuery.active==0
Without any arguments.</msg>
<msg timestamp="20220208 15:20:14.627" level="INFO">${IS AJAX COMPLETE} = True</msg>
<status status="PASS" starttime="20220208 15:20:14.522" endtime="20220208 15:20:14.627"/>
</kw>
<kw name="Log" library="BuiltIn">
<arg>${INDEX}</arg>
<doc>Logs the given message with the given level.</doc>
<msg timestamp="20220208 15:20:14.627" level="INFO">1</msg>
<status status="PASS" starttime="20220208 15:20:14.627" endtime="20220208 15:20:14.627"/>
</kw>
<kw name="Log" library="BuiltIn">
<arg>${IS AJAX COMPLETE}</arg>
<doc>Logs the given message with the given level.</doc>
<msg timestamp="20220208 15:20:14.628" level="INFO">True</msg>
<status status="PASS" starttime="20220208 15:20:14.627" endtime="20220208 15:20:14.628"/>
</kw>
<kw name="Run Keyword If" library="BuiltIn">
<arg>${IS AJAX COMPLETE}==True</arg>
<arg>Exit For Loop</arg>
<doc>Runs the given keyword with the given arguments, if ``condition`` is true.</doc>
<kw name="Exit For Loop" library="BuiltIn">
<doc>Stops executing the enclosing for loop.</doc>
<msg timestamp="20220208 15:20:14.628" level="INFO">Exiting for loop altogether.</msg>
<status status="PASS" starttime="20220208 15:20:14.628" endtime="20220208 15:20:14.628"/>
</kw>
<status status="PASS" starttime="20220208 15:20:14.628" endtime="20220208 15:20:14.629"/>
</kw>
<status status="PASS" starttime="20220208 15:20:14.522" endtime="20220208 15:20:14.629"/>
</iter>
<status status="PASS" starttime="20220208 15:20:14.521" endtime="20220208 15:20:14.630"/>
</for>
<kw name="Execute Async Javascript" library="SeleniumLibrary">
<arg>var callback = arguments[arguments.length - 1]; window.setTimeout(callback, 1000)</arg>
<doc>Executes asynchronous JavaScript code with possible arguments.</doc>
<msg timestamp="20220208 15:20:14.630" level="INFO">Executing Asynchronous JavaScript:
var callback = arguments[arguments.length - 1]; window.setTimeout(callback, 1000)
Without any arguments.</msg>
<status status="PASS" starttime="20220208 15:20:14.630" endtime="20220208 15:20:15.754"/>
</kw>
<status status="PASS" starttime="20220208 15:20:14.520" endtime="20220208 15:20:15.754"/>
</kw>
<kw name="Click Element" library="SeleniumLibrary">
<arg>//*[@class="btn btn-primary fw-bold float-end px-5 rounded-pill shadow-sm text-white"]</arg>
<doc>Click the element identified by ``locator``.</doc>
<msg timestamp="20220208 15:20:15.755" level="INFO">Clicking element '//*[@class="btn btn-primary fw-bold float-end px-5 rounded-pill shadow-sm text-white"]'.</msg>
<status status="PASS" starttime="20220208 15:20:15.754" endtime="20220208 15:20:17.183"/>
</kw>
<kw name="Wait Until Ajax Complete" library="resource">
<for flavor="IN RANGE">
<var>${INDEX}</var>
<value>1</value>
<value>100000</value>
<iter>
<var name="${INDEX}">1</var>
<kw name="Execute Javascript" library="SeleniumLibrary">
<var>${IS AJAX COMPLETE}</var>
<arg>return window.jQuery!=undefined &amp;&amp; jQuery.active==0</arg>
<doc>Executes the given JavaScript code with possible arguments.</doc>
<msg timestamp="20220208 15:20:17.185" level="INFO">Executing JavaScript:
return window.jQuery!=undefined &amp;&amp; jQuery.active==0
Without any arguments.</msg>
<msg timestamp="20220208 15:20:17.289" level="INFO">${IS AJAX COMPLETE} = True</msg>
<status status="PASS" starttime="20220208 15:20:17.185" endtime="20220208 15:20:17.289"/>
</kw>
<kw name="Log" library="BuiltIn">
<arg>${INDEX}</arg>
<doc>Logs the given message with the given level.</doc>
<msg timestamp="20220208 15:20:17.289" level="INFO">1</msg>
<status status="PASS" starttime="20220208 15:20:17.289" endtime="20220208 15:20:17.289"/>
</kw>
<kw name="Log" library="BuiltIn">
<arg>${IS AJAX COMPLETE}</arg>
<doc>Logs the given message with the given level.</doc>
<msg timestamp="20220208 15:20:17.290" level="INFO">True</msg>
<status status="PASS" starttime="20220208 15:20:17.289" endtime="20220208 15:20:17.290"/>
</kw>
<kw name="Run Keyword If" library="BuiltIn">
<arg>${IS AJAX COMPLETE}==True</arg>
<arg>Exit For Loop</arg>
<doc>Runs the given keyword with the given arguments, if ``condition`` is true.</doc>
<kw name="Exit For Loop" library="BuiltIn">
<doc>Stops executing the enclosing for loop.</doc>
<msg timestamp="20220208 15:20:17.290" level="INFO">Exiting for loop altogether.</msg>
<status status="PASS" starttime="20220208 15:20:17.290" endtime="20220208 15:20:17.290"/>
</kw>
<status status="PASS" starttime="20220208 15:20:17.290" endtime="20220208 15:20:17.291"/>
</kw>
<status status="PASS" starttime="20220208 15:20:17.185" endtime="20220208 15:20:17.291"/>
</iter>
<status status="PASS" starttime="20220208 15:20:17.183" endtime="20220208 15:20:17.292"/>
</for>
<kw name="Execute Async Javascript" library="SeleniumLibrary">
<arg>var callback = arguments[arguments.length - 1]; window.setTimeout(callback, 1000)</arg>
<doc>Executes asynchronous JavaScript code with possible arguments.</doc>
<msg timestamp="20220208 15:20:17.293" level="INFO">Executing Asynchronous JavaScript:
var callback = arguments[arguments.length - 1]; window.setTimeout(callback, 1000)
Without any arguments.</msg>
<status status="PASS" starttime="20220208 15:20:17.292" endtime="20220208 15:20:18.415"/>
</kw>
<status status="PASS" starttime="20220208 15:20:17.183" endtime="20220208 15:20:18.415"/>
</kw>
<kw name="Add Stock Page Should Be Open" library="resource">
<kw name="Page Should Contain" library="SeleniumLibrary">
<arg>ADD STOCK</arg>
<doc>Verifies that current page contains ``text``.</doc>
<msg timestamp="20220208 15:20:18.626" level="INFO">Current page contains text 'ADD STOCK'.</msg>
<status status="PASS" starttime="20220208 15:20:18.416" endtime="20220208 15:20:18.626"/>
</kw>
<status status="PASS" starttime="20220208 15:20:18.416" endtime="20220208 15:20:18.626"/>
</kw>
<kw name="Select Kerosene Name" library="resource">
<kw name="Select From List By Value" library="SeleniumLibrary">
<arg>id:add-stock-name</arg>
<arg>kerosene</arg>
<doc>Selects options from selection list ``locator`` by ``values``.</doc>
<msg timestamp="20220208 15:20:18.627" level="INFO">Selecting options from selection list 'id:add-stock-name' by value kerosene.</msg>
<status status="PASS" starttime="20220208 15:20:18.627" endtime="20220208 15:20:19.383"/>
</kw>
<status status="PASS" starttime="20220208 15:20:18.627" endtime="20220208 15:20:19.383"/>
</kw>
<kw name="Click Element" library="SeleniumLibrary">
<arg>add-stock-date-purchased</arg>
<doc>Click the element identified by ``locator``.</doc>
<msg timestamp="20220208 15:20:19.384" level="INFO">Clicking element 'add-stock-date-purchased'.</msg>
<status status="PASS" starttime="20220208 15:20:19.383" endtime="20220208 15:20:19.620"/>
</kw>
<kw name="Input Date" library="resource">
<arg>${TEST DAY 1}</arg>
<arg>${TEST MONTH 1}</arg>
<arg>${TEST YEAR 1}</arg>
<kw name="Press Keys" library="SeleniumLibrary">
<arg>add-stock-date-purchased</arg>
<arg>${day}</arg>
<arg>${month}</arg>
<arg>${year}</arg>
<doc>Simulates the user pressing key(s) to an element or on the active browser.</doc>
<msg timestamp="20220208 15:20:19.621" level="INFO">Sending key(s) ('31', '01', '2022') to add-stock-date-purchased element.</msg>
<msg timestamp="20220208 15:20:20.090" level="INFO">Sending keys 31</msg>
<msg timestamp="20220208 15:20:20.198" level="INFO">Sending keys 01</msg>
<msg timestamp="20220208 15:20:20.305" level="INFO">Sending keys 2022</msg>
<status status="PASS" starttime="20220208 15:20:19.621" endtime="20220208 15:20:20.415"/>
</kw>
<status status="PASS" starttime="20220208 15:20:19.620" endtime="20220208 15:20:20.415"/>
</kw>
<kw name="Input Supplier" library="resource">
<arg>${TEST SUPPLIER NAME 1}</arg>
<kw name="Input Text" library="SeleniumLibrary">
<arg>add-stock-supplier</arg>
<arg>${Supplier}</arg>
<doc>Types the given ``text`` into the text field identified by ``locator``.</doc>
<msg timestamp="20220208 15:20:20.415" level="INFO">Typing text 'Test Supplier 1' into text field 'add-stock-supplier'.</msg>
<status status="PASS" starttime="20220208 15:20:20.415" endtime="20220208 15:20:20.789"/>
</kw>
<status status="PASS" starttime="20220208 15:20:20.415" endtime="20220208 15:20:20.789"/>
</kw>
<kw name="Input Location" library="resource">
<arg>${TEST LOCATION 1}</arg>
<kw name="Input Text" library="SeleniumLibrary">
<arg>add-stock-storage</arg>
<arg>${location}</arg>
<doc>Types the given ``text`` into the text field identified by ``locator``.</doc>
<msg timestamp="20220208 15:20:20.790" level="INFO">Typing text 'Test Storage Location 1' into text field 'add-stock-storage'.</msg>
<status status="PASS" starttime="20220208 15:20:20.790" endtime="20220208 15:20:21.171"/>
</kw>
<status status="PASS" starttime="20220208 15:20:20.790" endtime="20220208 15:20:21.171"/>
</kw>
<kw name="Input Quantity" library="resource">
<arg>${TEST QUANTITY 1}</arg>
<kw name="Input Text" library="SeleniumLibrary">
<arg>add-stock-quantity</arg>
<arg>${quantity}</arg>
<doc>Types the given ``text`` into the text field identified by ``locator``.</doc>
<msg timestamp="20220208 15:20:21.171" level="INFO">Typing text '9' into text field 'add-stock-quantity'.</msg>
<status status="PASS" starttime="20220208 15:20:21.171" endtime="20220208 15:20:21.535"/>
</kw>
<status status="PASS" starttime="20220208 15:20:21.171" endtime="20220208 15:20:21.535"/>
</kw>
<kw name="Input Price" library="resource">
<arg>${INVALID PRICE}</arg>
<kw name="Input Text" library="SeleniumLibrary">
<arg>add-stock-price-purchased</arg>
<arg>${price}</arg>
<doc>Types the given ``text`` into the text field identified by ``locator``.</doc>
<msg timestamp="20220208 15:20:21.536" level="INFO">Typing text '22.23244324' into text field 'add-stock-price-purchased'.</msg>
<status status="PASS" starttime="20220208 15:20:21.536" endtime="20220208 15:20:21.902"/>
</kw>
<status status="PASS" starttime="20220208 15:20:21.535" endtime="20220208 15:20:21.902"/>
</kw>
<kw name="Wait Until Ajax Complete" library="resource">
<for flavor="IN RANGE">
<var>${INDEX}</var>
<value>1</value>
<value>100000</value>
<iter>
<var name="${INDEX}">1</var>
<kw name="Execute Javascript" library="SeleniumLibrary">
<var>${IS AJAX COMPLETE}</var>
<arg>return window.jQuery!=undefined &amp;&amp; jQuery.active==0</arg>
<doc>Executes the given JavaScript code with possible arguments.</doc>
<msg timestamp="20220208 15:20:21.905" level="INFO">Executing JavaScript:
return window.jQuery!=undefined &amp;&amp; jQuery.active==0
Without any arguments.</msg>
<msg timestamp="20220208 15:20:22.008" level="INFO">${IS AJAX COMPLETE} = True</msg>
<status status="PASS" starttime="20220208 15:20:21.904" endtime="20220208 15:20:22.008"/>
</kw>
<kw name="Log" library="BuiltIn">
<arg>${INDEX}</arg>
<doc>Logs the given message with the given level.</doc>
<msg timestamp="20220208 15:20:22.008" level="INFO">1</msg>
<status status="PASS" starttime="20220208 15:20:22.008" endtime="20220208 15:20:22.008"/>
</kw>
<kw name="Log" library="BuiltIn">
<arg>${IS AJAX COMPLETE}</arg>
<doc>Logs the given message with the given level.</doc>
<msg timestamp="20220208 15:20:22.009" level="INFO">True</msg>
<status status="PASS" starttime="20220208 15:20:22.008" endtime="20220208 15:20:22.009"/>
</kw>
<kw name="Run Keyword If" library="BuiltIn">
<arg>${IS AJAX COMPLETE}==True</arg>
<arg>Exit For Loop</arg>
<doc>Runs the given keyword with the given arguments, if ``condition`` is true.</doc>
<kw name="Exit For Loop" library="BuiltIn">
<doc>Stops executing the enclosing for loop.</doc>
<msg timestamp="20220208 15:20:22.010" level="INFO">Exiting for loop altogether.</msg>
<status status="PASS" starttime="20220208 15:20:22.010" endtime="20220208 15:20:22.011"/>
</kw>
<status status="PASS" starttime="20220208 15:20:22.009" endtime="20220208 15:20:22.011"/>
</kw>
<status status="PASS" starttime="20220208 15:20:21.904" endtime="20220208 15:20:22.011"/>
</iter>
<status status="PASS" starttime="20220208 15:20:21.903" endtime="20220208 15:20:22.012"/>
</for>
<kw name="Execute Async Javascript" library="SeleniumLibrary">
<arg>var callback = arguments[arguments.length - 1]; window.setTimeout(callback, 1000)</arg>
<doc>Executes asynchronous JavaScript code with possible arguments.</doc>
<msg timestamp="20220208 15:20:22.012" level="INFO">Executing Asynchronous JavaScript:
var callback = arguments[arguments.length - 1]; window.setTimeout(callback, 1000)
Without any arguments.</msg>
<status status="PASS" starttime="20220208 15:20:22.012" endtime="20220208 15:20:23.134"/>
</kw>
<status status="PASS" starttime="20220208 15:20:21.902" endtime="20220208 15:20:23.134"/>
</kw>
<kw name="Confirm Adding Stock" library="resource">
<kw name="Click Button" library="SeleniumLibrary">
<arg>confirm-add-stock-btn</arg>
<doc>Clicks the button identified by ``locator``.</doc>
<msg timestamp="20220208 15:20:23.135" level="INFO">Clicking button 'confirm-add-stock-btn'.</msg>
<status status="PASS" starttime="20220208 15:20:23.135" endtime="20220208 15:20:23.590"/>
</kw>
<status status="PASS" starttime="20220208 15:20:23.134" endtime="20220208 15:20:23.590"/>
</kw>
<kw name="Add Stock Page Should Be Open" library="resource">
<kw name="Page Should Contain" library="SeleniumLibrary">
<arg>ADD STOCK</arg>
<doc>Verifies that current page contains ``text``.</doc>
<msg timestamp="20220208 15:20:23.799" level="INFO">Current page contains text 'ADD STOCK'.</msg>
<status status="PASS" starttime="20220208 15:20:23.591" endtime="20220208 15:20:23.799"/>
</kw>
<status status="PASS" starttime="20220208 15:20:23.590" endtime="20220208 15:20:23.799"/>
</kw>
<kw name="Click Element" library="SeleniumLibrary">
<arg>//*[@class="btn btn-primary fw-bold float-start px-5 rounded-pill shadow-sm text-white"]</arg>
<doc>Click the element identified by ``locator``.</doc>
<msg timestamp="20220208 15:20:23.800" level="INFO">Clicking element '//*[@class="btn btn-primary fw-bold float-start px-5 rounded-pill shadow-sm text-white"]'.</msg>
<status status="PASS" starttime="20220208 15:20:23.799" endtime="20220208 15:20:25.444"/>
</kw>
<kw name="Wait Until Ajax Complete" library="resource">
<for flavor="IN RANGE">
<var>${INDEX}</var>
<value>1</value>
<value>100000</value>
<iter>
<var name="${INDEX}">1</var>
<kw name="Execute Javascript" library="SeleniumLibrary">
<var>${IS AJAX COMPLETE}</var>
<arg>return window.jQuery!=undefined &amp;&amp; jQuery.active==0</arg>
<doc>Executes the given JavaScript code with possible arguments.</doc>
<msg timestamp="20220208 15:20:25.447" level="INFO">Executing JavaScript:
return window.jQuery!=undefined &amp;&amp; jQuery.active==0
Without any arguments.</msg>
<msg timestamp="20220208 15:20:25.551" level="INFO">${IS AJAX COMPLETE} = True</msg>
<status status="PASS" starttime="20220208 15:20:25.446" endtime="20220208 15:20:25.551"/>
</kw>
<kw name="Log" library="BuiltIn">
<arg>${INDEX}</arg>
<doc>Logs the given message with the given level.</doc>
<msg timestamp="20220208 15:20:25.551" level="INFO">1</msg>
<status status="PASS" starttime="20220208 15:20:25.551" endtime="20220208 15:20:25.551"/>
</kw>
<kw name="Log" library="BuiltIn">
<arg>${IS AJAX COMPLETE}</arg>
<doc>Logs the given message with the given level.</doc>
<msg timestamp="20220208 15:20:25.552" level="INFO">True</msg>
<status status="PASS" starttime="20220208 15:20:25.551" endtime="20220208 15:20:25.552"/>
</kw>
<kw name="Run Keyword If" library="BuiltIn">
<arg>${IS AJAX COMPLETE}==True</arg>
<arg>Exit For Loop</arg>
<doc>Runs the given keyword with the given arguments, if ``condition`` is true.</doc>
<kw name="Exit For Loop" library="BuiltIn">
<doc>Stops executing the enclosing for loop.</doc>
<msg timestamp="20220208 15:20:25.552" level="INFO">Exiting for loop altogether.</msg>
<status status="PASS" starttime="20220208 15:20:25.552" endtime="20220208 15:20:25.552"/>
</kw>
<status status="PASS" starttime="20220208 15:20:25.552" endtime="20220208 15:20:25.552"/>
</kw>
<status status="PASS" starttime="20220208 15:20:25.446" endtime="20220208 15:20:25.552"/>
</iter>
<status status="PASS" starttime="20220208 15:20:25.444" endtime="20220208 15:20:25.553"/>
</for>
<kw name="Execute Async Javascript" library="SeleniumLibrary">
[...]
<msg timestamp="20220208 15:24:02.380" level="INFO">Executing JavaScript:
return window.jQuery!=undefined &amp;&amp; jQuery.active==0
Without any arguments.</msg>
<msg timestamp="20220208 15:24:02.485" level="INFO">${IS AJAX COMPLETE} = False</msg>
<status status="PASS" starttime="20220208 15:24:02.380" endtime="20220208 15:24:02.485"/>
</kw>
<kw name="Log" library="BuiltIn">
<arg>${INDEX}</arg>
<doc>Logs the given message with the given level.</doc>
<msg timestamp="20220208 15:24:02.485" level="INFO">3</msg>
<status status="PASS" starttime="20220208 15:24:02.485" endtime="20220208 15:24:02.485"/>
</kw>
<kw name="Log" library="BuiltIn">
<arg>${IS AJAX COMPLETE}</arg>
<doc>Logs the given message with the given level.</doc>
<msg timestamp="20220208 15:24:02.486" level="INFO">False</msg>
<status status="PASS" starttime="20220208 15:24:02.486" endtime="20220208 15:24:02.486"/>
</kw>
<kw name="Run Keyword If" library="BuiltIn">
<arg>${IS AJAX COMPLETE}==True</arg>
<arg>Exit For Loop</arg>
<doc>Runs the given keyword with the given arguments, if ``condition`` is true.</doc>
<status status="PASS" starttime="20220208 15:24:02.486" endtime="20220208 15:24:02.486"/>
</kw>
<status status="PASS" starttime="20220208 15:24:02.380" endtime="20220208 15:24:02.486"/>
</iter>
<iter>
<var name="${INDEX}">4</var>
<kw name="Execute Javascript" library="SeleniumLibrary">
<var>${IS AJAX COMPLETE}</var>
<arg>return window.jQuery!=undefined &amp;&amp; jQuery.active==0</arg>
<doc>Executes the given JavaScript code with possible arguments.</doc>
<msg timestamp="20220208 15:24:02.487" level="INFO">Executing JavaScript:
return window.jQuery!=undefined &amp;&amp; jQuery.active==0
Without any arguments.</msg>
<msg timestamp="20220208 15:24:02.589" level="INFO">${IS AJAX COMPLETE} = False</msg>
<status status="PASS" starttime="20220208 15:24:02.487" endtime="20220208 15:24:02.589"/>
</kw>
<kw name="Log" library="BuiltIn">
<arg>${INDEX}</arg>
<doc>Logs the given message with the given level.</doc>
<msg timestamp="20220208 15:24:02.590" level="INFO">4</msg>
<status status="PASS" starttime="20220208 15:24:02.589" endtime="20220208 15:24:02.590"/>
</kw>
<kw name="Log" library="BuiltIn">
<arg>${IS AJAX COMPLETE}</arg>
<doc>Logs the given message with the given level.</doc>
<msg timestamp="20220208 15:24:02.590" level="INFO">False</msg>
<status status="PASS" starttime="20220208 15:24:02.590" endtime="20220208 15:24:02.590"/>
</kw>
<kw name="Run Keyword If" library="BuiltIn">
<arg>${IS AJAX COMPLETE}==True</arg>
<arg>Exit For Loop</arg>
<doc>Runs the given keyword with the given arguments, if ``condition`` is true.</doc>
<status status="PASS" starttime="20220208 15:24:02.590" endtime="20220208 15:24:02.591"/>
</kw>
<status status="PASS" starttime="20220208 15:24:02.486" endtime="20220208 15:24:02.591"/>
</iter>
<iter>
<var name="${INDEX}">5</var>
<kw name="Execute Javascript" library="SeleniumLibrary">
<var>${IS AJAX COMPLETE}</var>
<arg>return window.jQuery!=undefined &amp;&amp; jQuery.active==0</arg>
<doc>Executes the given JavaScript code with possible arguments.</doc>
<msg timestamp="20220208 15:24:02.592" level="INFO">Executing JavaScript:
return window.jQuery!=undefined &amp;&amp; jQuery.active==0
Without any arguments.</msg>
<msg timestamp="20220208 15:24:02.697" level="INFO">${IS AJAX COMPLETE} = False</msg>
<status status="PASS" starttime="20220208 15:24:02.591" endtime="20220208 15:24:02.697"/>
</kw>
<kw name="Log" library="BuiltIn">
<arg>${INDEX}</arg>
<doc>Logs the given message with the given level.</doc>
<msg timestamp="20220208 15:24:02.697" level="INFO">5</msg>
<status status="PASS" starttime="20220208 15:24:02.697" endtime="20220208 15:24:02.697"/>
</kw>
<kw name="Log" library="BuiltIn">
<arg>${IS AJAX COMPLETE}</arg>
<doc>Logs the given message with the given level.</doc>
<msg timestamp="20220208 15:24:02.698" level="INFO">False</msg>
<status status="PASS" starttime="20220208 15:24:02.697" endtime="20220208 15:24:02.698"/>
</kw>
<kw name="Run Keyword If" library="BuiltIn">
<arg>${IS AJAX COMPLETE}==True</arg>
<arg>Exit For Loop</arg>
<doc>Runs the given keyword with the given arguments, if ``condition`` is true.</doc>
<status status="PASS" starttime="20220208 15:24:02.698" endtime="20220208 15:24:02.698"/>
</kw>
<status status="PASS" starttime="20220208 15:24:02.591" endtime="20220208 15:24:02.698"/>
</iter>
<iter>
<var name="${INDEX}">6</var>
<kw name="Execute Javascript" library="SeleniumLibrary">
<var>${IS AJAX COMPLETE}</var>
<arg>return window.jQuery!=undefined &amp;&amp; jQuery.active==0</arg>
<doc>Executes the given JavaScript code with possible arguments.</doc>
<msg timestamp="20220208 15:24:02.700" level="INFO">Executing JavaScript:
return window.jQuery!=undefined &amp;&amp; jQuery.active==0
Without any arguments.</msg>
<msg timestamp="20220208 15:24:02.804" level="INFO">${IS AJAX COMPLETE} = False</msg>
<status status="PASS" starttime="20220208 15:24:02.698" endtime="20220208 15:24:02.804"/>
</kw>
<kw name="Log" library="BuiltIn">
<arg>${INDEX}</arg>
<doc>Logs the given message with the given level.</doc>
<msg timestamp="20220208 15:24:02.805" level="INFO">6</msg>
<status status="PASS" starttime="20220208 15:24:02.804" endtime="20220208 15:24:02.805"/>
</kw>
<kw name="Log" library="BuiltIn">
<arg>${IS AJAX COMPLETE}</arg>
<doc>Logs the given message with the given level.</doc>
<msg timestamp="20220208 15:24:02.805" level="INFO">False</msg>
<status status="PASS" starttime="20220208 15:24:02.805" endtime="20220208 15:24:02.805"/>
</kw>
<kw name="Run Keyword If" library="BuiltIn">
<arg>${IS AJAX COMPLETE}==True</arg>
<arg>Exit For Loop</arg>
<doc>Runs the given keyword with the given arguments, if ``condition`` is true.</doc>
<status status="PASS" starttime="20220208 15:24:02.806" endtime="20220208 15:24:02.806"/>
</kw>
<status status="PASS" starttime="20220208 15:24:02.698" endtime="20220208 15:24:02.806"/>
</iter>
<iter>
<var name="${INDEX}">7</var>
<kw name="Execute Javascript" library="SeleniumLibrary">
<var>${IS AJAX COMPLETE}</var>
<arg>return window.jQuery!=undefined &amp;&amp; jQuery.active==0</arg>
<doc>Executes the given JavaScript code with possible arguments.</doc>
<msg timestamp="20220208 15:24:02.807" level="INFO">Executing JavaScript:
return window.jQuery!=undefined &amp;&amp; jQuery.active==0
Without any arguments.</msg>
<msg timestamp="20220208 15:24:05.028" level="INFO">${IS AJAX COMPLETE} = True</msg>
<status status="PASS" starttime="20220208 15:24:02.806" endtime="20220208 15:24:05.028"/>
</kw>
<kw name="Log" library="BuiltIn">
<arg>${INDEX}</arg>
<doc>Logs the given message with the given level.</doc>
<msg timestamp="20220208 15:24:05.028" level="INFO">7</msg>
<status status="PASS" starttime="20220208 15:24:05.028" endtime="20220208 15:24:05.028"/>
</kw>
<kw name="Log" library="BuiltIn">
<arg>${IS AJAX COMPLETE}</arg>
<doc>Logs the given message with the given level.</doc>
<msg timestamp="20220208 15:24:05.028" level="INFO">True</msg>
<status status="PASS" starttime="20220208 15:24:05.028" endtime="20220208 15:24:05.029"/>
</kw>
<kw name="Run Keyword If" library="BuiltIn">
<arg>${IS AJAX COMPLETE}==True</arg>
<arg>Exit For Loop</arg>
<doc>Runs the given keyword with the given arguments, if ``condition`` is true.</doc>
<kw name="Exit For Loop" library="BuiltIn">
<doc>Stops executing the enclosing for loop.</doc>
<msg timestamp="20220208 15:24:05.029" level="INFO">Exiting for loop altogether.</msg>
<status status="PASS" starttime="20220208 15:24:05.029" endtime="20220208 15:24:05.029"/>
</kw>
<status status="PASS" starttime="20220208 15:24:05.029" endtime="20220208 15:24:05.029"/>
</kw>
<status status="PASS" starttime="20220208 15:24:02.806" endtime="20220208 15:24:05.029"/>
</iter>
<status status="PASS" starttime="20220208 15:24:02.163" endtime="20220208 15:24:05.030"/>
</for>
<kw name="Execute Async Javascript" library="SeleniumLibrary">
<arg>var callback = arguments[arguments.length - 1]; window.setTimeout(callback, 1000)</arg>
<doc>Executes asynchronous JavaScript code with possible arguments.</doc>
<msg timestamp="20220208 15:24:05.030" level="INFO">Executing Asynchronous JavaScript:
var callback = arguments[arguments.length - 1]; window.setTimeout(callback, 1000)
Without any arguments.</msg>
<status status="PASS" starttime="20220208 15:24:05.030" endtime="20220208 15:24:06.155"/>
</kw>
<status status="PASS" starttime="20220208 15:24:02.163" endtime="20220208 15:24:06.155"/>
</kw>
<kw name="Home Page Should Be Open" library="resource">
<kw name="Page Should Contain Image" library="SeleniumLibrary">
<arg>${DELIVERIES BUTTON}</arg>
<doc>Verifies image identified by ``locator`` is found from current page.</doc>
<msg timestamp="20220208 15:24:06.369" level="INFO">Current page contains image '/assets/fast.png'.</msg>
<status status="PASS" starttime="20220208 15:24:06.156" endtime="20220208 15:24:06.369"/>
</kw>
<kw name="Page Should Contain Image" library="SeleniumLibrary">
<arg>${TRANSACTIONS BUTTON}</arg>
<doc>Verifies image identified by ``locator`` is found from current page.</doc>
<msg timestamp="20220208 15:24:06.580" level="INFO">Current page contains image '/assets/transaction.png'.</msg>
<status status="PASS" starttime="20220208 15:24:06.369" endtime="20220208 15:24:06.580"/>
</kw>
<kw name="Page Should Contain Image" library="SeleniumLibrary">
<arg>${INVENTORY BUTTON}</arg>
<doc>Verifies image identified by ``locator`` is found from current page.</doc>
<msg timestamp="20220208 15:24:06.791" level="INFO">Current page contains image '/assets/inventory.png'.</msg>
<status status="PASS" starttime="20220208 15:24:06.580" endtime="20220208 15:24:06.791"/>
</kw>
<status status="PASS" starttime="20220208 15:24:06.156" endtime="20220208 15:24:06.791"/>
</kw>
<kw name="Click Image" library="SeleniumLibrary">
<arg>${INVENTORY BUTTON}</arg>
<doc>Clicks an image identified by ``locator``.</doc>
<msg timestamp="20220208 15:24:06.792" level="INFO">Clicking image '/assets/inventory.png'.</msg>
<status status="PASS" starttime="20220208 15:24:06.791" endtime="20220208 15:24:09.147"/>
</kw>
<kw name="Inventory Page Should Be Open" library="resource">
<kw name="Page Should Contain" library="SeleniumLibrary">
<arg>INVENTORY</arg>
<doc>Verifies that current page contains ``text``.</doc>
<msg timestamp="20220208 15:24:09.364" level="INFO">Current page contains text 'INVENTORY'.</msg>
<status status="PASS" starttime="20220208 15:24:09.148" endtime="20220208 15:24:09.364"/>
</kw>
<status status="PASS" starttime="20220208 15:24:09.147" endtime="20220208 15:24:09.364"/>
</kw>
<kw name="Wait Until Ajax Complete" library="resource">
<for flavor="IN RANGE">
<var>${INDEX}</var>
<value>1</value>
<value>100000</value>
<iter>
<var name="${INDEX}">1</var>
<kw name="Execute Javascript" library="SeleniumLibrary">
<var>${IS AJAX COMPLETE}</var>
<arg>return window.jQuery!=undefined &amp;&amp; jQuery.active==0</arg>
<doc>Executes the given JavaScript code with possible arguments.</doc>
<msg timestamp="20220208 15:24:09.367" level="INFO">Executing JavaScript:
return window.jQuery!=undefined &amp;&amp; jQuery.active==0
Without any arguments.</msg>
<msg timestamp="20220208 15:24:09.470" level="INFO">${IS AJAX COMPLETE} = True</msg>
<status status="PASS" starttime="20220208 15:24:09.366" endtime="20220208 15:24:09.470"/>
</kw>
<kw name="Log" library="BuiltIn">
<arg>${INDEX}</arg>
<doc>Logs the given message with the given level.</doc>
<msg timestamp="20220208 15:24:09.470" level="INFO">1</msg>
<status status="PASS" starttime="20220208 15:24:09.470" endtime="20220208 15:24:09.470"/>
</kw>
<kw name="Log" library="BuiltIn">
<arg>${IS AJAX COMPLETE}</arg>
<doc>Logs the given message with the given level.</doc>
<msg timestamp="20220208 15:24:09.471" level="INFO">True</msg>
<status status="PASS" starttime="20220208 15:24:09.471" endtime="20220208 15:24:09.471"/>
</kw>
<kw name="Run Keyword If" library="BuiltIn">
<arg>${IS AJAX COMPLETE}==True</arg>
<arg>Exit For Loop</arg>
<doc>Runs the given keyword with the given arguments, if ``condition`` is true.</doc>
<kw name="Exit For Loop" library="BuiltIn">
<doc>Stops executing the enclosing for loop.</doc>
<msg timestamp="20220208 15:24:09.471" level="INFO">Exiting for loop altogether.</msg>
<status status="PASS" starttime="20220208 15:24:09.471" endtime="20220208 15:24:09.472"/>
</kw>
<status status="PASS" starttime="20220208 15:24:09.471" endtime="20220208 15:24:09.472"/>
</kw>
<status status="PASS" starttime="20220208 15:24:09.366" endtime="20220208 15:24:09.472"/>
</iter>
<status status="PASS" starttime="20220208 15:24:09.365" endtime="20220208 15:24:09.473"/>
</for>
<kw name="Execute Async Javascript" library="SeleniumLibrary">
<arg>var callback = arguments[arguments.length - 1]; window.setTimeout(callback, 1000)</arg>
<doc>Executes asynchronous JavaScript code with possible arguments.</doc>
<msg timestamp="20220208 15:24:09.474" level="INFO">Executing Asynchronous JavaScript:
var callback = arguments[arguments.length - 1]; window.setTimeout(callback, 1000)
Without any arguments.</msg>
<status status="PASS" starttime="20220208 15:24:09.473" endtime="20220208 15:24:10.596"/>
</kw>
<status status="PASS" starttime="20220208 15:24:09.364" endtime="20220208 15:24:10.596"/>
</kw>
<kw name="Click Element" library="SeleniumLibrary">
<arg>xpath=${FIRST STOCK PATH}</arg>
<doc>Click the element identified by ``locator``.</doc>
<msg timestamp="20220208 15:24:10.597" level="INFO">Clicking element 'xpath=/html/body/div[2]/div[1]/div[2]/div[2]/div/table/tbody/tr[1]/td[6]/a/img'.</msg>
<status status="PASS" starttime="20220208 15:24:10.596" endtime="20220208 15:24:12.099"/>
</kw>
<kw name="Wait Until Ajax Complete" library="resource">
<for flavor="IN RANGE">
<var>${INDEX}</var>
<value>1</value>
<value>100000</value>
<iter>
<var name="${INDEX}">1</var>
<kw name="Execute Javascript" library="SeleniumLibrary">
<var>${IS AJAX COMPLETE}</var>
<arg>return window.jQuery!=undefined &amp;&amp; jQuery.active==0</arg>
<doc>Executes the given JavaScript code with possible arguments.</doc>
<msg timestamp="20220208 15:24:12.105" level="INFO">Executing JavaScript:
return window.jQuery!=undefined &amp;&amp; jQuery.active==0
Without any arguments.</msg>
<msg timestamp="20220208 15:24:12.209" level="INFO">${IS AJAX COMPLETE} = True</msg>
<status status="PASS" starttime="20220208 15:24:12.102" endtime="20220208 15:24:12.209"/>
</kw>
<kw name="Log" library="BuiltIn">
<arg>${INDEX}</arg>
<doc>Logs the given message with the given level.</doc>
<msg timestamp="20220208 15:24:12.209" level="INFO">1</msg>
<status status="PASS" starttime="20220208 15:24:12.209" endtime="20220208 15:24:12.209"/>
</kw>
<kw name="Log" library="BuiltIn">
<arg>${IS AJAX COMPLETE}</arg>
<doc>Logs the given message with the given level.</doc>
<msg timestamp="20220208 15:24:12.209" level="INFO">True</msg>
<status status="PASS" starttime="20220208 15:24:12.209" endtime="20220208 15:24:12.210"/>
</kw>
<kw name="Run Keyword If" library="BuiltIn">
<arg>${IS AJAX COMPLETE}==True</arg>
<arg>Exit For Loop</arg>
<doc>Runs the given keyword with the given arguments, if ``condition`` is true.</doc>
<kw name="Exit For Loop" library="BuiltIn">
<doc>Stops executing the enclosing for loop.</doc>
<msg timestamp="20220208 15:24:12.210" level="INFO">Exiting for loop altogether.</msg>
<status status="PASS" starttime="20220208 15:24:12.210" endtime="20220208 15:24:12.211"/>
</kw>
<status status="PASS" starttime="20220208 15:24:12.210" endtime="20220208 15:24:12.211"/>
</kw>
<status status="PASS" starttime="20220208 15:24:12.101" endtime="20220208 15:24:12.211"/>
</iter>
<status status="PASS" starttime="20220208 15:24:12.100" endtime="20220208 15:24:12.212"/>
</for>
<kw name="Execute Async Javascript" library="SeleniumLibrary">
<arg>var callback = arguments[arguments.length - 1]; window.setTimeout(callback, 1000)</arg>
<doc>Executes asynchronous JavaScript code with possible arguments.</doc>
<msg timestamp="20220208 15:24:12.212" level="INFO">Executing Asynchronous JavaScript:
var callback = arguments[arguments.length - 1]; window.setTimeout(callback, 1000)
Without any arguments.</msg>
<status status="PASS" starttime="20220208 15:24:12.212" endtime="20220208 15:24:13.335"/>
</kw>
<status status="PASS" starttime="20220208 15:24:12.099" endtime="20220208 15:24:13.335"/>
</kw>
<kw name="More Info On Stock Page Should Be Open" library="resource">
<kw name="Page Should Contain" library="SeleniumLibrary">
<arg>Name</arg>
<doc>Verifies that current page contains ``text``.</doc>
<msg timestamp="20220208 15:24:13.555" level="INFO">Current page contains text 'Name'.</msg>
<status status="PASS" starttime="20220208 15:24:13.336" endtime="20220208 15:24:13.555"/>
</kw>
<kw name="Page Should Contain" library="SeleniumLibrary">
<arg>Supplier</arg>
<doc>Verifies that current page contains ``text``.</doc>
<msg timestamp="20220208 15:24:13.766" level="INFO">Current page contains text 'Supplier'.</msg>
<status status="PASS" starttime="20220208 15:24:13.555" endtime="20220208 15:24:13.766"/>
</kw>
<kw name="Page Should Contain" library="SeleniumLibrary">
<arg>Storage Location</arg>
<doc>Verifies that current page contains ``text``.</doc>
<msg timestamp="20220208 15:24:13.979" level="INFO">Current page contains text 'Storage Location'.</msg>
<status status="PASS" starttime="20220208 15:24:13.766" endtime="20220208 15:24:13.979"/>
</kw>
<kw name="Page Should Contain" library="SeleniumLibrary">
<arg>Quantity (L)</arg>
<doc>Verifies that current page contains ``text``.</doc>
<msg timestamp="20220208 15:24:14.191" level="INFO">Current page contains text 'Quantity (L)'.</msg>
<status status="PASS" starttime="20220208 15:24:13.979" endtime="20220208 15:24:14.191"/>
</kw>
<kw name="Page Should Contain" library="SeleniumLibrary">
<arg>Price Purchased (₱)</arg>
<doc>Verifies that current page contains ``text``.</doc>
<msg timestamp="20220208 15:24:14.404" level="INFO">Current page contains text 'Price Purchased (₱)'.</msg>
<status status="PASS" starttime="20220208 15:24:14.191" endtime="20220208 15:24:14.404"/>
</kw>
<kw name="Page Should Contain" library="SeleniumLibrary">
<arg>Date Purchased</arg>
<doc>Verifies that current page contains ``text``.</doc>
<msg timestamp="20220208 15:24:14.615" level="INFO">Current page contains text 'Date Purchased'.</msg>
<status status="PASS" starttime="20220208 15:24:14.404" endtime="20220208 15:24:14.615"/>
</kw>
<status status="PASS" starttime="20220208 15:24:13.335" endtime="20220208 15:24:14.615"/>
</kw>
<kw name="Close Browser" library="SeleniumLibrary" type="TEARDOWN">
<doc>Closes the current browser.</doc>
<status status="PASS" starttime="20220208 15:24:14.616" endtime="20220208 15:24:16.767"/>
</kw>
<status status="PASS" starttime="20220208 15:23:54.089" endtime="20220208 15:24:16.767"/>
</test>
<doc>Robot file belonging to the Login Test Suite with test cases
for accessing inventory features for the Transaction Cashier Role

This set of tests was created using keywords from the SeleniumLibrary</doc>
<status status="PASS" starttime="20220208 15:23:54.081" endtime="20220208 15:24:16.768"/>
</suite>
<status status="PASS" starttime="20220208 15:19:39.126" endtime="20220208 15:24:16.771"/>
</suite>
<statistics>
<total>
<stat pass="16" fail="0" skip="0">All Tests</stat>
</total>
<tag>
</tag>
<suite>
<stat pass="16" fail="0" skip="0" id="s1" name="3 Inventory Access Suite">3 Inventory Access Suite</stat>
<stat pass="7" fail="0" skip="0" id="s1-s1" name="Administrator">3 Inventory Access Suite.Administrator</stat>
<stat pass="1" fail="0" skip="0" id="s1-s2" name="Delivery Manager">3 Inventory Access Suite.Delivery Manager</stat>
<stat pass="7" fail="0" skip="0" id="s1-s3" name="Inventory Manager">3 Inventory Access Suite.Inventory Manager</stat>
<stat pass="1" fail="0" skip="0" id="s1-s4" name="Transaction Cashier">3 Inventory Access Suite.Transaction Cashier</stat>
</suite>
</statistics>
<errors>
</errors>
</robot>
