{
  "stats": {
    "suites": 68,
    "tests": 190,
    "passes": 190,
    "pending": 0,
    "failures": 0,
    "start": "2022-02-06T07:43:55.273Z",
    "end": "2022-02-06T07:43:58.258Z",
    "duration": 2985,
    "testsRegistered": 190,
    "passPercent": 100,
    "pendingPercent": 0,
    "other": 0,
    "hasOther": false,
    "skipped": 0,
    "hasSkipped": false
  },
  "results": [
    {
      "uuid": "743bc058-e0c1-423b-bcd9-05da86ac96bf",
      "title": "",
      "fullFile": "",
      "file": "",
      "beforeHooks": [],
      "afterHooks": [],
      "tests": [],
      "suites": [
        {
          "uuid": "e9bfa309-2629-47a7-8e92-9ad09ef309d0",
          "title": "the function to get the account page",
          "fullFile": "C:\\Users\\Edward\\Documents\\powerzone-inventory\\test\\account-controller-test.js",
          "file": "\\test\\account-controller-test.js",
          "beforeHooks": [
            {
              "title": "\"before each\" hook in \"the function to get the account page\"",
              "fullTitle": "the function to get the account page \"before each\" hook in \"the function to get the account page\"",
              "timedOut": false,
              "duration": 0,
              "state": null,
              "speed": null,
              "pass": false,
              "fail": false,
              "pending": false,
              "context": null,
              "code": "res = {\n\tstatus: sinon.stub().returnsThis(),\n\tjson: sinon.stub(),\n\tsend: sinon.stub()\n};\nexpectedResult = [\n\t{\n\t\t_id: '01234',\n\t\tfirstName: 'mark',\n\t\tlastName: 'sy',\n\t\tusername: 'cheems',\n\t\trole: 'inventory-manager',\n\t\tstatus: 'pending'\n\t},\n\t{\n\t\t_id: '01235',\n\t\tfirstName: 'bark',\n\t\tlastName: 'see',\n\t\tusername: 'doge',\n\t\trole: 'transaction-cashier',\n\t\tstatus: 'rejected'\n\t}\n];",
              "err": {},
              "uuid": "c694eb11-79db-48f1-984b-bdf2375c4277",
              "parentUUID": "e9bfa309-2629-47a7-8e92-9ad09ef309d0",
              "isHook": true,
              "skipped": false
            }
          ],
          "afterHooks": [],
          "tests": [
            {
              "title": "should retrieve all the accounts only once if the user is the administrator",
              "fullTitle": "the function to get the account page should retrieve all the accounts only once if the user is the administrator",
              "timedOut": false,
              "duration": 12,
              "state": "passed",
              "speed": "fast",
              "pass": true,
              "fail": false,
              "pending": false,
              "context": null,
              "code": "const req = {\n\tsession: {\n\t\trole: 'administrator'\n\t}\n};\nsinon.stub(db, 'findMany').yields(expectedResult);\naccountController.getAccount(req, res);\nassert.isTrue(db.findMany.calledOnce);\ndb.findMany.restore();",
              "err": {},
              "uuid": "63b55110-527b-4e70-b209-4c442cf36337",
              "parentUUID": "e9bfa309-2629-47a7-8e92-9ad09ef309d0",
              "isHook": false,
              "skipped": false
            },
            {
              "title": "should retrieve all the accounts with the correct arguments if the user is an administrator",
              "fullTitle": "the function to get the account page should retrieve all the accounts with the correct arguments if the user is an administrator",
              "timedOut": false,
              "duration": 3,
              "state": "passed",
              "speed": "fast",
              "pass": true,
              "fail": false,
              "pending": false,
              "context": null,
              "code": "const req = {\n\tsession: {\n\t\trole: 'administrator'\n\t}\n};\nsinon.stub(db, 'findMany').yields(expectedResult);\naccountController.getAccount(req, res);\nassert.equal(db.findMany.firstCall.args[0], Account);\nexpect(db.findMany.firstCall.args[1]).to.deep.equalInAnyOrder({});\nassert.equal(db.findMany.firstCall.args[2], '_id firstName lastName username role status');\ndb.findMany.restore();",
              "err": {},
              "uuid": "040dc8a6-d4a7-4780-9662-87be657bc9e8",
              "parentUUID": "e9bfa309-2629-47a7-8e92-9ad09ef309d0",
              "isHook": false,
              "skipped": false
            },
            {
              "title": "should retrieve exactly one account only once if the user is not an administrator",
              "fullTitle": "the function to get the account page should retrieve exactly one account only once if the user is not an administrator",
              "timedOut": false,
              "duration": 7,
              "state": "passed",
              "speed": "fast",
              "pass": true,
              "fail": false,
              "pending": false,
              "context": null,
              "code": "const req = {\n\tsession: {\n\t\tusername: 'jana',\n\t\trole: 'inventory-manager'\n\t}\n};\nsinon.stub(db, 'findOne').yields(expectedResult[0]);\naccountController.getAccount(req, res);\nassert.isTrue(db.findOne.calledOnce);\ndb.findOne.restore();",
              "err": {},
              "uuid": "e63cce72-5a77-409b-bfef-0350c480d2bf",
              "parentUUID": "e9bfa309-2629-47a7-8e92-9ad09ef309d0",
              "isHook": false,
              "skipped": false
            },
            {
              "title": "should retrieve exactly one account with the correct arguments if the user is not an administrator",
              "fullTitle": "the function to get the account page should retrieve exactly one account with the correct arguments if the user is not an administrator",
              "timedOut": false,
              "duration": 2,
              "state": "passed",
              "speed": "fast",
              "pass": true,
              "fail": false,
              "pending": false,
              "context": null,
              "code": "const req = {\n\tsession: {\n\t\tusername: 'jana',\n\t\trole: 'inventory-manager'\n\t}\n};\nsinon.stub(db, 'findOne').yields(expectedResult[0]);\naccountController.getAccount(req, res);\nassert.equal(db.findOne.firstCall.args[0], Account);\nexpect(db.findOne.firstCall.args[1]).to.deep.equalInAnyOrder({username: req.session.username});\nassert.equal(db.findOne.firstCall.args[2], 'email firstName lastName role password');\ndb.findOne.restore();",
              "err": {},
              "uuid": "6c4e2698-d068-4f23-aafc-097e0bbae7c7",
              "parentUUID": "e9bfa309-2629-47a7-8e92-9ad09ef309d0",
              "isHook": false,
              "skipped": false
            }
          ],
          "suites": [],
          "passes": [
            "63b55110-527b-4e70-b209-4c442cf36337",
            "040dc8a6-d4a7-4780-9662-87be657bc9e8",
            "e63cce72-5a77-409b-bfef-0350c480d2bf",
            "6c4e2698-d068-4f23-aafc-097e0bbae7c7"
          ],
          "failures": [],
          "pending": [],
          "skipped": [],
          "duration": 24,
          "root": false,
          "rootEmpty": false,
          "_timeout": 10000
        },
        {
          "uuid": "7ceb4c35-b275-4d8d-9893-724699f53bd3",
          "title": "the function to update the status of the selected user account to \"Rejected\"",
          "fullFile": "C:\\Users\\Edward\\Documents\\powerzone-inventory\\test\\account-controller-test.js",
          "file": "\\test\\account-controller-test.js",
          "beforeHooks": [],
          "afterHooks": [],
          "tests": [
            {
              "title": "should update the status of the account only once",
              "fullTitle": "the function to update the status of the selected user account to \"Rejected\" should update the status of the account only once",
              "timedOut": false,
              "duration": 3,
              "state": "passed",
              "speed": "fast",
              "pass": true,
              "fail": false,
              "pending": false,
              "context": null,
              "code": "const convertToObjectId = sinon.stub(db, 'convertToObjectId');\nconvertToObjectId.returns('123');\nconst req = {\n\tbody: {\n\t\taccountId: '123'\n\t}\n};\nconst res = {\n\tstatus: sinon.stub().returnsThis(),\n\tjson: sinon.stub(),\n\tsend: sinon.stub()\n};\nsinon.stub(db, 'updateOne').yields({});\naccountController.postEditStatusReject(req, res);\nassert.isTrue(db.updateOne.calledOnce);\ndb.convertToObjectId.restore();\ndb.updateOne.restore();",
              "err": {},
              "uuid": "fa453a8f-9cf6-45ed-9f68-b935fb1450cd",
              "parentUUID": "7ceb4c35-b275-4d8d-9893-724699f53bd3",
              "isHook": false,
              "skipped": false
            },
            {
              "title": "should update the status of the account to \"Rejected\"",
              "fullTitle": "the function to update the status of the selected user account to \"Rejected\" should update the status of the account to \"Rejected\"",
              "timedOut": false,
              "duration": 3,
              "state": "passed",
              "speed": "fast",
              "pass": true,
              "fail": false,
              "pending": false,
              "context": null,
              "code": "const convertToObjectId = sinon.stub(db, 'convertToObjectId');\nconvertToObjectId.returns('123');\nconst req = {\n\tbody: {\n\t\taccountId: '123'\n\t}\n};\nconst res = {\n\tstatus: sinon.stub().returnsThis(),\n\tjson: sinon.stub(),\n\tsend: sinon.stub()\n};\nconst filter = {\n\t_id: convertToObjectId('123')\n};\nsinon.stub(db, 'updateOne').yields({});\naccountController.postEditStatusReject(req, res);\nassert.equal(db.updateOne.firstCall.args[0], Account);\nexpect(db.updateOne.firstCall.args[1]).to.deep.equalInAnyOrder(filter);\nexpect(db.updateOne.firstCall.args[2]).to.deep.equalInAnyOrder({status: 'Rejected'});\ndb.convertToObjectId.restore();\ndb.updateOne.restore();",
              "err": {},
              "uuid": "0f690ff2-b35a-4569-992b-f4eaef25f3f6",
              "parentUUID": "7ceb4c35-b275-4d8d-9893-724699f53bd3",
              "isHook": false,
              "skipped": false
            }
          ],
          "suites": [],
          "passes": [
            "fa453a8f-9cf6-45ed-9f68-b935fb1450cd",
            "0f690ff2-b35a-4569-992b-f4eaef25f3f6"
          ],
          "failures": [],
          "pending": [],
          "skipped": [],
          "duration": 6,
          "root": false,
          "rootEmpty": false,
          "_timeout": 10000
        },
        {
          "uuid": "7e1527af-22af-4a28-8622-b5fe9f27ee29",
          "title": "the function to update the status of the selected user account to \"Pending\"",
          "fullFile": "C:\\Users\\Edward\\Documents\\powerzone-inventory\\test\\account-controller-test.js",
          "file": "\\test\\account-controller-test.js",
          "beforeHooks": [],
          "afterHooks": [],
          "tests": [
            {
              "title": "should update the status of the account only once",
              "fullTitle": "the function to update the status of the selected user account to \"Pending\" should update the status of the account only once",
              "timedOut": false,
              "duration": 2,
              "state": "passed",
              "speed": "fast",
              "pass": true,
              "fail": false,
              "pending": false,
              "context": null,
              "code": "const convertToObjectId = sinon.stub(db, 'convertToObjectId');\nconvertToObjectId.returns('123');\nconst req = {\n\tbody: {\n\t\taccountId: '123'\n\t}\n};\nconst res = {\n\tstatus: sinon.stub().returnsThis(),\n\tjson: sinon.stub(),\n\tsend: sinon.stub()\n};\nsinon.stub(db, 'updateOne').yields({});\naccountController.postEditStatusPending(req, res);\nassert.isTrue(db.updateOne.calledOnce);\ndb.convertToObjectId.restore();\ndb.updateOne.restore();",
              "err": {},
              "uuid": "288d3f57-cff7-4bc0-9277-1c60d67da9af",
              "parentUUID": "7e1527af-22af-4a28-8622-b5fe9f27ee29",
              "isHook": false,
              "skipped": false
            },
            {
              "title": "should update the status of the account to \"Pending\"",
              "fullTitle": "the function to update the status of the selected user account to \"Pending\" should update the status of the account to \"Pending\"",
              "timedOut": false,
              "duration": 2,
              "state": "passed",
              "speed": "fast",
              "pass": true,
              "fail": false,
              "pending": false,
              "context": null,
              "code": "const convertToObjectId = sinon.stub(db, 'convertToObjectId');\nconvertToObjectId.returns('123');\nconst req = {\n\tbody: {\n\t\taccountId: '123'\n\t}\n};\nconst res = {\n\tstatus: sinon.stub().returnsThis(),\n\tjson: sinon.stub(),\n\tsend: sinon.stub()\n};\nconst filter = {\n\t_id: convertToObjectId('123')\n};\nsinon.stub(db, 'updateOne').yields({});\naccountController.postEditStatusPending(req, res);\nassert.equal(db.updateOne.firstCall.args[0], Account);\nexpect(db.updateOne.firstCall.args[1]).to.deep.equalInAnyOrder(filter);\nexpect(db.updateOne.firstCall.args[2]).to.deep.equalInAnyOrder({status: 'Pending'});\ndb.convertToObjectId.restore();\ndb.updateOne.restore();",
              "err": {},
              "uuid": "52030fdf-7632-4a1e-9e61-41fbbb3c28cd",
              "parentUUID": "7e1527af-22af-4a28-8622-b5fe9f27ee29",
              "isHook": false,
              "skipped": false
            }
          ],
          "suites": [],
          "passes": [
            "288d3f57-cff7-4bc0-9277-1c60d67da9af",
            "52030fdf-7632-4a1e-9e61-41fbbb3c28cd"
          ],
          "failures": [],
          "pending": [],
          "skipped": [],
          "duration": 4,
          "root": false,
          "rootEmpty": false,
          "_timeout": 10000
        },
        {
          "uuid": "79c96ac3-d312-4833-ba14-424108471262",
          "title": "the function to update the status of the selected user account to \"Accepted\"",
          "fullFile": "C:\\Users\\Edward\\Documents\\powerzone-inventory\\test\\account-controller-test.js",
          "file": "\\test\\account-controller-test.js",
          "beforeHooks": [],
          "afterHooks": [],
          "tests": [
            {
              "title": "should update the status of the account only once",
              "fullTitle": "the function to update the status of the selected user account to \"Accepted\" should update the status of the account only once",
              "timedOut": false,
              "duration": 3,
              "state": "passed",
              "speed": "fast",
              "pass": true,
              "fail": false,
              "pending": false,
              "context": null,
              "code": "const convertToObjectId = sinon.stub(db, 'convertToObjectId');\nconvertToObjectId.returns('123');\nconst req = {\n\tbody: {\n\t\taccountId: '123'\n\t}\n};\nconst res = {\n\tstatus: sinon.stub().returnsThis(),\n\tjson: sinon.stub(),\n\tsend: sinon.stub()\n};\nsinon.stub(db, 'updateOne').yields({});\naccountController.postEditStatusAccept(req, res);\nassert.isTrue(db.updateOne.calledOnce);\ndb.convertToObjectId.restore();\ndb.updateOne.restore();",
              "err": {},
              "uuid": "438fc3b2-e7c2-446b-bb19-8477cce2ef7a",
              "parentUUID": "79c96ac3-d312-4833-ba14-424108471262",
              "isHook": false,
              "skipped": false
            },
            {
              "title": "should update the status of the account to \"Accepted\"",
              "fullTitle": "the function to update the status of the selected user account to \"Accepted\" should update the status of the account to \"Accepted\"",
              "timedOut": false,
              "duration": 3,
              "state": "passed",
              "speed": "fast",
              "pass": true,
              "fail": false,
              "pending": false,
              "context": null,
              "code": "const convertToObjectId = sinon.stub(db, 'convertToObjectId');\nconvertToObjectId.returns('123');\nconst req = {\n\tbody: {\n\t\taccountId: '123'\n\t}\n};\nconst res = {\n\tstatus: sinon.stub().returnsThis(),\n\tjson: sinon.stub(),\n\tsend: sinon.stub()\n};\nconst filter = {\n\t_id: convertToObjectId('123')\n};\nsinon.stub(db, 'updateOne').yields({});\naccountController.postEditStatusAccept(req, res);\nassert.equal(db.updateOne.firstCall.args[0], Account);\nexpect(db.updateOne.firstCall.args[1]).to.deep.equalInAnyOrder(filter);\nexpect(db.updateOne.firstCall.args[2]).to.deep.equalInAnyOrder({status: 'Accepted'});\ndb.convertToObjectId.restore();\ndb.updateOne.restore();",
              "err": {},
              "uuid": "c48b0bb8-57db-40ef-9b8e-0a8d94840c5e",
              "parentUUID": "79c96ac3-d312-4833-ba14-424108471262",
              "isHook": false,
              "skipped": false
            }
          ],
          "suites": [],
          "passes": [
            "438fc3b2-e7c2-446b-bb19-8477cce2ef7a",
            "c48b0bb8-57db-40ef-9b8e-0a8d94840c5e"
          ],
          "failures": [],
          "pending": [],
          "skipped": [],
          "duration": 6,
          "root": false,
          "rootEmpty": false,
          "_timeout": 10000
        },
        {
          "uuid": "b9c4d8de-d081-4f8a-89af-f2884a343c87",
          "title": "the function to update the role of the selected user account",
          "fullFile": "C:\\Users\\Edward\\Documents\\powerzone-inventory\\test\\account-controller-test.js",
          "file": "\\test\\account-controller-test.js",
          "beforeHooks": [],
          "afterHooks": [],
          "tests": [
            {
              "title": "should update the role of the account only once",
              "fullTitle": "the function to update the role of the selected user account should update the role of the account only once",
              "timedOut": false,
              "duration": 2,
              "state": "passed",
              "speed": "fast",
              "pass": true,
              "fail": false,
              "pending": false,
              "context": null,
              "code": "const convertToObjectId = sinon.stub(db, 'convertToObjectId');\nconvertToObjectId.returns('123');\nconst req = {\n\tbody: {\n\t\taccountId: '123',\n\t\teditAccountRole: 'inventory-manager'\n\t}\n};\nconst res = {\n\tstatus: sinon.stub().returnsThis(),\n\tjson: sinon.stub(),\n\tsend: sinon.stub()\n};\nconst filter = {\n\t_id: convertToObjectId('123')\n};\nsinon.stub(db, 'updateOne').yields({});\naccountController.postEditRole(req, res);\nassert.isTrue(db.updateOne.calledOnce);\nassert.equal(db.updateOne.firstCall.args[0], Account);\nexpect(db.updateOne.firstCall.args[1]).to.deep.equalInAnyOrder(filter);\nexpect(db.updateOne.firstCall.args[2]).to.deep.equalInAnyOrder({role: req.body.editAccountRole});\ndb.convertToObjectId.restore();\ndb.updateOne.restore();",
              "err": {},
              "uuid": "3301d619-a236-418f-98bb-8a2a5b440ba7",
              "parentUUID": "b9c4d8de-d081-4f8a-89af-f2884a343c87",
              "isHook": false,
              "skipped": false
            }
          ],
          "suites": [],
          "passes": [
            "3301d619-a236-418f-98bb-8a2a5b440ba7"
          ],
          "failures": [],
          "pending": [],
          "skipped": [],
          "duration": 2,
          "root": false,
          "rootEmpty": false,
          "_timeout": 10000
        },
        {
          "uuid": "f020ae83-5904-4c2f-beb2-40a9c3329ec2",
          "title": "the function to delete the selected user account",
          "fullFile": "C:\\Users\\Edward\\Documents\\powerzone-inventory\\test\\account-controller-test.js",
          "file": "\\test\\account-controller-test.js",
          "beforeHooks": [],
          "afterHooks": [],
          "tests": [
            {
              "title": "should delete the account only once",
              "fullTitle": "the function to delete the selected user account should delete the account only once",
              "timedOut": false,
              "duration": 2,
              "state": "passed",
              "speed": "fast",
              "pass": true,
              "fail": false,
              "pending": false,
              "context": null,
              "code": "const convertToObjectId = sinon.stub(db, 'convertToObjectId');\nconvertToObjectId.returns('123');\nconst req = {\n\tbody: {\n\t\taccountId: '123'\n\t}\n};\nconst res = {\n\tstatus: sinon.stub().returnsThis(),\n\tjson: sinon.stub(),\n\tsend: sinon.stub()\n};\nsinon.stub(db, 'deleteOne').yields({});\naccountController.postDeleteAccount(req, res);\nassert.isTrue(db.deleteOne.calledOnce);\ndb.convertToObjectId.restore();\ndb.deleteOne.restore();",
              "err": {},
              "uuid": "0bf995e4-f53d-4515-bbfb-33dac241d346",
              "parentUUID": "f020ae83-5904-4c2f-beb2-40a9c3329ec2",
              "isHook": false,
              "skipped": false
            },
            {
              "title": "should delete the account with the correct arguments",
              "fullTitle": "the function to delete the selected user account should delete the account with the correct arguments",
              "timedOut": false,
              "duration": 2,
              "state": "passed",
              "speed": "fast",
              "pass": true,
              "fail": false,
              "pending": false,
              "context": null,
              "code": "const convertToObjectId = sinon.stub(db, 'convertToObjectId');\nconvertToObjectId.returns('123');\nconst req = {\n\tbody: {\n\t\taccountId: '123'\n\t}\n};\nconst res = {\n\tstatus: sinon.stub().returnsThis(),\n\tjson: sinon.stub(),\n\tsend: sinon.stub()\n};\nconst filter = {\n\t_id: convertToObjectId('123')\n};\nsinon.stub(db, 'deleteOne').yields({});\naccountController.postDeleteAccount(req, res);\nassert.equal(db.deleteOne.firstCall.args[0], Account);\nexpect(db.deleteOne.firstCall.args[1]).to.deep.equalInAnyOrder(filter);\ndb.convertToObjectId.restore();\ndb.deleteOne.restore();",
              "err": {},
              "uuid": "bcf3c917-5723-46b7-94a6-a5208e4b90ea",
              "parentUUID": "f020ae83-5904-4c2f-beb2-40a9c3329ec2",
              "isHook": false,
              "skipped": false
            }
          ],
          "suites": [],
          "passes": [
            "0bf995e4-f53d-4515-bbfb-33dac241d346",
            "bcf3c917-5723-46b7-94a6-a5208e4b90ea"
          ],
          "failures": [],
          "pending": [],
          "skipped": [],
          "duration": 4,
          "root": false,
          "rootEmpty": false,
          "_timeout": 10000
        },
        {
          "uuid": "5cd4c9da-e93e-4c97-9398-35f8afdf9d74",
          "title": "the function to edit the account details",
          "fullFile": "C:\\Users\\Edward\\Documents\\powerzone-inventory\\test\\account-controller-test.js",
          "file": "\\test\\account-controller-test.js",
          "beforeHooks": [
            {
              "title": "\"before each\" hook in \"the function to edit the account details\"",
              "fullTitle": "the function to edit the account details \"before each\" hook in \"the function to edit the account details\"",
              "timedOut": false,
              "duration": 0,
              "state": null,
              "speed": null,
              "pass": false,
              "fail": false,
              "pending": false,
              "context": null,
              "code": "res = {\n\tstatus: sinon.stub().returnsThis(),\n\tjson: sinon.stub(),\n\tsend: sinon.stub()\n};",
              "err": {},
              "uuid": "fd4ede51-cf73-4751-a87c-40247b621f30",
              "parentUUID": "5cd4c9da-e93e-4c97-9398-35f8afdf9d74",
              "isHook": true,
              "skipped": false
            }
          ],
          "afterHooks": [
            {
              "title": "\"after each\" hook in \"the function to edit the account details\"",
              "fullTitle": "the function to edit the account details \"after each\" hook in \"the function to edit the account details\"",
              "timedOut": false,
              "duration": 0,
              "state": null,
              "speed": null,
              "pass": false,
              "fail": false,
              "pending": false,
              "context": null,
              "code": "bcrypt.hash.restore();",
              "err": {},
              "uuid": "713ff727-14f3-4c7e-b88d-70e00a1ea9bf",
              "parentUUID": "5cd4c9da-e93e-4c97-9398-35f8afdf9d74",
              "isHook": true,
              "skipped": false
            }
          ],
          "tests": [
            {
              "title": "should hash the password only once",
              "fullTitle": "the function to edit the account details should hash the password only once",
              "timedOut": false,
              "duration": 5,
              "state": "passed",
              "speed": "fast",
              "pass": true,
              "fail": false,
              "pending": false,
              "context": null,
              "code": "req = {\n\tbody: {\n\t\teditAccountEmail: 'hello@gmail.com',\n\t\teditAccountFName: 'hello',\n\t\teditAccountLName: 'hello',\n\t\teditAccountUsername: 'hello',\n\t\teditAccountNewPassword: 'hello',\n\t\teditAccountConfirmPassword: 'hello'\n\t},\n\tsession: {\n\t\tusername: 'hello'\n\t}\n};\nhash = 'fasdfasdfa';\nsinon.stub(bcrypt, 'hash').yields(null, hash);\naccountController.postEditAccount(req, res);\nassert.isTrue(bcrypt.hash.calledOnce);\nassert.equal(bcrypt.hash.firstCall.args[0], req.body.editAccountNewPassword);",
              "err": {},
              "uuid": "84c1f05a-ef7a-408e-bbc8-5d5c5468885d",
              "parentUUID": "5cd4c9da-e93e-4c97-9398-35f8afdf9d74",
              "isHook": false,
              "skipped": false
            },
            {
              "title": "should hash the correct password",
              "fullTitle": "the function to edit the account details should hash the correct password",
              "timedOut": false,
              "duration": 2,
              "state": "passed",
              "speed": "fast",
              "pass": true,
              "fail": false,
              "pending": false,
              "context": null,
              "code": "req = {\n\tbody: {\n\t\teditAccountEmail: 'hello@gmail.com',\n\t\teditAccountFName: 'hello',\n\t\teditAccountLName: 'hello',\n\t\teditAccountUsername: 'hello',\n\t\teditAccountNewPassword: 'hello',\n\t\teditAccountConfirmPassword: 'hello'\n\t},\n\tsession: {\n\t\tusername: 'hello'\n\t}\n};\nhash = 'fasdfasdfa';\nsinon.stub(bcrypt, 'hash').yields(null, hash);\naccountController.postEditAccount(req, res);\nassert.equal(bcrypt.hash.firstCall.args[0], req.body.editAccountNewPassword);",
              "err": {},
              "uuid": "a4360b17-7ce1-4806-b2ab-8371326a65cd",
              "parentUUID": "5cd4c9da-e93e-4c97-9398-35f8afdf9d74",
              "isHook": false,
              "skipped": false
            },
            {
              "title": "should hash the password for the specified number of rounds",
              "fullTitle": "the function to edit the account details should hash the password for the specified number of rounds",
              "timedOut": false,
              "duration": 1,
              "state": "passed",
              "speed": "fast",
              "pass": true,
              "fail": false,
              "pending": false,
              "context": null,
              "code": "req = {\n\tbody: {\n\t\teditAccountEmail: 'hello@gmail.com',\n\t\teditAccountFName: 'hello',\n\t\teditAccountLName: 'hello',\n\t\teditAccountUsername: 'hello',\n\t\teditAccountNewPassword: 'hello',\n\t\teditAccountConfirmPassword: 'hello'\n\t},\n\tsession: {\n\t\tusername: 'hello'\n\t}\n};\nhash = 'fasdfasdfa';\nsinon.stub(bcrypt, 'hash').yields(null, hash);\naccountController.postEditAccount(req, res);\nassert.equal(bcrypt.hash.firstCall.args[1], saltRounds);",
              "err": {},
              "uuid": "96ca548b-92ca-4907-a919-ae16427f0ded",
              "parentUUID": "5cd4c9da-e93e-4c97-9398-35f8afdf9d74",
              "isHook": false,
              "skipped": false
            },
            {
              "title": "should not hash the password if the passwords do not match",
              "fullTitle": "the function to edit the account details should not hash the password if the passwords do not match",
              "timedOut": false,
              "duration": 1,
              "state": "passed",
              "speed": "fast",
              "pass": true,
              "fail": false,
              "pending": false,
              "context": null,
              "code": "req = {\n\tbody: {\n\t\teditAccountEmail: 'hello@gmail.com',\n\t\teditAccountFName: 'hello',\n\t\teditAccountLName: 'hello',\n\t\teditAccountUsername: 'hello',\n\t\teditAccountNewPassword: 'hello',\n\t\teditAccountConfirmPassword: 'hi'\n\t},\n\tsession: {\n\t\tusername: 'hello'\n\t}\n};\nhash = 'fasdfasdfa';\nsinon.stub(bcrypt, 'hash').yields(null, hash);\naccountController.postEditAccount(req, res);\nassert.isTrue(bcrypt.hash.notCalled);",
              "err": {},
              "uuid": "de5b854e-324f-4280-a26f-07c7543ab30f",
              "parentUUID": "5cd4c9da-e93e-4c97-9398-35f8afdf9d74",
              "isHook": false,
              "skipped": false
            }
          ],
          "suites": [],
          "passes": [
            "84c1f05a-ef7a-408e-bbc8-5d5c5468885d",
            "a4360b17-7ce1-4806-b2ab-8371326a65cd",
            "96ca548b-92ca-4907-a919-ae16427f0ded",
            "de5b854e-324f-4280-a26f-07c7543ab30f"
          ],
          "failures": [],
          "pending": [],
          "skipped": [],
          "duration": 9,
          "root": false,
          "rootEmpty": false,
          "_timeout": 10000
        },
        {
          "uuid": "fe4d50ba-e94c-4fa1-bf2b-220a634cae34",
          "title": "the function to get the successful edit page",
          "fullFile": "C:\\Users\\Edward\\Documents\\powerzone-inventory\\test\\account-controller-test.js",
          "file": "\\test\\account-controller-test.js",
          "beforeHooks": [],
          "afterHooks": [],
          "tests": [
            {
              "title": "should render the page only once",
              "fullTitle": "the function to get the successful edit page should render the page only once",
              "timedOut": false,
              "duration": 1,
              "state": "passed",
              "speed": "fast",
              "pass": true,
              "fail": false,
              "pending": false,
              "context": null,
              "code": "const req = sinon.spy();\nconst res = {\n\trender: sinon.spy()\n};\naccountController.getSuccessfulEdit(req, res);\nassert.isTrue(res.render.calledOnce);",
              "err": {},
              "uuid": "8632758c-251a-4eb6-8a86-9f0ceeab430c",
              "parentUUID": "fe4d50ba-e94c-4fa1-bf2b-220a634cae34",
              "isHook": false,
              "skipped": false
            },
            {
              "title": "should render the successful edit page",
              "fullTitle": "the function to get the successful edit page should render the successful edit page",
              "timedOut": false,
              "duration": 1,
              "state": "passed",
              "speed": "fast",
              "pass": true,
              "fail": false,
              "pending": false,
              "context": null,
              "code": "const req = sinon.spy();\nconst res = {\n\trender: sinon.spy()\n};\naccountController.getSuccessfulEdit(req, res);\nassert.equal(res.render.firstCall.args[0], 'successful-edit');",
              "err": {},
              "uuid": "7139c0d6-23ba-4d44-b1e6-cf8f4b477067",
              "parentUUID": "fe4d50ba-e94c-4fa1-bf2b-220a634cae34",
              "isHook": false,
              "skipped": false
            }
          ],
          "suites": [],
          "passes": [
            "8632758c-251a-4eb6-8a86-9f0ceeab430c",
            "7139c0d6-23ba-4d44-b1e6-cf8f4b477067"
          ],
          "failures": [],
          "pending": [],
          "skipped": [],
          "duration": 2,
          "root": false,
          "rootEmpty": false,
          "_timeout": 10000
        },
        {
          "uuid": "586330ce-4d37-45f7-ad9b-0bb56b42b0fb",
          "title": "the function to get the edit account page",
          "fullFile": "C:\\Users\\Edward\\Documents\\powerzone-inventory\\test\\account-controller-test.js",
          "file": "\\test\\account-controller-test.js",
          "beforeHooks": [],
          "afterHooks": [],
          "tests": [
            {
              "title": "should render the page only once",
              "fullTitle": "the function to get the edit account page should render the page only once",
              "timedOut": false,
              "duration": 1,
              "state": "passed",
              "speed": "fast",
              "pass": true,
              "fail": false,
              "pending": false,
              "context": null,
              "code": "const req = sinon.spy();\nconst res = {\n\trender: sinon.spy()\n};\naccountController.getEditAccount(req, res);\nassert.isTrue(res.render.calledOnce);",
              "err": {},
              "uuid": "232a580e-d553-4289-adcb-825a98fb7e88",
              "parentUUID": "586330ce-4d37-45f7-ad9b-0bb56b42b0fb",
              "isHook": false,
              "skipped": false
            },
            {
              "title": "should render the successful edit page",
              "fullTitle": "the function to get the edit account page should render the successful edit page",
              "timedOut": false,
              "duration": 1,
              "state": "passed",
              "speed": "fast",
              "pass": true,
              "fail": false,
              "pending": false,
              "context": null,
              "code": "const req = sinon.spy();\nconst res = {\n\trender: sinon.spy()\n};\naccountController.getEditAccount(req, res);\nassert.equal(res.render.firstCall.args[0], 'edit-account');",
              "err": {},
              "uuid": "93549885-10f9-4f83-a178-3ad71cd05bd2",
              "parentUUID": "586330ce-4d37-45f7-ad9b-0bb56b42b0fb",
              "isHook": false,
              "skipped": false
            }
          ],
          "suites": [],
          "passes": [
            "232a580e-d553-4289-adcb-825a98fb7e88",
            "93549885-10f9-4f83-a178-3ad71cd05bd2"
          ],
          "failures": [],
          "pending": [],
          "skipped": [],
          "duration": 2,
          "root": false,
          "rootEmpty": false,
          "_timeout": 10000
        },
        {
          "uuid": "1d126a18-a574-4393-b779-e12e2c0f6425",
          "title": "the utility function for retrieving the details of all non-administrator accounts",
          "fullFile": "C:\\Users\\Edward\\Documents\\powerzone-inventory\\test\\account-controller-util-test.js",
          "file": "\\test\\account-controller-util-test.js",
          "beforeHooks": [],
          "afterHooks": [],
          "tests": [
            {
              "title": "should return all the retrieved accounts",
              "fullTitle": "the utility function for retrieving the details of all non-administrator accounts should return all the retrieved accounts",
              "timedOut": false,
              "duration": 2,
              "state": "passed",
              "speed": "fast",
              "pass": true,
              "fail": false,
              "pending": false,
              "context": null,
              "code": "const dbResult = [\n\t{\n\t\t_id: '01234',\n\t\tfirstName: 'mark',\n\t\tlastName: 'sy',\n\t\tusername: 'cheems',\n\t\trole: 'inventory-manager',\n\t\tstatus: 'pending'\n\t},\n\t{\n\t\t_id: '01235',\n\t\tfirstName: 'bark',\n\t\tlastName: 'see',\n\t\tusername: 'doge',\n\t\trole: 'transaction-cashier',\n\t\tstatus: 'rejected'\n\t}\n];\nconst result = accountControllerUtil.accountUtil(dbResult);\nexpect(result).to.deep.equalInAnyOrder({accountDetails: dbResult});",
              "err": {},
              "uuid": "6c039995-96aa-4060-becf-9099f05833d8",
              "parentUUID": "1d126a18-a574-4393-b779-e12e2c0f6425",
              "isHook": false,
              "skipped": false
            },
            {
              "title": "should exclude the administrator account from the retrieved accounts",
              "fullTitle": "the utility function for retrieving the details of all non-administrator accounts should exclude the administrator account from the retrieved accounts",
              "timedOut": false,
              "duration": 0,
              "state": "passed",
              "speed": "fast",
              "pass": true,
              "fail": false,
              "pending": false,
              "context": null,
              "code": "const dbResult = [\n\t{\n\t\t_id: '01234',\n\t\tfirstName: 'mark',\n\t\tlastName: 'sy',\n\t\tusername: 'cheems',\n\t\trole: 'inventory-manager',\n\t\tstatus: 'pending'\n\t},\n\t{\n\t\t_id: '01235',\n\t\tfirstName: 'bark',\n\t\tlastName: 'see',\n\t\tusername: 'doge',\n\t\trole: 'transaction-cashier',\n\t\tstatus: 'rejected'\n\t},\n\t{\n\t\t_id: '01236',\n\t\tfirstName: 'bork',\n\t\tlastName: 'chua',\n\t\tusername: 'zoie',\n\t\trole: 'administrator',\n\t\tstatus: 'rejected'\n\t}\n];\nconst expectedResult = [\n\t{\n\t\t_id: '01234',\n\t\tfirstName: 'mark',\n\t\tlastName: 'sy',\n\t\tusername: 'cheems',\n\t\trole: 'inventory-manager',\n\t\tstatus: 'pending'\n\t},\n\t{\n\t\t_id: '01235',\n\t\tfirstName: 'bark',\n\t\tlastName: 'see',\n\t\tusername: 'doge',\n\t\trole: 'transaction-cashier',\n\t\tstatus: 'rejected'\n\t}\n];\nconst result = accountControllerUtil.accountUtil(dbResult);\nexpect(result).to.deep.equalInAnyOrder({accountDetails: expectedResult});",
              "err": {},
              "uuid": "ca52e430-7970-49bf-8a82-930731e1bc40",
              "parentUUID": "1d126a18-a574-4393-b779-e12e2c0f6425",
              "isHook": false,
              "skipped": false
            }
          ],
          "suites": [],
          "passes": [
            "6c039995-96aa-4060-becf-9099f05833d8",
            "ca52e430-7970-49bf-8a82-930731e1bc40"
          ],
          "failures": [],
          "pending": [],
          "skipped": [],
          "duration": 2,
          "root": false,
          "rootEmpty": false,
          "_timeout": 10000
        },
        {
          "uuid": "d2a8732d-aedd-467c-b160-91e759927385",
          "title": "the function to convert a role to its equivalent value in the database",
          "fullFile": "C:\\Users\\Edward\\Documents\\powerzone-inventory\\test\\account-util-test.js",
          "file": "\\test\\account-util-test.js",
          "beforeHooks": [],
          "afterHooks": [],
          "tests": [
            {
              "title": "should return a string",
              "fullTitle": "the function to convert a role to its equivalent value in the database should return a string",
              "timedOut": false,
              "duration": 1,
              "state": "passed",
              "speed": "fast",
              "pass": true,
              "fail": false,
              "pending": false,
              "context": null,
              "code": "const result = getRoleValue('Inventory Manager');\nassert.isString(result);",
              "err": {},
              "uuid": "3fe457d6-af1a-44a3-b070-c6f5d68ad459",
              "parentUUID": "d2a8732d-aedd-467c-b160-91e759927385",
              "isHook": false,
              "skipped": false
            },
            {
              "title": "should return inventory-manager if the role is Inventory Manager",
              "fullTitle": "the function to convert a role to its equivalent value in the database should return inventory-manager if the role is Inventory Manager",
              "timedOut": false,
              "duration": 0,
              "state": "passed",
              "speed": "fast",
              "pass": true,
              "fail": false,
              "pending": false,
              "context": null,
              "code": "const result = getRoleValue('Inventory Manager');\nassert.equal(result, 'inventory-manager');",
              "err": {},
              "uuid": "9e696e93-cc34-459a-a35f-8b804f06cf33",
              "parentUUID": "d2a8732d-aedd-467c-b160-91e759927385",
              "isHook": false,
              "skipped": false
            },
            {
              "title": "should return transaction-cashier if the role is Transaction Cashier",
              "fullTitle": "the function to convert a role to its equivalent value in the database should return transaction-cashier if the role is Transaction Cashier",
              "timedOut": false,
              "duration": 0,
              "state": "passed",
              "speed": "fast",
              "pass": true,
              "fail": false,
              "pending": false,
              "context": null,
              "code": "const result = getRoleValue('Transaction Cashier');\nassert.equal(result, 'transaction-cashier');",
              "err": {},
              "uuid": "f8452547-8284-4840-a59f-99bf0e67fc56",
              "parentUUID": "d2a8732d-aedd-467c-b160-91e759927385",
              "isHook": false,
              "skipped": false
            },
            {
              "title": "should return delivery-manager if the role is Delivery Manager",
              "fullTitle": "the function to convert a role to its equivalent value in the database should return delivery-manager if the role is Delivery Manager",
              "timedOut": false,
              "duration": 0,
              "state": "passed",
              "speed": "fast",
              "pass": true,
              "fail": false,
              "pending": false,
              "context": null,
              "code": "const result = getRoleValue('Delivery Manager');\nassert.equal(result, 'delivery-manager');",
              "err": {},
              "uuid": "10c0e1bc-1480-4b4d-95d6-2b813582c8ec",
              "parentUUID": "d2a8732d-aedd-467c-b160-91e759927385",
              "isHook": false,
              "skipped": false
            }
          ],
          "suites": [],
          "passes": [
            "3fe457d6-af1a-44a3-b070-c6f5d68ad459",
            "9e696e93-cc34-459a-a35f-8b804f06cf33",
            "f8452547-8284-4840-a59f-99bf0e67fc56",
            "10c0e1bc-1480-4b4d-95d6-2b813582c8ec"
          ],
          "failures": [],
          "pending": [],
          "skipped": [],
          "duration": 1,
          "root": false,
          "rootEmpty": false,
          "_timeout": 10000
        },
        {
          "uuid": "8d6244ce-183d-4495-aad1-61ed7937e02e",
          "title": "the function to return the database values of the fuel types recognized by the system",
          "fullFile": "C:\\Users\\Edward\\Documents\\powerzone-inventory\\test\\constant-util-test.js",
          "file": "\\test\\constant-util-test.js",
          "beforeHooks": [],
          "afterHooks": [],
          "tests": [
            {
              "title": "should return an array",
              "fullTitle": "the function to return the database values of the fuel types recognized by the system should return an array",
              "timedOut": false,
              "duration": 1,
              "state": "passed",
              "speed": "fast",
              "pass": true,
              "fail": false,
              "pending": false,
              "context": null,
              "code": "const result = getFuelTypes();\nassert.isArray(result);",
              "err": {},
              "uuid": "9ccfdae1-6c87-4886-a617-c47da946c9ee",
              "parentUUID": "8d6244ce-183d-4495-aad1-61ed7937e02e",
              "isHook": false,
              "skipped": false
            },
            {
              "title": "should return the correct fuel types",
              "fullTitle": "the function to return the database values of the fuel types recognized by the system should return the correct fuel types",
              "timedOut": false,
              "duration": 1,
              "state": "passed",
              "speed": "fast",
              "pass": true,
              "fail": false,
              "pending": false,
              "context": null,
              "code": "const result = getFuelTypes();\nassert.deepEqual(result, ['gasoline', 'premium-gasoline-95', 'diesel', 'premium-gasoline-97', 'kerosene']);",
              "err": {},
              "uuid": "a71d8302-72ff-4320-87c6-dccafa4a834d",
              "parentUUID": "8d6244ce-183d-4495-aad1-61ed7937e02e",
              "isHook": false,
              "skipped": false
            }
          ],
          "suites": [],
          "passes": [
            "9ccfdae1-6c87-4886-a617-c47da946c9ee",
            "a71d8302-72ff-4320-87c6-dccafa4a834d"
          ],
          "failures": [],
          "pending": [],
          "skipped": [],
          "duration": 2,
          "root": false,
          "rootEmpty": false,
          "_timeout": 10000
        },
        {
          "uuid": "f28117dd-972a-48e1-a029-3267072cc125",
          "title": "the function to return the names of the fuel types recognized by the system",
          "fullFile": "C:\\Users\\Edward\\Documents\\powerzone-inventory\\test\\constant-util-test.js",
          "file": "\\test\\constant-util-test.js",
          "beforeHooks": [],
          "afterHooks": [],
          "tests": [
            {
              "title": "should return an array",
              "fullTitle": "the function to return the names of the fuel types recognized by the system should return an array",
              "timedOut": false,
              "duration": 0,
              "state": "passed",
              "speed": "fast",
              "pass": true,
              "fail": false,
              "pending": false,
              "context": null,
              "code": "const result = getFuelTypeNames();\nassert.isArray(result);",
              "err": {},
              "uuid": "365bd6e9-150c-426b-ba48-830ae40ef12d",
              "parentUUID": "f28117dd-972a-48e1-a029-3267072cc125",
              "isHook": false,
              "skipped": false
            },
            {
              "title": "should return the correct names of the fuel types",
              "fullTitle": "the function to return the names of the fuel types recognized by the system should return the correct names of the fuel types",
              "timedOut": false,
              "duration": 0,
              "state": "passed",
              "speed": "fast",
              "pass": true,
              "fail": false,
              "pending": false,
              "context": null,
              "code": "const result = getFuelTypeNames();\nassert.deepEqual(result, ['Gasoline', 'Premium Gasoline 95', 'Diesel', 'Premium Gasoline 97', 'Kerosene']);",
              "err": {},
              "uuid": "5f6e30c7-f748-4e8c-aee3-d4e0466e3498",
              "parentUUID": "f28117dd-972a-48e1-a029-3267072cc125",
              "isHook": false,
              "skipped": false
            }
          ],
          "suites": [],
          "passes": [
            "365bd6e9-150c-426b-ba48-830ae40ef12d",
            "5f6e30c7-f748-4e8c-aee3-d4e0466e3498"
          ],
          "failures": [],
          "pending": [],
          "skipped": [],
          "duration": 0,
          "root": false,
          "rootEmpty": false,
          "_timeout": 10000
        },
        {
          "uuid": "28e08c71-88a7-4eb7-af80-bac91e85044a",
          "title": "the function to return the discount rates for bulk orders",
          "fullFile": "C:\\Users\\Edward\\Documents\\powerzone-inventory\\test\\constant-util-test.js",
          "file": "\\test\\constant-util-test.js",
          "beforeHooks": [],
          "afterHooks": [],
          "tests": [
            {
              "title": "should return an array",
              "fullTitle": "the function to return the discount rates for bulk orders should return an array",
              "timedOut": false,
              "duration": 0,
              "state": "passed",
              "speed": "fast",
              "pass": true,
              "fail": false,
              "pending": false,
              "context": null,
              "code": "const result = getDiscountPercents();\nassert.isArray(result);",
              "err": {},
              "uuid": "2960f6e1-35d6-45fd-aa70-e109ca6af814",
              "parentUUID": "28e08c71-88a7-4eb7-af80-bac91e85044a",
              "isHook": false,
              "skipped": false
            },
            {
              "title": "should have 2% as the first discount rate",
              "fullTitle": "the function to return the discount rates for bulk orders should have 2% as the first discount rate",
              "timedOut": false,
              "duration": 0,
              "state": "passed",
              "speed": "fast",
              "pass": true,
              "fail": false,
              "pending": false,
              "context": null,
              "code": "const result = getDiscountPercents();\nassert.equal(result[0], 0.02);",
              "err": {},
              "uuid": "da0f0366-59ad-4d67-b43e-d627c8ad175d",
              "parentUUID": "28e08c71-88a7-4eb7-af80-bac91e85044a",
              "isHook": false,
              "skipped": false
            },
            {
              "title": "should have 5% as the second discount rate",
              "fullTitle": "the function to return the discount rates for bulk orders should have 5% as the second discount rate",
              "timedOut": false,
              "duration": 0,
              "state": "passed",
              "speed": "fast",
              "pass": true,
              "fail": false,
              "pending": false,
              "context": null,
              "code": "const result = getDiscountPercents();\nassert.equal(result[1], 0.05);",
              "err": {},
              "uuid": "bb2eb050-0f35-4097-a5c4-4633ffff863b",
              "parentUUID": "28e08c71-88a7-4eb7-af80-bac91e85044a",
              "isHook": false,
              "skipped": false
            }
          ],
          "suites": [],
          "passes": [
            "2960f6e1-35d6-45fd-aa70-e109ca6af814",
            "da0f0366-59ad-4d67-b43e-d627c8ad175d",
            "bb2eb050-0f35-4097-a5c4-4633ffff863b"
          ],
          "failures": [],
          "pending": [],
          "skipped": [],
          "duration": 0,
          "root": false,
          "rootEmpty": false,
          "_timeout": 10000
        },
        {
          "uuid": "970e5a21-87ee-4f98-933a-9cb0bb42f8a6",
          "title": "the function to return the cut-offs (in terms of liters of fuel ordered) for the discount scheme for bulk orders",
          "fullFile": "C:\\Users\\Edward\\Documents\\powerzone-inventory\\test\\constant-util-test.js",
          "file": "\\test\\constant-util-test.js",
          "beforeHooks": [],
          "afterHooks": [],
          "tests": [
            {
              "title": "should return an array",
              "fullTitle": "the function to return the cut-offs (in terms of liters of fuel ordered) for the discount scheme for bulk orders should return an array",
              "timedOut": false,
              "duration": 0,
              "state": "passed",
              "speed": "fast",
              "pass": true,
              "fail": false,
              "pending": false,
              "context": null,
              "code": "const result = getDiscountCutOffs();\nassert.isArray(result);",
              "err": {},
              "uuid": "86f23132-b857-45bc-adc1-e5fb229d984b",
              "parentUUID": "970e5a21-87ee-4f98-933a-9cb0bb42f8a6",
              "isHook": false,
              "skipped": false
            },
            {
              "title": "should have 50,000 L as the first cut-off for the bulk order discount scheme",
              "fullTitle": "the function to return the cut-offs (in terms of liters of fuel ordered) for the discount scheme for bulk orders should have 50,000 L as the first cut-off for the bulk order discount scheme",
              "timedOut": false,
              "duration": 1,
              "state": "passed",
              "speed": "fast",
              "pass": true,
              "fail": false,
              "pending": false,
              "context": null,
              "code": "const result = getDiscountCutOffs();\nassert.equal(result[0], 50000);",
              "err": {},
              "uuid": "fa053d38-f550-4187-8db9-463523b74ec5",
              "parentUUID": "970e5a21-87ee-4f98-933a-9cb0bb42f8a6",
              "isHook": false,
              "skipped": false
            },
            {
              "title": "should have 150,000 L as the second cut-off for the bulk order discount scheme",
              "fullTitle": "the function to return the cut-offs (in terms of liters of fuel ordered) for the discount scheme for bulk orders should have 150,000 L as the second cut-off for the bulk order discount scheme",
              "timedOut": false,
              "duration": 0,
              "state": "passed",
              "speed": "fast",
              "pass": true,
              "fail": false,
              "pending": false,
              "context": null,
              "code": "const result = getDiscountCutOffs();\nassert.equal(result[1], 150000);",
              "err": {},
              "uuid": "d9d453dd-14c8-4e5a-9b2c-380142fb5b7b",
              "parentUUID": "970e5a21-87ee-4f98-933a-9cb0bb42f8a6",
              "isHook": false,
              "skipped": false
            }
          ],
          "suites": [],
          "passes": [
            "86f23132-b857-45bc-adc1-e5fb229d984b",
            "fa053d38-f550-4187-8db9-463523b74ec5",
            "d9d453dd-14c8-4e5a-9b2c-380142fb5b7b"
          ],
          "failures": [],
          "pending": [],
          "skipped": [],
          "duration": 1,
          "root": false,
          "rootEmpty": false,
          "_timeout": 10000
        },
        {
          "uuid": "add90bcb-30f0-46c9-9568-7fe9a9e75dcf",
          "title": "the function to organizing the details across all the delivery items",
          "fullFile": "C:\\Users\\Edward\\Documents\\powerzone-inventory\\test\\delivery-controller-util-test.js",
          "file": "\\test\\delivery-controller-util-test.js",
          "beforeHooks": [],
          "afterHooks": [],
          "tests": [
            {
              "title": "should include the correct details of the delivery items without null date values but with single-digit date components",
              "fullTitle": "the function to organizing the details across all the delivery items should include the correct details of the delivery items without null date values but with single-digit date components",
              "timedOut": false,
              "duration": 3,
              "state": "passed",
              "speed": "fast",
              "pass": true,
              "fail": false,
              "pending": false,
              "context": null,
              "code": "const dbResult = [\n\t{\n\t\tid: '123',\n\t\tcustomer: 'kurisu',\n\t\tdropoff: 'nakahara',\n\t\tstatus: 'pending',\n\t\tdate: new Date('2021/2/2')\n\t},\n\t{\n\t\tid: '124',\n\t\tcustomer: 'misaki',\n\t\tdropoff: 'makise',\n\t\tstatus: 'cancelled',\n\t\tdate: new Date('2022/1/3')\n\t}\n];\nconst expectedResult = {\n\tcustomers: [\n\t\t'kurisu',\n\t\t'misaki'\n\t],\n\tdates: [\n\t\t'02/02/2021',\n\t\t'01/03/2022'\n\t],\n\tdropoffs: [\n\t\t'makise',\n\t\t'nakahara'\n\t],\n\tids: [\n\t\t'123',\n\t\t'124'\n\t],\n\tstatuses: [\n\t\t'cancelled',\n\t\t'pending'\n\t]\n};\nconst result = deliveryControllerUtil.deliveryUtil(dbResult);\nexpect(result).to.deep.equalInAnyOrder(expectedResult);",
              "err": {},
              "uuid": "4a265e23-683f-4ad4-8c28-f17a8eb62c34",
              "parentUUID": "add90bcb-30f0-46c9-9568-7fe9a9e75dcf",
              "isHook": false,
              "skipped": false
            },
            {
              "title": "should include the correct details of the delivery items without null date values and without single-digit date components",
              "fullTitle": "the function to organizing the details across all the delivery items should include the correct details of the delivery items without null date values and without single-digit date components",
              "timedOut": false,
              "duration": 4,
              "state": "passed",
              "speed": "fast",
              "pass": true,
              "fail": false,
              "pending": false,
              "context": null,
              "code": "const dbResult = [\n\t{\n\t\tid: '123',\n\t\tcustomer: 'kurisu',\n\t\tdropoff: 'nakahara',\n\t\tstatus: 'pending',\n\t\tdate: new Date('2021/10/22')\n\t},\n\t{\n\t\tid: '124',\n\t\tcustomer: 'misaki',\n\t\tdropoff: 'makise',\n\t\tstatus: 'cancelled',\n\t\tdate: new Date('2022/11/13')\n\t}\n];\nconst expectedResult = {\n\tcustomers: [\n\t\t'kurisu',\n\t\t'misaki'\n\t],\n\tdates: [\n\t\t'10/22/2021',\n\t\t'11/13/2022'\n\t],\n\tdropoffs: [\n\t\t'makise',\n\t\t'nakahara'\n\t],\n\tids: [\n\t\t'123',\n\t\t'124'\n\t],\n\tstatuses: [\n\t\t'cancelled',\n\t\t'pending'\n\t]\n};\nconst result = deliveryControllerUtil.deliveryUtil(dbResult);\nexpect(result).to.deep.equalInAnyOrder(expectedResult);",
              "err": {},
              "uuid": "abc3047e-8167-495f-9211-95f6ed6b5f7a",
              "parentUUID": "add90bcb-30f0-46c9-9568-7fe9a9e75dcf",
              "isHook": false,
              "skipped": false
            },
            {
              "title": "should include the correct details of the delivery items, including those with null date values",
              "fullTitle": "the function to organizing the details across all the delivery items should include the correct details of the delivery items, including those with null date values",
              "timedOut": false,
              "duration": 2,
              "state": "passed",
              "speed": "fast",
              "pass": true,
              "fail": false,
              "pending": false,
              "context": null,
              "code": "const dbResult = [\n\t{\n\t\tid: '123',\n\t\tcustomer: 'kurisu',\n\t\tdropoff: 'nakahara',\n\t\tstatus: 'pending',\n\t\tdate: null\n\t},\n\t{\n\t\tid: '124',\n\t\tcustomer: 'misaki',\n\t\tdropoff: 'makise',\n\t\tstatus: 'cancelled',\n\t\tdate: new Date('2022/1/12')\n\t}\n];\nconst expectedResult = {\n\tcustomers: [\n\t\t'kurisu',\n\t\t'misaki'\n\t],\n\tdates: [\n\t\tnull,\n\t\t'01/12/2022'\n\t],\n\tdropoffs: [\n\t\t'makise',\n\t\t'nakahara'\n\t],\n\tids: [\n\t\t'123',\n\t\t'124'\n\t],\n\tstatuses: [\n\t\t'cancelled',\n\t\t'pending'\n\t]\n};\nconst result = deliveryControllerUtil.deliveryUtil(dbResult);\nexpect(result).to.deep.equalInAnyOrder(expectedResult);",
              "err": {},
              "uuid": "5aaffc74-73c6-4545-a26f-abd09249a88f",
              "parentUUID": "add90bcb-30f0-46c9-9568-7fe9a9e75dcf",
              "isHook": false,
              "skipped": false
            }
          ],
          "suites": [],
          "passes": [
            "4a265e23-683f-4ad4-8c28-f17a8eb62c34",
            "abc3047e-8167-495f-9211-95f6ed6b5f7a",
            "5aaffc74-73c6-4545-a26f-abd09249a88f"
          ],
          "failures": [],
          "pending": [],
          "skipped": [],
          "duration": 9,
          "root": false,
          "rootEmpty": false,
          "_timeout": 10000
        },
        {
          "uuid": "925028a0-7482-4949-829b-2be39915648f",
          "title": "the function to format the database results for storing the fuel amounts per transaction order",
          "fullFile": "C:\\Users\\Edward\\Documents\\powerzone-inventory\\test\\delivery-controller-util-test.js",
          "file": "\\test\\delivery-controller-util-test.js",
          "beforeHooks": [],
          "afterHooks": [],
          "tests": [
            {
              "title": "should reflect the correct amount per fuel type",
              "fullTitle": "the function to format the database results for storing the fuel amounts per transaction order should reflect the correct amount per fuel type",
              "timedOut": false,
              "duration": 1,
              "state": "passed",
              "speed": "fast",
              "pass": true,
              "fail": false,
              "pending": false,
              "context": null,
              "code": "const dbResult = [\n\t{\n\t\tlitersGasoline: 123,\n\t\tlitersPremiumGasoline95: 456,\n\t\tlitersDiesel: 789,\n\t\tlitersPremiumGasoline97: 234,\n\t\tlitersKerosene: 567\n\t},\n\t{\n\t\tlitersGasoline: 23,\n\t\tlitersPremiumGasoline95: 45,\n\t\tlitersDiesel: 89,\n\t\tlitersPremiumGasoline97: 24,\n\t\tlitersKerosene: 57\n\t}\n];\nconst expectedResult = {\n\t'litersDiesel': [\n\t\t89,\n\t\t789\n\t],\n\t'litersGasoline': [\n\t\t23,\n\t\t123\n\t],\n\t'litersKerosene': [\n\t\t57,\n\t\t567\n\t],\n\t'litersPremiumGasoline95': [\n\t\t45,\n\t\t456\n\t],\n\t'litersPremiumGasoline97': [\n\t\t24,\n\t\t234\n\t]\n};\nconst result = deliveryControllerUtil.transactionOrdersUtil(dbResult);\nexpect(result).to.deep.equalInAnyOrder(expectedResult);",
              "err": {},
              "uuid": "a9734910-686a-4b2f-8740-4b88d8f4d853",
              "parentUUID": "925028a0-7482-4949-829b-2be39915648f",
              "isHook": false,
              "skipped": false
            }
          ],
          "suites": [],
          "passes": [
            "a9734910-686a-4b2f-8740-4b88d8f4d853"
          ],
          "failures": [],
          "pending": [],
          "skipped": [],
          "duration": 1,
          "root": false,
          "rootEmpty": false,
          "_timeout": 10000
        },
        {
          "uuid": "cb7b573d-fd81-40ac-bc0e-c4f8379de655",
          "title": "the function to format the database results for storing the fuel amounts per inventory entry",
          "fullFile": "C:\\Users\\Edward\\Documents\\powerzone-inventory\\test\\delivery-controller-util-test.js",
          "file": "\\test\\delivery-controller-util-test.js",
          "beforeHooks": [],
          "afterHooks": [],
          "tests": [
            {
              "title": "should compute the correct aggregated amount per fuel type",
              "fullTitle": "the function to format the database results for storing the fuel amounts per inventory entry should compute the correct aggregated amount per fuel type",
              "timedOut": false,
              "duration": 1,
              "state": "passed",
              "speed": "fast",
              "pass": true,
              "fail": false,
              "pending": false,
              "context": null,
              "code": "const dbResult = [\n\t{\n\t\ttype: 'gasoline',\n\t\tquantityPurchased: '65',\n\t\tquantityDepleted: '56'\n\t},\n\t{\n\t\ttype: 'premium-gasoline-95',\n\t\tquantityPurchased: '15',\n\t\tquantityDepleted: '3'\n\t},\n\t{\n\t\ttype: 'diesel',\n\t\tquantityPurchased: '635',\n\t\tquantityDepleted: '561'\n\t},\n\t{\n\t\ttype: 'premium-gasoline-97',\n\t\tquantityPurchased: '615',\n\t\tquantityDepleted: '156'\n\t},\n\t{\n\t\ttype: 'kerosene',\n\t\tquantityPurchased: '765',\n\t\tquantityDepleted: '0'\n\t}\n];\nconst expectedResult = {\n\ttotalDiesel: 74,\n\ttotalGasoline: 9,\n\ttotalKerosene: 765,\n\ttotalPremiumGasoline95: 12,\n\ttotalPremiumGasoline97: 459\n};\nconst result = deliveryControllerUtil.inventoryAmountsUtil(dbResult);\nexpect(result).to.deep.equalInAnyOrder(expectedResult);",
              "err": {},
              "uuid": "8f455a3f-c820-4430-bc2d-50b357fc8b2e",
              "parentUUID": "cb7b573d-fd81-40ac-bc0e-c4f8379de655",
              "isHook": false,
              "skipped": false
            }
          ],
          "suites": [],
          "passes": [
            "8f455a3f-c820-4430-bc2d-50b357fc8b2e"
          ],
          "failures": [],
          "pending": [],
          "skipped": [],
          "duration": 1,
          "root": false,
          "rootEmpty": false,
          "_timeout": 10000
        },
        {
          "uuid": "f450fa6a-3864-4cce-83d2-86c082ba722c",
          "title": "the function to convert a fuel to its equivalent value in the database",
          "fullFile": "C:\\Users\\Edward\\Documents\\powerzone-inventory\\test\\edit-stock-util-test.js",
          "file": "\\test\\edit-stock-util-test.js",
          "beforeHooks": [],
          "afterHooks": [],
          "tests": [
            {
              "title": "should return a string",
              "fullTitle": "the function to convert a fuel to its equivalent value in the database should return a string",
              "timedOut": false,
              "duration": 0,
              "state": "passed",
              "speed": "fast",
              "pass": true,
              "fail": false,
              "pending": false,
              "context": null,
              "code": "const result = getFuelValue('Gasoline');\nassert.isString(result);",
              "err": {},
              "uuid": "cbf0a72e-105e-47fa-908b-3efbd14cc012",
              "parentUUID": "f450fa6a-3864-4cce-83d2-86c082ba722c",
              "isHook": false,
              "skipped": false
            },
            {
              "title": "should return gasoline if the fuel is Gasoline",
              "fullTitle": "the function to convert a fuel to its equivalent value in the database should return gasoline if the fuel is Gasoline",
              "timedOut": false,
              "duration": 1,
              "state": "passed",
              "speed": "fast",
              "pass": true,
              "fail": false,
              "pending": false,
              "context": null,
              "code": "const result = getFuelValue('Gasoline');\nassert.equal(result, 'gasoline');",
              "err": {},
              "uuid": "0499f97a-8910-460f-9d5f-294aed4b787f",
              "parentUUID": "f450fa6a-3864-4cce-83d2-86c082ba722c",
              "isHook": false,
              "skipped": false
            },
            {
              "title": "should return premium-gasoline-95 if the fuel is Premium Gasoline 95",
              "fullTitle": "the function to convert a fuel to its equivalent value in the database should return premium-gasoline-95 if the fuel is Premium Gasoline 95",
              "timedOut": false,
              "duration": 1,
              "state": "passed",
              "speed": "fast",
              "pass": true,
              "fail": false,
              "pending": false,
              "context": null,
              "code": "const result = getFuelValue('Premium Gasoline 95');\nassert.equal(result, 'premium-gasoline-95');",
              "err": {},
              "uuid": "719ec49e-fd8e-4c20-8292-5997601fff07",
              "parentUUID": "f450fa6a-3864-4cce-83d2-86c082ba722c",
              "isHook": false,
              "skipped": false
            },
            {
              "title": "should return diesel if the fuel is Diesel",
              "fullTitle": "the function to convert a fuel to its equivalent value in the database should return diesel if the fuel is Diesel",
              "timedOut": false,
              "duration": 0,
              "state": "passed",
              "speed": "fast",
              "pass": true,
              "fail": false,
              "pending": false,
              "context": null,
              "code": "const result = getFuelValue('Diesel');\nassert.equal(result, 'diesel');",
              "err": {},
              "uuid": "a6c5b7b6-d356-4e73-af11-31c3adf364c0",
              "parentUUID": "f450fa6a-3864-4cce-83d2-86c082ba722c",
              "isHook": false,
              "skipped": false
            },
            {
              "title": "should return premium-gasoline-97 if the fuel is Premium Gasoline 97",
              "fullTitle": "the function to convert a fuel to its equivalent value in the database should return premium-gasoline-97 if the fuel is Premium Gasoline 97",
              "timedOut": false,
              "duration": 0,
              "state": "passed",
              "speed": "fast",
              "pass": true,
              "fail": false,
              "pending": false,
              "context": null,
              "code": "const result = getFuelValue('Premium Gasoline 97');\nassert.equal(result, 'premium-gasoline-97');",
              "err": {},
              "uuid": "b0935f01-8fb8-42cf-ab1d-d45de50b2692",
              "parentUUID": "f450fa6a-3864-4cce-83d2-86c082ba722c",
              "isHook": false,
              "skipped": false
            },
            {
              "title": "should return kerosene if the fuel is Kerosene",
              "fullTitle": "the function to convert a fuel to its equivalent value in the database should return kerosene if the fuel is Kerosene",
              "timedOut": false,
              "duration": 0,
              "state": "passed",
              "speed": "fast",
              "pass": true,
              "fail": false,
              "pending": false,
              "context": null,
              "code": "const result = getFuelValue('Kerosene');\nassert.equal(result, 'kerosene');",
              "err": {},
              "uuid": "c5cd943b-dc8c-4af4-b076-91d472d69103",
              "parentUUID": "f450fa6a-3864-4cce-83d2-86c082ba722c",
              "isHook": false,
              "skipped": false
            }
          ],
          "suites": [],
          "passes": [
            "cbf0a72e-105e-47fa-908b-3efbd14cc012",
            "0499f97a-8910-460f-9d5f-294aed4b787f",
            "719ec49e-fd8e-4c20-8292-5997601fff07",
            "a6c5b7b6-d356-4e73-af11-31c3adf364c0",
            "b0935f01-8fb8-42cf-ab1d-d45de50b2692",
            "c5cd943b-dc8c-4af4-b076-91d472d69103"
          ],
          "failures": [],
          "pending": [],
          "skipped": [],
          "duration": 2,
          "root": false,
          "rootEmpty": false,
          "_timeout": 10000
        },
        {
          "uuid": "8eda243a-85d8-46bd-876c-675c1edbd06a",
          "title": "the function to display an error message",
          "fullFile": "C:\\Users\\Edward\\Documents\\powerzone-inventory\\test\\general-util-test.js",
          "file": "\\test\\general-util-test.js",
          "beforeHooks": [
            {
              "title": "\"before each\" hook in \"the function to display an error message\"",
              "fullTitle": "the function to display an error message \"before each\" hook in \"the function to display an error message\"",
              "timedOut": false,
              "duration": 202,
              "state": null,
              "speed": null,
              "pass": false,
              "fail": false,
              "pending": false,
              "context": null,
              "code": "const dom = new JSDOM(\n\thtmlDom,\n\t{url: 'http://localhost'});\nglobal.window = dom.window;\nglobal.document = dom.window.document;\nglobal.$ = global.jQuery = require('jquery');",
              "err": {},
              "uuid": "24eb292b-d1a2-41a1-9206-334e58d8c2e3",
              "parentUUID": "8eda243a-85d8-46bd-876c-675c1edbd06a",
              "isHook": true,
              "skipped": false
            }
          ],
          "afterHooks": [],
          "tests": [
            {
              "title": "should add d-block as one of the classes",
              "fullTitle": "the function to display an error message should add d-block as one of the classes",
              "timedOut": false,
              "duration": 1,
              "state": "passed",
              "speed": "fast",
              "pass": true,
              "fail": false,
              "pending": false,
              "context": null,
              "code": "displayErrorMessage($('#error'));\nconst result = $('#error').attr('class').includes('d-block');\nassert.isTrue(result);",
              "err": {},
              "uuid": "52395160-4f67-4f18-96ea-9d0d384e414b",
              "parentUUID": "8eda243a-85d8-46bd-876c-675c1edbd06a",
              "isHook": false,
              "skipped": false
            }
          ],
          "suites": [],
          "passes": [
            "52395160-4f67-4f18-96ea-9d0d384e414b"
          ],
          "failures": [],
          "pending": [],
          "skipped": [],
          "duration": 1,
          "root": false,
          "rootEmpty": false,
          "_timeout": 10000
        },
        {
          "uuid": "9d3925ff-7b09-406c-a8d9-25b6e5d90cb5",
          "title": "the function to hide an error message",
          "fullFile": "C:\\Users\\Edward\\Documents\\powerzone-inventory\\test\\general-util-test.js",
          "file": "\\test\\general-util-test.js",
          "beforeHooks": [
            {
              "title": "\"before each\" hook in \"the function to hide an error message\"",
              "fullTitle": "the function to hide an error message \"before each\" hook in \"the function to hide an error message\"",
              "timedOut": false,
              "duration": 41,
              "state": null,
              "speed": null,
              "pass": false,
              "fail": false,
              "pending": false,
              "context": null,
              "code": "const dom = new JSDOM(\n\thtmlDom,\n\t{url: 'http://localhost'});\nglobal.window = dom.window;\nglobal.document = dom.window.document;\nglobal.$ = global.jQuery = require('jquery');",
              "err": {},
              "uuid": "7faa9682-7ac7-4681-84f7-788c756d73ba",
              "parentUUID": "9d3925ff-7b09-406c-a8d9-25b6e5d90cb5",
              "isHook": true,
              "skipped": false
            }
          ],
          "afterHooks": [],
          "tests": [
            {
              "title": "should add d-block as one of the classes",
              "fullTitle": "the function to hide an error message should add d-block as one of the classes",
              "timedOut": false,
              "duration": 1,
              "state": "passed",
              "speed": "fast",
              "pass": true,
              "fail": false,
              "pending": false,
              "context": null,
              "code": "hideErrorMessage($('#error'));\nconst result = $('#error').attr('class').includes('d-block');\nassert.isFalse(result);",
              "err": {},
              "uuid": "8ac335de-34c3-43c2-8b66-fb5ca7782ebc",
              "parentUUID": "9d3925ff-7b09-406c-a8d9-25b6e5d90cb5",
              "isHook": false,
              "skipped": false
            }
          ],
          "suites": [],
          "passes": [
            "8ac335de-34c3-43c2-8b66-fb5ca7782ebc"
          ],
          "failures": [],
          "pending": [],
          "skipped": [],
          "duration": 1,
          "root": false,
          "rootEmpty": false,
          "_timeout": 10000
        },
        {
          "uuid": "2943401c-5266-4d53-a1ec-ab292ec415ee",
          "title": "the function to enable a button",
          "fullFile": "C:\\Users\\Edward\\Documents\\powerzone-inventory\\test\\general-util-test.js",
          "file": "\\test\\general-util-test.js",
          "beforeHooks": [
            {
              "title": "\"before each\" hook in \"the function to enable a button\"",
              "fullTitle": "the function to enable a button \"before each\" hook in \"the function to enable a button\"",
              "timedOut": false,
              "duration": 32,
              "state": null,
              "speed": null,
              "pass": false,
              "fail": false,
              "pending": false,
              "context": null,
              "code": "const dom = new JSDOM(\n\thtmlDom,\n\t{url: 'http://localhost'});\nglobal.window = dom.window;\nglobal.document = dom.window.document;\nglobal.$ = global.jQuery = require('jquery');",
              "err": {},
              "uuid": "570af6d4-cf0b-46c0-a6e5-b96b9b8d3fdd",
              "parentUUID": "2943401c-5266-4d53-a1ec-ab292ec415ee",
              "isHook": true,
              "skipped": false
            }
          ],
          "afterHooks": [],
          "tests": [
            {
              "title": "should set the disabled property to false",
              "fullTitle": "the function to enable a button should set the disabled property to false",
              "timedOut": false,
              "duration": 1,
              "state": "passed",
              "speed": "fast",
              "pass": true,
              "fail": false,
              "pending": false,
              "context": null,
              "code": "enableButton($('#register'));\nconst result = $('#register').prop('disabled');\nassert.isFalse(result);",
              "err": {},
              "uuid": "d6b6a5ab-8927-43a3-92b9-825c3e7de4c3",
              "parentUUID": "2943401c-5266-4d53-a1ec-ab292ec415ee",
              "isHook": false,
              "skipped": false
            }
          ],
          "suites": [],
          "passes": [
            "d6b6a5ab-8927-43a3-92b9-825c3e7de4c3"
          ],
          "failures": [],
          "pending": [],
          "skipped": [],
          "duration": 1,
          "root": false,
          "rootEmpty": false,
          "_timeout": 10000
        },
        {
          "uuid": "7fd882d8-192c-4cd8-9730-82faa57bcd3c",
          "title": "the function to disable a button",
          "fullFile": "C:\\Users\\Edward\\Documents\\powerzone-inventory\\test\\general-util-test.js",
          "file": "\\test\\general-util-test.js",
          "beforeHooks": [
            {
              "title": "\"before each\" hook in \"the function to disable a button\"",
              "fullTitle": "the function to disable a button \"before each\" hook in \"the function to disable a button\"",
              "timedOut": false,
              "duration": 28,
              "state": null,
              "speed": null,
              "pass": false,
              "fail": false,
              "pending": false,
              "context": null,
              "code": "const dom = new JSDOM(\n\thtmlDom,\n\t{url: 'http://localhost'});\nglobal.window = dom.window;\nglobal.document = dom.window.document;\nglobal.$ = global.jQuery = require('jquery');",
              "err": {},
              "uuid": "4d2b173d-50af-474d-802d-ffd6fb93b56b",
              "parentUUID": "7fd882d8-192c-4cd8-9730-82faa57bcd3c",
              "isHook": true,
              "skipped": false
            }
          ],
          "afterHooks": [],
          "tests": [
            {
              "title": "should set the disabled property to true",
              "fullTitle": "the function to disable a button should set the disabled property to true",
              "timedOut": false,
              "duration": 1,
              "state": "passed",
              "speed": "fast",
              "pass": true,
              "fail": false,
              "pending": false,
              "context": null,
              "code": "disableButton($('#register'));\nconst result = $('#register').prop('disabled');\nassert.isTrue(result);",
              "err": {},
              "uuid": "727bb72a-80f1-4713-b65b-4a655ed9567b",
              "parentUUID": "7fd882d8-192c-4cd8-9730-82faa57bcd3c",
              "isHook": false,
              "skipped": false
            }
          ],
          "suites": [],
          "passes": [
            "727bb72a-80f1-4713-b65b-4a655ed9567b"
          ],
          "failures": [],
          "pending": [],
          "skipped": [],
          "duration": 1,
          "root": false,
          "rootEmpty": false,
          "_timeout": 10000
        },
        {
          "uuid": "9bb2cc44-b63c-4eb7-b161-0f568fdcc9b6",
[...]
              "err": {},
              "uuid": "041679f2-fa32-4952-9bf2-6e82bd228b2e",
              "parentUUID": "361aee3d-9ffe-4042-94fa-8652285aea29",
              "isHook": true,
              "skipped": false
            }
          ],
          "afterHooks": [],
          "tests": [
            {
              "title": "should sort the entries in descending order based on the price",
              "fullTitle": "the function to sort the entries of the table in descending order based on the price should sort the entries in descending order based on the price",
              "timedOut": false,
              "duration": 9,
              "state": "passed",
              "speed": "fast",
              "pass": true,
              "fail": false,
              "pending": false,
              "context": null,
              "code": "sortHighToLow('tbl2');\nconst rows = $('#tbl2 > tbody > tr');\nassert.equal(rows[2].getElementsByTagName('td')[3].textContent, '₱ 9');\nassert.equal(rows[1].getElementsByTagName('td')[3].textContent, '₱ 60');\nassert.equal(rows[0].getElementsByTagName('td')[3].textContent, '₱ 120');",
              "err": {},
              "uuid": "8bdfac3d-079e-479c-9fbf-2ff9810b6058",
              "parentUUID": "361aee3d-9ffe-4042-94fa-8652285aea29",
              "isHook": false,
              "skipped": false
            }
          ],
          "suites": [],
          "passes": [
            "8bdfac3d-079e-479c-9fbf-2ff9810b6058"
          ],
          "failures": [],
          "pending": [],
          "skipped": [],
          "duration": 9,
          "root": false,
          "rootEmpty": false,
          "_timeout": 10000
        },
        {
          "uuid": "28b6ec58-ddb5-48e9-af4d-7d49079dcc38",
          "title": "the function to return the discount rate (percent) and discounted amount per bulk order discount scheme",
          "fullFile": "C:\\Users\\Edward\\Documents\\powerzone-inventory\\test\\transaction-delivery-util-test.js",
          "file": "\\test\\transaction-delivery-util-test.js",
          "beforeHooks": [
            {
              "title": "\"before each\" hook in \"the function to return the discount rate (percent) and discounted amount per bulk order discount scheme\"",
              "fullTitle": "the function to return the discount rate (percent) and discounted amount per bulk order discount scheme \"before each\" hook in \"the function to return the discount rate (percent) and discounted amount per bulk order discount scheme\"",
              "timedOut": false,
              "duration": 12,
              "state": null,
              "speed": null,
              "pass": false,
              "fail": false,
              "pending": false,
              "context": null,
              "code": "const dom = new JSDOM(\n\thtmlDom,\n\t{url: 'http://localhost'});\nglobal.window = dom.window;\nglobal.document = dom.window.document;\nglobal.$ = global.jQuery = require('jquery');",
              "err": {},
              "uuid": "feb438ee-5a7a-478f-bd5a-76c582f20469",
              "parentUUID": "28b6ec58-ddb5-48e9-af4d-7d49079dcc38",
              "isHook": true,
              "skipped": false
            }
          ],
          "afterHooks": [],
          "tests": [
            {
              "title": "should return an array",
              "fullTitle": "the function to return the discount rate (percent) and discounted amount per bulk order discount scheme should return an array",
              "timedOut": false,
              "duration": 2,
              "state": "passed",
              "speed": "fast",
              "pass": true,
              "fail": false,
              "pending": false,
              "context": null,
              "code": "$('#edit-transaction-gasoline-liters').val('1000');\n$('#edit-transaction-premium-gasoline-95-liters').val('2000');\n$('#edit-transaction-diesel-liters').val('3000');\n$('#edit-transaction-premium-gasoline-97-liters').val('4000');\n$('#edit-transaction-kerosene-liters').val('5000');\n$('#edit-transaction-gasoline-price').val('40.11');\n$('#edit-transaction-premium-gasoline-95-price').val('50.20');\n$('#edit-transaction-diesel-price').val('60.31');\n$('#edit-transaction-premium-gasoline-97-price').val('70.86');\n$('#edit-transaction-kerosene-price').val('90.53');\nconst result = getDiscountedAmount('edit', fuelTypes, discountPercents, discountCutOffs);\nassert.isArray(result);",
              "err": {},
              "uuid": "ed9c2113-dc6c-4fbe-9cae-d8daf657ad62",
              "parentUUID": "28b6ec58-ddb5-48e9-af4d-7d49079dcc38",
              "isHook": false,
              "skipped": false
            },
            {
              "title": "should not apply any discount if the total liters of fuel ordered is less than 50,000 L",
              "fullTitle": "the function to return the discount rate (percent) and discounted amount per bulk order discount scheme should not apply any discount if the total liters of fuel ordered is less than 50,000 L",
              "timedOut": false,
              "duration": 2,
              "state": "passed",
              "speed": "fast",
              "pass": true,
              "fail": false,
              "pending": false,
              "context": null,
              "code": "$('#edit-transaction-gasoline-liters').val('1000');\n$('#edit-transaction-premium-gasoline-95-liters').val('2000');\n$('#edit-transaction-diesel-liters').val('3000');\n$('#edit-transaction-premium-gasoline-97-liters').val('4000');\n$('#edit-transaction-kerosene-liters').val('5000');\n$('#edit-transaction-gasoline-price').val('40.11');\n$('#edit-transaction-premium-gasoline-95-price').val('50.20');\n$('#edit-transaction-diesel-price').val('60.31');\n$('#edit-transaction-premium-gasoline-97-price').val('70.86');\n$('#edit-transaction-kerosene-price').val('90.53');\nconst result = getDiscountedAmount('edit', fuelTypes, discountPercents, discountCutOffs);\nassert.approximately(result[0], 0, epsilon);\nassert.approximately(result[1], 1057530, epsilon);",
              "err": {},
              "uuid": "84f1f4f4-ac1b-4136-9433-1f8c8a83c0b7",
              "parentUUID": "28b6ec58-ddb5-48e9-af4d-7d49079dcc38",
              "isHook": false,
              "skipped": false
            },
            {
              "title": "should apply a 2% discount if the total liters of fuel ordered is 50,000 L",
              "fullTitle": "the function to return the discount rate (percent) and discounted amount per bulk order discount scheme should apply a 2% discount if the total liters of fuel ordered is 50,000 L",
              "timedOut": false,
              "duration": 0,
              "state": "passed",
              "speed": "fast",
              "pass": true,
              "fail": false,
              "pending": false,
              "context": null,
              "code": "$('#edit-transaction-gasoline-liters').val('10000');\n$('#edit-transaction-premium-gasoline-95-liters').val('5000');\n$('#edit-transaction-diesel-liters').val('10000');\n$('#edit-transaction-premium-gasoline-97-liters').val('15000');\n$('#edit-transaction-kerosene-liters').val('10000');\n$('#edit-transaction-gasoline-price').val('40.11');\n$('#edit-transaction-premium-gasoline-95-price').val('50.20');\n$('#edit-transaction-diesel-price').val('60.31');\n$('#edit-transaction-premium-gasoline-97-price').val('70.86');\n$('#edit-transaction-kerosene-price').val('90.53');\nconst result = getDiscountedAmount('edit', fuelTypes, discountPercents, discountCutOffs);\nassert.approximately(result[0], 0.02, epsilon);\nassert.approximately(result[1], 3158932, epsilon);",
              "err": {},
              "uuid": "e52f97dd-3146-4117-9cb2-b467cced5a3e",
              "parentUUID": "28b6ec58-ddb5-48e9-af4d-7d49079dcc38",
              "isHook": false,
              "skipped": false
            },
            {
              "title": "should apply a 2% discount if the total liters of fuel ordered is above 50,000 L but less than 150,000 L",
              "fullTitle": "the function to return the discount rate (percent) and discounted amount per bulk order discount scheme should apply a 2% discount if the total liters of fuel ordered is above 50,000 L but less than 150,000 L",
              "timedOut": false,
              "duration": 1,
              "state": "passed",
              "speed": "fast",
              "pass": true,
              "fail": false,
              "pending": false,
              "context": null,
              "code": "$('#edit-transaction-gasoline-liters').val('10000');\n$('#edit-transaction-premium-gasoline-95-liters').val('75000');\n$('#edit-transaction-diesel-liters').val('10000');\n$('#edit-transaction-premium-gasoline-97-liters').val('15000');\n$('#edit-transaction-kerosene-liters').val('10000');\n$('#edit-transaction-gasoline-price').val('40.11');\n$('#edit-transaction-premium-gasoline-95-price').val('50.20');\n$('#edit-transaction-diesel-price').val('60.31');\n$('#edit-transaction-premium-gasoline-97-price').val('70.86');\n$('#edit-transaction-kerosene-price').val('90.53');\nconst result = getDiscountedAmount('edit', fuelTypes, discountPercents, discountCutOffs);\nassert.approximately(result[0], 0.02, epsilon);\nassert.approximately(result[1], 6602652, epsilon);",
              "err": {},
              "uuid": "7d8e991d-4bb4-4be4-8783-fca9c8e889b8",
              "parentUUID": "28b6ec58-ddb5-48e9-af4d-7d49079dcc38",
              "isHook": false,
              "skipped": false
            },
            {
              "title": "should apply a 5% discount if the total liters of fuel ordered is 150,000 L",
              "fullTitle": "the function to return the discount rate (percent) and discounted amount per bulk order discount scheme should apply a 5% discount if the total liters of fuel ordered is 150,000 L",
              "timedOut": false,
              "duration": 1,
              "state": "passed",
              "speed": "fast",
              "pass": true,
              "fail": false,
              "pending": false,
              "context": null,
              "code": "$('#edit-transaction-gasoline-liters').val('5000');\n$('#edit-transaction-premium-gasoline-95-liters').val('75000');\n$('#edit-transaction-diesel-liters').val('25000');\n$('#edit-transaction-premium-gasoline-97-liters').val('15001');\n$('#edit-transaction-kerosene-liters').val('29999');\n$('#edit-transaction-gasoline-price').val('40.11');\n$('#edit-transaction-premium-gasoline-95-price').val('50.20');\n$('#edit-transaction-diesel-price').val('60.31');\n$('#edit-transaction-premium-gasoline-97-price').val('70.86');\n$('#edit-transaction-kerosene-price').val('90.53');\nconst result = getDiscountedAmount('edit', fuelTypes, discountPercents, discountCutOffs);\nassert.approximately(result[0], 0.05, epsilon);\nassert.approximately(result[1], 8789476.31, epsilon);",
              "err": {},
              "uuid": "b2e38d9d-6adf-410a-9de9-87db7eeaa45c",
              "parentUUID": "28b6ec58-ddb5-48e9-af4d-7d49079dcc38",
              "isHook": false,
              "skipped": false
            },
            {
              "title": "should apply a 5% discount if the total liters of fuel ordered is above 150,000 L",
              "fullTitle": "the function to return the discount rate (percent) and discounted amount per bulk order discount scheme should apply a 5% discount if the total liters of fuel ordered is above 150,000 L",
              "timedOut": false,
              "duration": 1,
              "state": "passed",
              "speed": "fast",
              "pass": true,
              "fail": false,
              "pending": false,
              "context": null,
              "code": "$('#edit-transaction-gasoline-liters').val('50001');\n$('#edit-transaction-premium-gasoline-95-liters').val('750003');\n$('#edit-transaction-diesel-liters').val('250005');\n$('#edit-transaction-premium-gasoline-97-liters').val('15001');\n$('#edit-transaction-kerosene-liters').val('29999');\n$('#edit-transaction-gasoline-price').val('40.11');\n$('#edit-transaction-premium-gasoline-95-price').val('50.20');\n$('#edit-transaction-diesel-price').val('60.31');\n$('#edit-transaction-premium-gasoline-97-price').val('70.86');\n$('#edit-transaction-kerosene-price').val('90.53');\nconst result = getDiscountedAmount('edit', fuelTypes, discountPercents, discountCutOffs);\nassert.approximately(result[0], 0.05, epsilon);\nassert.approximately(result[1], 55586658.96, epsilon);",
              "err": {},
              "uuid": "9ab921e1-7ba8-4ea6-b8e3-329be079a790",
              "parentUUID": "28b6ec58-ddb5-48e9-af4d-7d49079dcc38",
              "isHook": false,
              "skipped": false
            }
          ],
          "suites": [],
          "passes": [
            "ed9c2113-dc6c-4fbe-9cae-d8daf657ad62",
            "84f1f4f4-ac1b-4136-9433-1f8c8a83c0b7",
            "e52f97dd-3146-4117-9cb2-b467cced5a3e",
            "7d8e991d-4bb4-4be4-8783-fca9c8e889b8",
            "b2e38d9d-6adf-410a-9de9-87db7eeaa45c",
            "9ab921e1-7ba8-4ea6-b8e3-329be079a790"
          ],
          "failures": [],
          "pending": [],
          "skipped": [],
          "duration": 7,
          "root": false,
          "rootEmpty": false,
          "_timeout": 10000
        },
        {
          "uuid": "534c4ec4-844d-43af-b7e7-cfd5881338e0",
          "title": "the function to check if a phone number is valid based on its length",
          "fullFile": "C:\\Users\\Edward\\Documents\\powerzone-inventory\\test\\transaction-delivery-validate-util-test.js",
          "file": "\\test\\transaction-delivery-validate-util-test.js",
          "beforeHooks": [],
          "afterHooks": [],
          "tests": [
            {
              "title": "should return a Boolean",
              "fullTitle": "the function to check if a phone number is valid based on its length should return a Boolean",
              "timedOut": false,
              "duration": 0,
              "state": "passed",
              "speed": "fast",
              "pass": true,
              "fail": false,
              "pending": false,
              "context": null,
              "code": "const result = isValidPhoneNumber('12345678');\nassert.isBoolean(result);",
              "err": {},
              "uuid": "8be76f81-ddda-4559-a2e6-2e6ae2610aa9",
              "parentUUID": "534c4ec4-844d-43af-b7e7-cfd5881338e0",
              "isHook": false,
              "skipped": false
            },
            {
              "title": "should return false if the phone number has less than 7 digits",
              "fullTitle": "the function to check if a phone number is valid based on its length should return false if the phone number has less than 7 digits",
              "timedOut": false,
              "duration": 0,
              "state": "passed",
              "speed": "fast",
              "pass": true,
              "fail": false,
              "pending": false,
              "context": null,
              "code": "const result = isValidPhoneNumber('123456');\nassert.isFalse(result);",
              "err": {},
              "uuid": "9eb91758-51d0-461f-b159-d39006b37499",
              "parentUUID": "534c4ec4-844d-43af-b7e7-cfd5881338e0",
              "isHook": false,
              "skipped": false
            },
            {
              "title": "should return false if the phone number has more than 15 digits",
              "fullTitle": "the function to check if a phone number is valid based on its length should return false if the phone number has more than 15 digits",
              "timedOut": false,
              "duration": 0,
              "state": "passed",
              "speed": "fast",
              "pass": true,
              "fail": false,
              "pending": false,
              "context": null,
              "code": "const result = isValidPhoneNumber('1234561234561234');\nassert.isFalse(result);",
              "err": {},
              "uuid": "ddcee747-92ad-4507-b478-bb360225ca4c",
              "parentUUID": "534c4ec4-844d-43af-b7e7-cfd5881338e0",
              "isHook": false,
              "skipped": false
            },
            {
              "title": "should return true if the phone number has 7 digits",
              "fullTitle": "the function to check if a phone number is valid based on its length should return true if the phone number has 7 digits",
              "timedOut": false,
              "duration": 0,
              "state": "passed",
              "speed": "fast",
              "pass": true,
              "fail": false,
              "pending": false,
              "context": null,
              "code": "const result = isValidPhoneNumber('1234567');\nassert.isTrue(result);",
              "err": {},
              "uuid": "13ac37a6-a8d0-4176-b558-2af5e5dbce91",
              "parentUUID": "534c4ec4-844d-43af-b7e7-cfd5881338e0",
              "isHook": false,
              "skipped": false
            },
            {
              "title": "should return true if the phone number has 15 digits",
              "fullTitle": "the function to check if a phone number is valid based on its length should return true if the phone number has 15 digits",
              "timedOut": false,
              "duration": 0,
              "state": "passed",
              "speed": "fast",
              "pass": true,
              "fail": false,
              "pending": false,
              "context": null,
              "code": "const result = isValidPhoneNumber('123456123456123');\nassert.isTrue(result);",
              "err": {},
              "uuid": "df5749f5-e9a5-4ac5-98ba-60c288e9acd0",
              "parentUUID": "534c4ec4-844d-43af-b7e7-cfd5881338e0",
              "isHook": false,
              "skipped": false
            },
            {
              "title": "should return true if the phone number between 7 and 15 digits",
              "fullTitle": "the function to check if a phone number is valid based on its length should return true if the phone number between 7 and 15 digits",
              "timedOut": false,
              "duration": 0,
              "state": "passed",
              "speed": "fast",
              "pass": true,
              "fail": false,
              "pending": false,
              "context": null,
              "code": "const result = isValidPhoneNumber('123456789');\nassert.isTrue(result);",
              "err": {},
              "uuid": "1f21aa34-05a3-44e8-b7a2-e74e5027ecd4",
              "parentUUID": "534c4ec4-844d-43af-b7e7-cfd5881338e0",
              "isHook": false,
              "skipped": false
            }
          ],
          "suites": [],
          "passes": [
            "8be76f81-ddda-4559-a2e6-2e6ae2610aa9",
            "9eb91758-51d0-461f-b159-d39006b37499",
            "ddcee747-92ad-4507-b478-bb360225ca4c",
            "13ac37a6-a8d0-4176-b558-2af5e5dbce91",
            "df5749f5-e9a5-4ac5-98ba-60c288e9acd0",
            "1f21aa34-05a3-44e8-b7a2-e74e5027ecd4"
          ],
          "failures": [],
          "pending": [],
          "skipped": [],
          "duration": 0,
          "root": false,
          "rootEmpty": false,
          "_timeout": 10000
        }
      ],
      "passes": [],
      "failures": [],
      "pending": [],
      "skipped": [],
      "duration": 0,
      "root": true,
      "rootEmpty": true,
      "_timeout": 10000
    }
  ],
  "meta": {
    "mocha": {
      "version": "9.1.3"
    },
    "mochawesome": {
      "options": {
        "quiet": false,
        "reportFilename": "mochawesome",
        "saveHtml": true,
        "saveJson": true,
        "consoleReporter": "spec",
        "useInlineDiffs": false,
        "code": true
      },
      "version": "7.0.1"
    },
    "marge": {
      "options": null,
      "version": "6.0.1"
    }
  }
}