{
  "stats": {
    "suites": 61,
    "tests": 172,
    "passes": 172,
    "pending": 0,
    "failures": 0,
    "start": "2022-01-28T18:03:17.664Z",
    "end": "2022-01-28T18:03:20.233Z",
    "duration": 2569,
    "testsRegistered": 172,
    "passPercent": 100,
    "pendingPercent": 0,
    "other": 0,
    "hasOther": false,
    "skipped": 0,
    "hasSkipped": false
  },
  "results": [
    {
      "uuid": "e79ae537-03d4-44c7-9a5d-07c6e05b8c27",
      "title": "",
      "fullFile": "",
      "file": "",
      "beforeHooks": [],
      "afterHooks": [],
      "tests": [],
      "suites": [
        {
          "uuid": "75745e5d-20ca-426f-a1a8-06420df9c5e1",
          "title": "the function to get the account page",
          "fullFile": "C:\\Users\\Edward\\Documents\\powerzone-inventory\\test\\account-controller-test.js",
          "file": "\\test\\account-controller-test.js",
          "beforeHooks": [
            {
              "title": "\"before each\" hook in \"the function to get the account page\"",
              "fullTitle": "the function to get the account page \"before each\" hook in \"the function to get the account page\"",
              "timedOut": false,
              "duration": 1,
              "state": null,
              "speed": null,
              "pass": false,
              "fail": false,
              "pending": false,
              "context": null,
              "code": "cov_1zn663m2ch().f[1]++;cov_1zn663m2ch().s[12]++;res={status:sinon.stub().returnsThis(),json:sinon.stub(),send:sinon.stub()};cov_1zn663m2ch().s[13]++;expectedResult=[{_id:'01234',firstName:'mark',lastName:'sy',username:'cheems',role:'inventory-manager',status:'pending'},{_id:'01235',firstName:'bark',lastName:'see',username:'doge',role:'transaction-cashier',status:'rejected'}];",
              "err": {},
              "uuid": "c0103b7f-bfa3-4d5d-bb11-045fb8b7168d",
              "parentUUID": "75745e5d-20ca-426f-a1a8-06420df9c5e1",
              "isHook": true,
              "skipped": false
            }
          ],
          "afterHooks": [],
          "tests": [
            {
              "title": "should retrieve all the accounts only once if the user is the administrator",
              "fullTitle": "the function to get the account page should retrieve all the accounts only once if the user is the administrator",
              "timedOut": false,
              "duration": 28,
              "state": "passed",
              "speed": "fast",
              "pass": true,
              "fail": false,
              "pending": false,
              "context": null,
              "code": "cov_1zn663m2ch().f[2]++;const req=(cov_1zn663m2ch().s[15]++,{session:{role:'administrator'}});cov_1zn663m2ch().s[16]++;sinon.stub(db,'findMany').yields(expectedResult);cov_1zn663m2ch().s[17]++;accountController.getAccount(req,res);cov_1zn663m2ch().s[18]++;assert.isTrue(db.findMany.calledOnce);cov_1zn663m2ch().s[19]++;db.findMany.restore();",
              "err": {},
              "uuid": "7b62db23-8e51-4f41-be52-7d01cdcb1482",
              "parentUUID": "75745e5d-20ca-426f-a1a8-06420df9c5e1",
              "isHook": false,
              "skipped": false
            },
            {
              "title": "should retrieve all the accounts with the correct arguments if the user is an administrator",
              "fullTitle": "the function to get the account page should retrieve all the accounts with the correct arguments if the user is an administrator",
              "timedOut": false,
              "duration": 4,
              "state": "passed",
              "speed": "fast",
              "pass": true,
              "fail": false,
              "pending": false,
              "context": null,
              "code": "cov_1zn663m2ch().f[3]++;const req=(cov_1zn663m2ch().s[21]++,{session:{role:'administrator'}});cov_1zn663m2ch().s[22]++;sinon.stub(db,'findMany').yields(expectedResult);cov_1zn663m2ch().s[23]++;accountController.getAccount(req,res);cov_1zn663m2ch().s[24]++;assert.equal(db.findMany.firstCall.args[0],Account);cov_1zn663m2ch().s[25]++;expect(db.findMany.firstCall.args[1]).to.deep.equalInAnyOrder({});cov_1zn663m2ch().s[26]++;assert.equal(db.findMany.firstCall.args[2],'_id firstName lastName username role status');cov_1zn663m2ch().s[27]++;db.findMany.restore();",
              "err": {},
              "uuid": "eaf98d75-9831-4c39-b435-1ad2e5e83a38",
              "parentUUID": "75745e5d-20ca-426f-a1a8-06420df9c5e1",
              "isHook": false,
              "skipped": false
            },
            {
              "title": "should retrieve exactly one account only once if the user is not an administrator",
              "fullTitle": "the function to get the account page should retrieve exactly one account only once if the user is not an administrator",
              "timedOut": false,
              "duration": 10,
              "state": "passed",
              "speed": "fast",
              "pass": true,
              "fail": false,
              "pending": false,
              "context": null,
              "code": "cov_1zn663m2ch().f[4]++;const req=(cov_1zn663m2ch().s[29]++,{session:{username:'jana',role:'inventory-manager'}});cov_1zn663m2ch().s[30]++;sinon.stub(db,'findOne').yields(expectedResult[0]);cov_1zn663m2ch().s[31]++;accountController.getAccount(req,res);cov_1zn663m2ch().s[32]++;assert.isTrue(db.findOne.calledOnce);cov_1zn663m2ch().s[33]++;db.findOne.restore();",
              "err": {},
              "uuid": "7ce5dc68-3d5a-4813-a141-392591163493",
              "parentUUID": "75745e5d-20ca-426f-a1a8-06420df9c5e1",
              "isHook": false,
              "skipped": false
            },
            {
              "title": "should retrieve exactly one account with the correct arguments if the user is not an administrator",
              "fullTitle": "the function to get the account page should retrieve exactly one account with the correct arguments if the user is not an administrator",
              "timedOut": false,
              "duration": 3,
              "state": "passed",
              "speed": "fast",
              "pass": true,
              "fail": false,
              "pending": false,
              "context": null,
              "code": "cov_1zn663m2ch().f[5]++;const req=(cov_1zn663m2ch().s[35]++,{session:{username:'jana',role:'inventory-manager'}});cov_1zn663m2ch().s[36]++;sinon.stub(db,'findOne').yields(expectedResult[0]);cov_1zn663m2ch().s[37]++;accountController.getAccount(req,res);cov_1zn663m2ch().s[38]++;assert.equal(db.findOne.firstCall.args[0],Account);cov_1zn663m2ch().s[39]++;expect(db.findOne.firstCall.args[1]).to.deep.equalInAnyOrder({username:req.session.username});cov_1zn663m2ch().s[40]++;assert.equal(db.findOne.firstCall.args[2],'email firstName lastName role password');cov_1zn663m2ch().s[41]++;db.findOne.restore();",
              "err": {},
              "uuid": "d7b0f34b-2855-4af5-9d29-dc28347e7e71",
              "parentUUID": "75745e5d-20ca-426f-a1a8-06420df9c5e1",
              "isHook": false,
              "skipped": false
            }
          ],
          "suites": [],
          "passes": [
            "7b62db23-8e51-4f41-be52-7d01cdcb1482",
            "eaf98d75-9831-4c39-b435-1ad2e5e83a38",
            "7ce5dc68-3d5a-4813-a141-392591163493",
            "d7b0f34b-2855-4af5-9d29-dc28347e7e71"
          ],
          "failures": [],
          "pending": [],
          "skipped": [],
          "duration": 45,
          "root": false,
          "rootEmpty": false,
          "_timeout": 10000
        },
        {
          "uuid": "4e06e373-0dcf-442d-a021-ffb387991861",
          "title": "the function to update the status of the selected user account to \"Rejected\"",
          "fullFile": "C:\\Users\\Edward\\Documents\\powerzone-inventory\\test\\account-controller-test.js",
          "file": "\\test\\account-controller-test.js",
          "beforeHooks": [],
          "afterHooks": [],
          "tests": [
            {
              "title": "should update the status of the account only once",
              "fullTitle": "the function to update the status of the selected user account to \"Rejected\" should update the status of the account only once",
              "timedOut": false,
              "duration": 5,
              "state": "passed",
              "speed": "fast",
              "pass": true,
              "fail": false,
              "pending": false,
              "context": null,
              "code": "cov_1zn663m2ch().f[7]++;const convertToObjectId=(cov_1zn663m2ch().s[44]++,sinon.stub(db,'convertToObjectId'));cov_1zn663m2ch().s[45]++;convertToObjectId.returns('123');const req=(cov_1zn663m2ch().s[46]++,{body:{accountId:'123'}});const res=(cov_1zn663m2ch().s[47]++,{status:sinon.stub().returnsThis(),json:sinon.stub(),send:sinon.stub()});cov_1zn663m2ch().s[48]++;sinon.stub(db,'updateOne').yields({});cov_1zn663m2ch().s[49]++;accountController.postEditStatusReject(req,res);cov_1zn663m2ch().s[50]++;assert.isTrue(db.updateOne.calledOnce);cov_1zn663m2ch().s[51]++;db.convertToObjectId.restore();cov_1zn663m2ch().s[52]++;db.updateOne.restore();",
              "err": {},
              "uuid": "bbb7cd6c-1754-49ad-8834-2392f67087d5",
              "parentUUID": "4e06e373-0dcf-442d-a021-ffb387991861",
              "isHook": false,
              "skipped": false
            },
            {
              "title": "should update the status of the account to \"Rejected\"",
              "fullTitle": "the function to update the status of the selected user account to \"Rejected\" should update the status of the account to \"Rejected\"",
              "timedOut": false,
              "duration": 4,
              "state": "passed",
              "speed": "fast",
              "pass": true,
              "fail": false,
              "pending": false,
              "context": null,
              "code": "cov_1zn663m2ch().f[8]++;const convertToObjectId=(cov_1zn663m2ch().s[54]++,sinon.stub(db,'convertToObjectId'));cov_1zn663m2ch().s[55]++;convertToObjectId.returns('123');const req=(cov_1zn663m2ch().s[56]++,{body:{accountId:'123'}});const res=(cov_1zn663m2ch().s[57]++,{status:sinon.stub().returnsThis(),json:sinon.stub(),send:sinon.stub()});const filter=(cov_1zn663m2ch().s[58]++,{_id:convertToObjectId('123')});cov_1zn663m2ch().s[59]++;sinon.stub(db,'updateOne').yields({});cov_1zn663m2ch().s[60]++;accountController.postEditStatusReject(req,res);cov_1zn663m2ch().s[61]++;assert.equal(db.updateOne.firstCall.args[0],Account);cov_1zn663m2ch().s[62]++;expect(db.updateOne.firstCall.args[1]).to.deep.equalInAnyOrder(filter);cov_1zn663m2ch().s[63]++;expect(db.updateOne.firstCall.args[2]).to.deep.equalInAnyOrder({status:'Rejected'});cov_1zn663m2ch().s[64]++;db.convertToObjectId.restore();cov_1zn663m2ch().s[65]++;db.updateOne.restore();",
              "err": {},
              "uuid": "446ebf07-00ab-439d-855d-54a01a9eebec",
              "parentUUID": "4e06e373-0dcf-442d-a021-ffb387991861",
              "isHook": false,
              "skipped": false
            }
          ],
          "suites": [],
          "passes": [
            "bbb7cd6c-1754-49ad-8834-2392f67087d5",
            "446ebf07-00ab-439d-855d-54a01a9eebec"
          ],
          "failures": [],
          "pending": [],
          "skipped": [],
          "duration": 9,
          "root": false,
          "rootEmpty": false,
          "_timeout": 10000
        },
        {
          "uuid": "52d71a07-59d9-40a5-89a1-97416784f9fa",
          "title": "the function to update the status of the selected user account to \"Pending\"",
          "fullFile": "C:\\Users\\Edward\\Documents\\powerzone-inventory\\test\\account-controller-test.js",
          "file": "\\test\\account-controller-test.js",
          "beforeHooks": [],
          "afterHooks": [],
          "tests": [
            {
              "title": "should update the status of the account only once",
              "fullTitle": "the function to update the status of the selected user account to \"Pending\" should update the status of the account only once",
              "timedOut": false,
              "duration": 3,
              "state": "passed",
              "speed": "fast",
              "pass": true,
              "fail": false,
              "pending": false,
              "context": null,
              "code": "cov_1zn663m2ch().f[10]++;const convertToObjectId=(cov_1zn663m2ch().s[68]++,sinon.stub(db,'convertToObjectId'));cov_1zn663m2ch().s[69]++;convertToObjectId.returns('123');const req=(cov_1zn663m2ch().s[70]++,{body:{accountId:'123'}});const res=(cov_1zn663m2ch().s[71]++,{status:sinon.stub().returnsThis(),json:sinon.stub(),send:sinon.stub()});cov_1zn663m2ch().s[72]++;sinon.stub(db,'updateOne').yields({});cov_1zn663m2ch().s[73]++;accountController.postEditStatusPending(req,res);cov_1zn663m2ch().s[74]++;assert.isTrue(db.updateOne.calledOnce);cov_1zn663m2ch().s[75]++;db.convertToObjectId.restore();cov_1zn663m2ch().s[76]++;db.updateOne.restore();",
              "err": {},
              "uuid": "03e4c92f-fc95-4464-817e-489a87aa838f",
              "parentUUID": "52d71a07-59d9-40a5-89a1-97416784f9fa",
              "isHook": false,
              "skipped": false
            },
            {
              "title": "should update the status of the account to \"Pending\"",
              "fullTitle": "the function to update the status of the selected user account to \"Pending\" should update the status of the account to \"Pending\"",
              "timedOut": false,
              "duration": 4,
              "state": "passed",
              "speed": "fast",
              "pass": true,
              "fail": false,
              "pending": false,
              "context": null,
              "code": "cov_1zn663m2ch().f[11]++;const convertToObjectId=(cov_1zn663m2ch().s[78]++,sinon.stub(db,'convertToObjectId'));cov_1zn663m2ch().s[79]++;convertToObjectId.returns('123');const req=(cov_1zn663m2ch().s[80]++,{body:{accountId:'123'}});const res=(cov_1zn663m2ch().s[81]++,{status:sinon.stub().returnsThis(),json:sinon.stub(),send:sinon.stub()});const filter=(cov_1zn663m2ch().s[82]++,{_id:convertToObjectId('123')});cov_1zn663m2ch().s[83]++;sinon.stub(db,'updateOne').yields({});cov_1zn663m2ch().s[84]++;accountController.postEditStatusPending(req,res);cov_1zn663m2ch().s[85]++;assert.equal(db.updateOne.firstCall.args[0],Account);cov_1zn663m2ch().s[86]++;expect(db.updateOne.firstCall.args[1]).to.deep.equalInAnyOrder(filter);cov_1zn663m2ch().s[87]++;expect(db.updateOne.firstCall.args[2]).to.deep.equalInAnyOrder({status:'Pending'});cov_1zn663m2ch().s[88]++;db.convertToObjectId.restore();cov_1zn663m2ch().s[89]++;db.updateOne.restore();",
              "err": {},
              "uuid": "380fcf8f-8674-4e3b-b1cc-1700d795c3f1",
              "parentUUID": "52d71a07-59d9-40a5-89a1-97416784f9fa",
              "isHook": false,
              "skipped": false
            }
          ],
          "suites": [],
          "passes": [
            "03e4c92f-fc95-4464-817e-489a87aa838f",
            "380fcf8f-8674-4e3b-b1cc-1700d795c3f1"
          ],
          "failures": [],
          "pending": [],
          "skipped": [],
          "duration": 7,
          "root": false,
          "rootEmpty": false,
          "_timeout": 10000
        },
        {
          "uuid": "2f6f4a3f-db81-408b-9d5e-8766d6c47649",
          "title": "the function to update the status of the selected user account to \"Accepted\"",
          "fullFile": "C:\\Users\\Edward\\Documents\\powerzone-inventory\\test\\account-controller-test.js",
          "file": "\\test\\account-controller-test.js",
          "beforeHooks": [],
          "afterHooks": [],
          "tests": [
            {
              "title": "should update the status of the account only once",
              "fullTitle": "the function to update the status of the selected user account to \"Accepted\" should update the status of the account only once",
              "timedOut": false,
              "duration": 4,
              "state": "passed",
              "speed": "fast",
              "pass": true,
              "fail": false,
              "pending": false,
              "context": null,
              "code": "cov_1zn663m2ch().f[13]++;const convertToObjectId=(cov_1zn663m2ch().s[92]++,sinon.stub(db,'convertToObjectId'));cov_1zn663m2ch().s[93]++;convertToObjectId.returns('123');const req=(cov_1zn663m2ch().s[94]++,{body:{accountId:'123'}});const res=(cov_1zn663m2ch().s[95]++,{status:sinon.stub().returnsThis(),json:sinon.stub(),send:sinon.stub()});cov_1zn663m2ch().s[96]++;sinon.stub(db,'updateOne').yields({});cov_1zn663m2ch().s[97]++;accountController.postEditStatusAccept(req,res);cov_1zn663m2ch().s[98]++;assert.isTrue(db.updateOne.calledOnce);cov_1zn663m2ch().s[99]++;db.convertToObjectId.restore();cov_1zn663m2ch().s[100]++;db.updateOne.restore();",
              "err": {},
              "uuid": "28bee0dd-1cc4-46eb-88fa-38d5eb3b6b2f",
              "parentUUID": "2f6f4a3f-db81-408b-9d5e-8766d6c47649",
              "isHook": false,
              "skipped": false
            },
            {
              "title": "should update the status of the account to \"Accepted\"",
              "fullTitle": "the function to update the status of the selected user account to \"Accepted\" should update the status of the account to \"Accepted\"",
              "timedOut": false,
              "duration": 5,
              "state": "passed",
              "speed": "fast",
              "pass": true,
              "fail": false,
              "pending": false,
              "context": null,
              "code": "cov_1zn663m2ch().f[14]++;const convertToObjectId=(cov_1zn663m2ch().s[102]++,sinon.stub(db,'convertToObjectId'));cov_1zn663m2ch().s[103]++;convertToObjectId.returns('123');const req=(cov_1zn663m2ch().s[104]++,{body:{accountId:'123'}});const res=(cov_1zn663m2ch().s[105]++,{status:sinon.stub().returnsThis(),json:sinon.stub(),send:sinon.stub()});const filter=(cov_1zn663m2ch().s[106]++,{_id:convertToObjectId('123')});cov_1zn663m2ch().s[107]++;sinon.stub(db,'updateOne').yields({});cov_1zn663m2ch().s[108]++;accountController.postEditStatusAccept(req,res);cov_1zn663m2ch().s[109]++;assert.equal(db.updateOne.firstCall.args[0],Account);cov_1zn663m2ch().s[110]++;expect(db.updateOne.firstCall.args[1]).to.deep.equalInAnyOrder(filter);cov_1zn663m2ch().s[111]++;expect(db.updateOne.firstCall.args[2]).to.deep.equalInAnyOrder({status:'Accepted'});cov_1zn663m2ch().s[112]++;db.convertToObjectId.restore();cov_1zn663m2ch().s[113]++;db.updateOne.restore();",
              "err": {},
              "uuid": "2d88bb24-79b5-40b4-a872-fb4e60b56b93",
              "parentUUID": "2f6f4a3f-db81-408b-9d5e-8766d6c47649",
              "isHook": false,
              "skipped": false
            }
          ],
          "suites": [],
          "passes": [
            "28bee0dd-1cc4-46eb-88fa-38d5eb3b6b2f",
            "2d88bb24-79b5-40b4-a872-fb4e60b56b93"
          ],
          "failures": [],
          "pending": [],
          "skipped": [],
          "duration": 9,
          "root": false,
          "rootEmpty": false,
          "_timeout": 10000
        },
        {
          "uuid": "41ae281e-0c6c-4128-b32b-83806bcadf58",
          "title": "the function to update the role of the selected user account",
          "fullFile": "C:\\Users\\Edward\\Documents\\powerzone-inventory\\test\\account-controller-test.js",
          "file": "\\test\\account-controller-test.js",
          "beforeHooks": [],
          "afterHooks": [],
          "tests": [
            {
              "title": "should update the role of the account only once",
              "fullTitle": "the function to update the role of the selected user account should update the role of the account only once",
              "timedOut": false,
              "duration": 4,
              "state": "passed",
              "speed": "fast",
              "pass": true,
              "fail": false,
              "pending": false,
              "context": null,
              "code": "cov_1zn663m2ch().f[16]++;const convertToObjectId=(cov_1zn663m2ch().s[116]++,sinon.stub(db,'convertToObjectId'));cov_1zn663m2ch().s[117]++;convertToObjectId.returns('123');const req=(cov_1zn663m2ch().s[118]++,{body:{accountId:'123',editAccountRole:'inventory-manager'}});const res=(cov_1zn663m2ch().s[119]++,{status:sinon.stub().returnsThis(),json:sinon.stub(),send:sinon.stub()});const filter=(cov_1zn663m2ch().s[120]++,{_id:convertToObjectId('123')});cov_1zn663m2ch().s[121]++;sinon.stub(db,'updateOne').yields({});cov_1zn663m2ch().s[122]++;accountController.postEditRole(req,res);cov_1zn663m2ch().s[123]++;assert.isTrue(db.updateOne.calledOnce);cov_1zn663m2ch().s[124]++;assert.equal(db.updateOne.firstCall.args[0],Account);cov_1zn663m2ch().s[125]++;expect(db.updateOne.firstCall.args[1]).to.deep.equalInAnyOrder(filter);cov_1zn663m2ch().s[126]++;expect(db.updateOne.firstCall.args[2]).to.deep.equalInAnyOrder({role:req.body.editAccountRole});cov_1zn663m2ch().s[127]++;db.convertToObjectId.restore();cov_1zn663m2ch().s[128]++;db.updateOne.restore();",
              "err": {},
              "uuid": "e615df8a-47bc-445e-8fdc-85d87e649dd3",
              "parentUUID": "41ae281e-0c6c-4128-b32b-83806bcadf58",
              "isHook": false,
              "skipped": false
            }
          ],
          "suites": [],
          "passes": [
            "e615df8a-47bc-445e-8fdc-85d87e649dd3"
          ],
          "failures": [],
          "pending": [],
          "skipped": [],
          "duration": 4,
          "root": false,
          "rootEmpty": false,
          "_timeout": 10000
        },
        {
          "uuid": "fbffb8c0-6f1a-48d0-9c99-ff698e17c6ea",
          "title": "the function to delete the selected user account",
          "fullFile": "C:\\Users\\Edward\\Documents\\powerzone-inventory\\test\\account-controller-test.js",
          "file": "\\test\\account-controller-test.js",
          "beforeHooks": [],
          "afterHooks": [],
          "tests": [
            {
              "title": "should delete the account only once",
              "fullTitle": "the function to delete the selected user account should delete the account only once",
              "timedOut": false,
              "duration": 3,
              "state": "passed",
              "speed": "fast",
              "pass": true,
              "fail": false,
              "pending": false,
              "context": null,
              "code": "cov_1zn663m2ch().f[18]++;const convertToObjectId=(cov_1zn663m2ch().s[131]++,sinon.stub(db,'convertToObjectId'));cov_1zn663m2ch().s[132]++;convertToObjectId.returns('123');const req=(cov_1zn663m2ch().s[133]++,{body:{accountId:'123'}});const res=(cov_1zn663m2ch().s[134]++,{status:sinon.stub().returnsThis(),json:sinon.stub(),send:sinon.stub()});cov_1zn663m2ch().s[135]++;sinon.stub(db,'deleteOne').yields({});cov_1zn663m2ch().s[136]++;accountController.postDeleteAccount(req,res);cov_1zn663m2ch().s[137]++;assert.isTrue(db.deleteOne.calledOnce);cov_1zn663m2ch().s[138]++;db.convertToObjectId.restore();cov_1zn663m2ch().s[139]++;db.deleteOne.restore();",
              "err": {},
              "uuid": "f70e4a16-a61b-42b6-a19a-e10bd445348b",
              "parentUUID": "fbffb8c0-6f1a-48d0-9c99-ff698e17c6ea",
              "isHook": false,
              "skipped": false
            },
            {
              "title": "should delete the account with the correct arguments",
              "fullTitle": "the function to delete the selected user account should delete the account with the correct arguments",
              "timedOut": false,
              "duration": 4,
              "state": "passed",
              "speed": "fast",
              "pass": true,
              "fail": false,
              "pending": false,
              "context": null,
              "code": "cov_1zn663m2ch().f[19]++;const convertToObjectId=(cov_1zn663m2ch().s[141]++,sinon.stub(db,'convertToObjectId'));cov_1zn663m2ch().s[142]++;convertToObjectId.returns('123');const req=(cov_1zn663m2ch().s[143]++,{body:{accountId:'123'}});const res=(cov_1zn663m2ch().s[144]++,{status:sinon.stub().returnsThis(),json:sinon.stub(),send:sinon.stub()});const filter=(cov_1zn663m2ch().s[145]++,{_id:convertToObjectId('123')});cov_1zn663m2ch().s[146]++;sinon.stub(db,'deleteOne').yields({});cov_1zn663m2ch().s[147]++;accountController.postDeleteAccount(req,res);cov_1zn663m2ch().s[148]++;assert.equal(db.deleteOne.firstCall.args[0],Account);cov_1zn663m2ch().s[149]++;expect(db.deleteOne.firstCall.args[1]).to.deep.equalInAnyOrder(filter);cov_1zn663m2ch().s[150]++;db.convertToObjectId.restore();cov_1zn663m2ch().s[151]++;db.deleteOne.restore();",
              "err": {},
              "uuid": "9ab42f81-7141-476f-ab5e-a0ec0eb3dc17",
              "parentUUID": "fbffb8c0-6f1a-48d0-9c99-ff698e17c6ea",
              "isHook": false,
              "skipped": false
            }
          ],
          "suites": [],
          "passes": [
            "f70e4a16-a61b-42b6-a19a-e10bd445348b",
            "9ab42f81-7141-476f-ab5e-a0ec0eb3dc17"
          ],
          "failures": [],
          "pending": [],
          "skipped": [],
          "duration": 7,
          "root": false,
          "rootEmpty": false,
          "_timeout": 10000
        },
        {
          "uuid": "f9ed1352-9706-46f6-84d6-c6d0f8d41e6c",
          "title": "the function to edit the account details",
          "fullFile": "C:\\Users\\Edward\\Documents\\powerzone-inventory\\test\\account-controller-test.js",
          "file": "\\test\\account-controller-test.js",
          "beforeHooks": [
            {
              "title": "\"before each\" hook in \"the function to edit the account details\"",
              "fullTitle": "the function to edit the account details \"before each\" hook in \"the function to edit the account details\"",
              "timedOut": false,
              "duration": 0,
              "state": null,
              "speed": null,
              "pass": false,
              "fail": false,
              "pending": false,
              "context": null,
              "code": "cov_1zn663m2ch().f[21]++;cov_1zn663m2ch().s[154]++;res={status:sinon.stub().returnsThis(),json:sinon.stub(),send:sinon.stub()};",
              "err": {},
              "uuid": "b5ba16f0-1514-4215-b278-02251e0eeb6c",
              "parentUUID": "f9ed1352-9706-46f6-84d6-c6d0f8d41e6c",
              "isHook": true,
              "skipped": false
            }
          ],
          "afterHooks": [
            {
              "title": "\"after each\" hook in \"the function to edit the account details\"",
              "fullTitle": "the function to edit the account details \"after each\" hook in \"the function to edit the account details\"",
              "timedOut": false,
              "duration": 0,
              "state": null,
              "speed": null,
              "pass": false,
              "fail": false,
              "pending": false,
              "context": null,
              "code": "cov_1zn663m2ch().f[22]++;cov_1zn663m2ch().s[156]++;bcrypt.hash.restore();",
              "err": {},
              "uuid": "e50f3828-42e9-473e-b24a-0f8b0405adb0",
              "parentUUID": "f9ed1352-9706-46f6-84d6-c6d0f8d41e6c",
              "isHook": true,
              "skipped": false
            }
          ],
          "tests": [
            {
              "title": "should hash the password only once",
              "fullTitle": "the function to edit the account details should hash the password only once",
              "timedOut": false,
              "duration": 6,
              "state": "passed",
              "speed": "fast",
              "pass": true,
              "fail": false,
              "pending": false,
              "context": null,
              "code": "cov_1zn663m2ch().f[23]++;cov_1zn663m2ch().s[158]++;req={body:{editAccountEmail:'hello@gmail.com',editAccountFName:'hello',editAccountLName:'hello',editAccountUsername:'hello',editAccountNewPassword:'hello',editAccountConfirmPassword:'hello'},session:{username:'hello'}};cov_1zn663m2ch().s[159]++;hash='fasdfasdfa';cov_1zn663m2ch().s[160]++;sinon.stub(bcrypt,'hash').yields(null,hash);cov_1zn663m2ch().s[161]++;accountController.postEditAccount(req,res);cov_1zn663m2ch().s[162]++;assert.isTrue(bcrypt.hash.calledOnce);cov_1zn663m2ch().s[163]++;assert.equal(bcrypt.hash.firstCall.args[0],req.body.editAccountNewPassword);",
              "err": {},
              "uuid": "59356eb0-273c-4096-9ae5-0758ee515773",
              "parentUUID": "f9ed1352-9706-46f6-84d6-c6d0f8d41e6c",
              "isHook": false,
              "skipped": false
            },
            {
              "title": "should hash the correct password",
              "fullTitle": "the function to edit the account details should hash the correct password",
              "timedOut": false,
              "duration": 5,
              "state": "passed",
              "speed": "fast",
              "pass": true,
              "fail": false,
              "pending": false,
              "context": null,
              "code": "cov_1zn663m2ch().f[24]++;cov_1zn663m2ch().s[165]++;req={body:{editAccountEmail:'hello@gmail.com',editAccountFName:'hello',editAccountLName:'hello',editAccountUsername:'hello',editAccountNewPassword:'hello',editAccountConfirmPassword:'hello'},session:{username:'hello'}};cov_1zn663m2ch().s[166]++;hash='fasdfasdfa';cov_1zn663m2ch().s[167]++;sinon.stub(bcrypt,'hash').yields(null,hash);cov_1zn663m2ch().s[168]++;accountController.postEditAccount(req,res);cov_1zn663m2ch().s[169]++;assert.equal(bcrypt.hash.firstCall.args[0],req.body.editAccountNewPassword);",
              "err": {},
              "uuid": "624daf04-2d64-4799-898f-6eb110de48e4",
              "parentUUID": "f9ed1352-9706-46f6-84d6-c6d0f8d41e6c",
              "isHook": false,
              "skipped": false
            },
            {
              "title": "should hash the password for the specified number of rounds",
              "fullTitle": "the function to edit the account details should hash the password for the specified number of rounds",
              "timedOut": false,
              "duration": 1,
              "state": "passed",
              "speed": "fast",
              "pass": true,
              "fail": false,
              "pending": false,
              "context": null,
              "code": "cov_1zn663m2ch().f[25]++;cov_1zn663m2ch().s[171]++;req={body:{editAccountEmail:'hello@gmail.com',editAccountFName:'hello',editAccountLName:'hello',editAccountUsername:'hello',editAccountNewPassword:'hello',editAccountConfirmPassword:'hello'},session:{username:'hello'}};cov_1zn663m2ch().s[172]++;hash='fasdfasdfa';cov_1zn663m2ch().s[173]++;sinon.stub(bcrypt,'hash').yields(null,hash);cov_1zn663m2ch().s[174]++;accountController.postEditAccount(req,res);cov_1zn663m2ch().s[175]++;assert.equal(bcrypt.hash.firstCall.args[1],saltRounds);",
              "err": {},
              "uuid": "1c078337-c329-47c7-ae36-4d3c1458782f",
              "parentUUID": "f9ed1352-9706-46f6-84d6-c6d0f8d41e6c",
              "isHook": false,
              "skipped": false
            },
            {
              "title": "should not hash the password if the passwords do not match",
              "fullTitle": "the function to edit the account details should not hash the password if the passwords do not match",
              "timedOut": false,
              "duration": 2,
              "state": "passed",
              "speed": "fast",
              "pass": true,
              "fail": false,
              "pending": false,
              "context": null,
              "code": "cov_1zn663m2ch().f[26]++;cov_1zn663m2ch().s[177]++;req={body:{editAccountEmail:'hello@gmail.com',editAccountFName:'hello',editAccountLName:'hello',editAccountUsername:'hello',editAccountNewPassword:'hello',editAccountConfirmPassword:'hi'},session:{username:'hello'}};cov_1zn663m2ch().s[178]++;hash='fasdfasdfa';cov_1zn663m2ch().s[179]++;sinon.stub(bcrypt,'hash').yields(null,hash);cov_1zn663m2ch().s[180]++;accountController.postEditAccount(req,res);cov_1zn663m2ch().s[181]++;assert.isTrue(bcrypt.hash.notCalled);",
              "err": {},
              "uuid": "e8ef8291-4813-4cbf-9998-0eed5f1f90fa",
              "parentUUID": "f9ed1352-9706-46f6-84d6-c6d0f8d41e6c",
              "isHook": false,
              "skipped": false
            }
          ],
          "suites": [],
          "passes": [
            "59356eb0-273c-4096-9ae5-0758ee515773",
            "624daf04-2d64-4799-898f-6eb110de48e4",
            "1c078337-c329-47c7-ae36-4d3c1458782f",
            "e8ef8291-4813-4cbf-9998-0eed5f1f90fa"
          ],
          "failures": [],
          "pending": [],
          "skipped": [],
          "duration": 14,
          "root": false,
          "rootEmpty": false,
          "_timeout": 10000
        },
        {
          "uuid": "eb750228-e864-49af-9e5f-f3ee20ab68b1",
          "title": "the function to get the successful edit page",
          "fullFile": "C:\\Users\\Edward\\Documents\\powerzone-inventory\\test\\account-controller-test.js",
          "file": "\\test\\account-controller-test.js",
          "beforeHooks": [],
          "afterHooks": [],
          "tests": [
            {
              "title": "should render the page only once",
              "fullTitle": "the function to get the successful edit page should render the page only once",
              "timedOut": false,
              "duration": 3,
              "state": "passed",
              "speed": "fast",
              "pass": true,
              "fail": false,
              "pending": false,
              "context": null,
              "code": "cov_1zn663m2ch().f[28]++;const req=(cov_1zn663m2ch().s[184]++,sinon.spy());const res=(cov_1zn663m2ch().s[185]++,{render:sinon.spy()});cov_1zn663m2ch().s[186]++;accountController.getSuccessfulEdit(req,res);cov_1zn663m2ch().s[187]++;assert.isTrue(res.render.calledOnce);",
              "err": {},
              "uuid": "e6a79c9a-8ac4-41ff-b3d0-b02e608e74b2",
              "parentUUID": "eb750228-e864-49af-9e5f-f3ee20ab68b1",
              "isHook": false,
              "skipped": false
            },
            {
              "title": "should render the successful edit page",
              "fullTitle": "the function to get the successful edit page should render the successful edit page",
              "timedOut": false,
              "duration": 1,
              "state": "passed",
              "speed": "fast",
              "pass": true,
              "fail": false,
              "pending": false,
              "context": null,
              "code": "cov_1zn663m2ch().f[29]++;const req=(cov_1zn663m2ch().s[189]++,sinon.spy());const res=(cov_1zn663m2ch().s[190]++,{render:sinon.spy()});cov_1zn663m2ch().s[191]++;accountController.getSuccessfulEdit(req,res);cov_1zn663m2ch().s[192]++;assert.equal(res.render.firstCall.args[0],'successful-edit');",
              "err": {},
              "uuid": "40ee3546-ec30-4e5c-aaba-a8015830a706",
              "parentUUID": "eb750228-e864-49af-9e5f-f3ee20ab68b1",
              "isHook": false,
              "skipped": false
            }
          ],
          "suites": [],
          "passes": [
            "e6a79c9a-8ac4-41ff-b3d0-b02e608e74b2",
            "40ee3546-ec30-4e5c-aaba-a8015830a706"
          ],
          "failures": [],
          "pending": [],
          "skipped": [],
          "duration": 4,
          "root": false,
          "rootEmpty": false,
          "_timeout": 10000
        },
        {
          "uuid": "7e43f584-1ceb-4105-bcd1-9e650df1044c",
          "title": "the function to get the edit account page",
          "fullFile": "C:\\Users\\Edward\\Documents\\powerzone-inventory\\test\\account-controller-test.js",
          "file": "\\test\\account-controller-test.js",
          "beforeHooks": [],
          "afterHooks": [],
          "tests": [
            {
              "title": "should render the page only once",
              "fullTitle": "the function to get the edit account page should render the page only once",
              "timedOut": false,
              "duration": 1,
              "state": "passed",
              "speed": "fast",
              "pass": true,
              "fail": false,
              "pending": false,
              "context": null,
              "code": "cov_1zn663m2ch().f[31]++;const req=(cov_1zn663m2ch().s[195]++,sinon.spy());const res=(cov_1zn663m2ch().s[196]++,{render:sinon.spy()});cov_1zn663m2ch().s[197]++;accountController.getEditAccount(req,res);cov_1zn663m2ch().s[198]++;assert.isTrue(res.render.calledOnce);",
              "err": {},
              "uuid": "756656f5-8ea2-40ff-93e6-d2fcd5d0e1e0",
              "parentUUID": "7e43f584-1ceb-4105-bcd1-9e650df1044c",
              "isHook": false,
              "skipped": false
            },
            {
              "title": "should render the successful edit page",
              "fullTitle": "the function to get the edit account page should render the successful edit page",
              "timedOut": false,
              "duration": 1,
              "state": "passed",
              "speed": "fast",
              "pass": true,
              "fail": false,
              "pending": false,
              "context": null,
              "code": "cov_1zn663m2ch().f[32]++;const req=(cov_1zn663m2ch().s[200]++,sinon.spy());const res=(cov_1zn663m2ch().s[201]++,{render:sinon.spy()});cov_1zn663m2ch().s[202]++;accountController.getEditAccount(req,res);cov_1zn663m2ch().s[203]++;assert.equal(res.render.firstCall.args[0],'edit-account');",
              "err": {},
              "uuid": "7dd0d82b-d210-49f4-a830-33c1bc340569",
              "parentUUID": "7e43f584-1ceb-4105-bcd1-9e650df1044c",
              "isHook": false,
              "skipped": false
            }
          ],
          "suites": [],
          "passes": [
            "756656f5-8ea2-40ff-93e6-d2fcd5d0e1e0",
            "7dd0d82b-d210-49f4-a830-33c1bc340569"
          ],
          "failures": [],
          "pending": [],
          "skipped": [],
          "duration": 2,
          "root": false,
          "rootEmpty": false,
          "_timeout": 10000
        },
        {
          "uuid": "74befa30-fbe5-4359-8cc3-8a11ed1587ab",
          "title": "the utility function for retrieving the details of all non-administrator accounts",
          "fullFile": "C:\\Users\\Edward\\Documents\\powerzone-inventory\\test\\account-controller-util-test.js",
          "file": "\\test\\account-controller-util-test.js",
          "beforeHooks": [],
          "afterHooks": [],
          "tests": [
            {
              "title": "should return all the retrieved accounts",
              "fullTitle": "the utility function for retrieving the details of all non-administrator accounts should return all the retrieved accounts",
              "timedOut": false,
              "duration": 1,
              "state": "passed",
              "speed": "fast",
              "pass": true,
              "fail": false,
              "pending": false,
              "context": null,
              "code": "cov_7bxxx7q81().f[1]++;const dbResult=(cov_7bxxx7q81().s[6]++,[{_id:'01234',firstName:'mark',lastName:'sy',username:'cheems',role:'inventory-manager',status:'pending'},{_id:'01235',firstName:'bark',lastName:'see',username:'doge',role:'transaction-cashier',status:'rejected'}]);const result=(cov_7bxxx7q81().s[7]++,accountControllerUtil.accountUtil(dbResult));cov_7bxxx7q81().s[8]++;expect(result).to.deep.equalInAnyOrder({accountDetails:dbResult});",
              "err": {},
              "uuid": "43b380f6-c87d-458d-8037-8dc90f0bcbcd",
              "parentUUID": "74befa30-fbe5-4359-8cc3-8a11ed1587ab",
              "isHook": false,
              "skipped": false
            },
            {
              "title": "should exclude the administrator account from the retrieved accounts",
              "fullTitle": "the utility function for retrieving the details of all non-administrator accounts should exclude the administrator account from the retrieved accounts",
              "timedOut": false,
              "duration": 0,
              "state": "passed",
              "speed": "fast",
              "pass": true,
              "fail": false,
              "pending": false,
              "context": null,
              "code": "cov_7bxxx7q81().f[2]++;const dbResult=(cov_7bxxx7q81().s[10]++,[{_id:'01234',firstName:'mark',lastName:'sy',username:'cheems',role:'inventory-manager',status:'pending'},{_id:'01235',firstName:'bark',lastName:'see',username:'doge',role:'transaction-cashier',status:'rejected'},{_id:'01236',firstName:'bork',lastName:'chua',username:'zoie',role:'administrator',status:'rejected'}]);const expectedResult=(cov_7bxxx7q81().s[11]++,[{_id:'01234',firstName:'mark',lastName:'sy',username:'cheems',role:'inventory-manager',status:'pending'},{_id:'01235',firstName:'bark',lastName:'see',username:'doge',role:'transaction-cashier',status:'rejected'}]);const result=(cov_7bxxx7q81().s[12]++,accountControllerUtil.accountUtil(dbResult));cov_7bxxx7q81().s[13]++;expect(result).to.deep.equalInAnyOrder({accountDetails:expectedResult});",
              "err": {},
              "uuid": "120f3dc5-9157-4ce6-ab73-57df09c940f3",
              "parentUUID": "74befa30-fbe5-4359-8cc3-8a11ed1587ab",
              "isHook": false,
              "skipped": false
            }
          ],
          "suites": [],
          "passes": [
            "43b380f6-c87d-458d-8037-8dc90f0bcbcd",
            "120f3dc5-9157-4ce6-ab73-57df09c940f3"
          ],
          "failures": [],
          "pending": [],
          "skipped": [],
          "duration": 1,
          "root": false,
          "rootEmpty": false,
          "_timeout": 10000
        },
        {
          "uuid": "57715d76-3572-447c-9194-652188dc0fe5",
          "title": "the function to convert a role to its equivalent value in the database",
          "fullFile": "C:\\Users\\Edward\\Documents\\powerzone-inventory\\test\\account-util-test.js",
          "file": "\\test\\account-util-test.js",
          "beforeHooks": [],
          "afterHooks": [],
          "tests": [
            {
              "title": "should return a string",
              "fullTitle": "the function to convert a role to its equivalent value in the database should return a string",
              "timedOut": false,
              "duration": 1,
              "state": "passed",
              "speed": "fast",
              "pass": true,
              "fail": false,
              "pending": false,
              "context": null,
              "code": "cov_hu8c4dai0().f[1]++;const result=(cov_hu8c4dai0().s[4]++,getRoleValue('Inventory Manager'));cov_hu8c4dai0().s[5]++;assert.isString(result);",
              "err": {},
              "uuid": "131c8f0e-8446-4cf8-9129-63eb284b1ce9",
              "parentUUID": "57715d76-3572-447c-9194-652188dc0fe5",
              "isHook": false,
              "skipped": false
            },
            {
              "title": "should return inventory-manager if the role is Inventory Manager",
              "fullTitle": "the function to convert a role to its equivalent value in the database should return inventory-manager if the role is Inventory Manager",
              "timedOut": false,
              "duration": 0,
              "state": "passed",
              "speed": "fast",
              "pass": true,
              "fail": false,
              "pending": false,
              "context": null,
              "code": "cov_hu8c4dai0().f[2]++;const result=(cov_hu8c4dai0().s[7]++,getRoleValue('Inventory Manager'));cov_hu8c4dai0().s[8]++;assert.equal(result,'inventory-manager');",
              "err": {},
              "uuid": "97d1d086-535e-4e39-b757-a7d0992f066e",
              "parentUUID": "57715d76-3572-447c-9194-652188dc0fe5",
              "isHook": false,
              "skipped": false
            },
            {
              "title": "should return transaction-cashier if the role is Transaction Cashier",
              "fullTitle": "the function to convert a role to its equivalent value in the database should return transaction-cashier if the role is Transaction Cashier",
              "timedOut": false,
              "duration": 0,
              "state": "passed",
              "speed": "fast",
              "pass": true,
              "fail": false,
              "pending": false,
              "context": null,
              "code": "cov_hu8c4dai0().f[3]++;const result=(cov_hu8c4dai0().s[10]++,getRoleValue('Transaction Cashier'));cov_hu8c4dai0().s[11]++;assert.equal(result,'transaction-cashier');",
              "err": {},
              "uuid": "58c18471-c0d4-42e4-8b8d-1482a167eb0f",
              "parentUUID": "57715d76-3572-447c-9194-652188dc0fe5",
              "isHook": false,
              "skipped": false
            },
            {
              "title": "should return delivery-manager if the role is Delivery Manager",
              "fullTitle": "the function to convert a role to its equivalent value in the database should return delivery-manager if the role is Delivery Manager",
              "timedOut": false,
              "duration": 1,
              "state": "passed",
              "speed": "fast",
              "pass": true,
              "fail": false,
              "pending": false,
              "context": null,
              "code": "cov_hu8c4dai0().f[4]++;const result=(cov_hu8c4dai0().s[13]++,getRoleValue('Delivery Manager'));cov_hu8c4dai0().s[14]++;assert.equal(result,'delivery-manager');",
              "err": {},
              "uuid": "415d5a71-b3db-4fff-89b4-45a6546ab625",
              "parentUUID": "57715d76-3572-447c-9194-652188dc0fe5",
              "isHook": false,
              "skipped": false
            }
          ],
          "suites": [],
          "passes": [
            "131c8f0e-8446-4cf8-9129-63eb284b1ce9",
            "97d1d086-535e-4e39-b757-a7d0992f066e",
            "58c18471-c0d4-42e4-8b8d-1482a167eb0f",
            "415d5a71-b3db-4fff-89b4-45a6546ab625"
          ],
          "failures": [],
          "pending": [],
          "skipped": [],
          "duration": 2,
          "root": false,
          "rootEmpty": false,
          "_timeout": 10000
        },
        {
          "uuid": "260c6511-a84a-4f6a-a828-d5e6701363ea",
          "title": "the function to organizing the details across all the delivery items",
          "fullFile": "C:\\Users\\Edward\\Documents\\powerzone-inventory\\test\\delivery-controller-util.js",
          "file": "\\test\\delivery-controller-util.js",
          "beforeHooks": [],
          "afterHooks": [],
          "tests": [
            {
              "title": "should include the correct details of the delivery items without null date values but with single-digit date components",
              "fullTitle": "the function to organizing the details across all the delivery items should include the correct details of the delivery items without null date values but with single-digit date components",
              "timedOut": false,
              "duration": 2,
              "state": "passed",
              "speed": "fast",
              "pass": true,
              "fail": false,
              "pending": false,
              "context": null,
              "code": "cov_ziwukgmr2().f[1]++;const dbResult=(cov_ziwukgmr2().s[6]++,[{id:'123',customer:'kurisu',dropoff:'nakahara',status:'pending',date:new Date('2021/2/2')},{id:'124',customer:'misaki',dropoff:'makise',status:'cancelled',date:new Date('2022/1/3')}]);const expectedResult=(cov_ziwukgmr2().s[7]++,{customers:['kurisu','misaki'],dates:['02/02/2021','01/03/2022'],dropoffs:['makise','nakahara'],ids:['123','124'],statuses:['cancelled','pending']});const result=(cov_ziwukgmr2().s[8]++,deliveryControllerUtil.deliveryUtil(dbResult));cov_ziwukgmr2().s[9]++;expect(result).to.deep.equalInAnyOrder(expectedResult);",
              "err": {},
              "uuid": "df9c4700-fa4e-423b-9125-bccf997b6e81",
              "parentUUID": "260c6511-a84a-4f6a-a828-d5e6701363ea",
              "isHook": false,
              "skipped": false
            },
            {
              "title": "should include the correct details of the delivery items without null date values and without single-digit date components",
              "fullTitle": "the function to organizing the details across all the delivery items should include the correct details of the delivery items without null date values and without single-digit date components",
              "timedOut": false,
              "duration": 1,
              "state": "passed",
              "speed": "fast",
              "pass": true,
              "fail": false,
              "pending": false,
              "context": null,
              "code": "cov_ziwukgmr2().f[2]++;const dbResult=(cov_ziwukgmr2().s[11]++,[{id:'123',customer:'kurisu',dropoff:'nakahara',status:'pending',date:new Date('2021/10/22')},{id:'124',customer:'misaki',dropoff:'makise',status:'cancelled',date:new Date('2022/11/13')}]);const expectedResult=(cov_ziwukgmr2().s[12]++,{customers:['kurisu','misaki'],dates:['10/22/2021','11/13/2022'],dropoffs:['makise','nakahara'],ids:['123','124'],statuses:['cancelled','pending']});const result=(cov_ziwukgmr2().s[13]++,deliveryControllerUtil.deliveryUtil(dbResult));cov_ziwukgmr2().s[14]++;expect(result).to.deep.equalInAnyOrder(expectedResult);",
              "err": {},
              "uuid": "1851ccac-e096-49c5-a177-0ca3a57f6b1f",
              "parentUUID": "260c6511-a84a-4f6a-a828-d5e6701363ea",
              "isHook": false,
              "skipped": false
            },
            {
              "title": "should include the correct details of the delivery items, including those with null date values",
              "fullTitle": "the function to organizing the details across all the delivery items should include the correct details of the delivery items, including those with null date values",
              "timedOut": false,
              "duration": 1,
              "state": "passed",
              "speed": "fast",
              "pass": true,
              "fail": false,
              "pending": false,
              "context": null,
              "code": "cov_ziwukgmr2().f[3]++;const dbResult=(cov_ziwukgmr2().s[16]++,[{id:'123',customer:'kurisu',dropoff:'nakahara',status:'pending',date:null},{id:'124',customer:'misaki',dropoff:'makise',status:'cancelled',date:new Date('2022/1/12')}]);const expectedResult=(cov_ziwukgmr2().s[17]++,{customers:['kurisu','misaki'],dates:[null,'01/12/2022'],dropoffs:['makise','nakahara'],ids:['123','124'],statuses:['cancelled','pending']});const result=(cov_ziwukgmr2().s[18]++,deliveryControllerUtil.deliveryUtil(dbResult));cov_ziwukgmr2().s[19]++;expect(result).to.deep.equalInAnyOrder(expectedResult);",
              "err": {},
              "uuid": "a48c8c25-7ce6-494f-8929-19f197eb489a",
              "parentUUID": "260c6511-a84a-4f6a-a828-d5e6701363ea",
              "isHook": false,
              "skipped": false
            }
          ],
          "suites": [],
          "passes": [
            "df9c4700-fa4e-423b-9125-bccf997b6e81",
            "1851ccac-e096-49c5-a177-0ca3a57f6b1f",
            "a48c8c25-7ce6-494f-8929-19f197eb489a"
          ],
          "failures": [],
          "pending": [],
          "skipped": [],
          "duration": 4,
          "root": false,
          "rootEmpty": false,
          "_timeout": 10000
        },
        {
          "uuid": "87606454-1b1c-4086-ac7c-81d98cf9f766",
          "title": "the function to convert a fuel to its equivalent value in the database",
          "fullFile": "C:\\Users\\Edward\\Documents\\powerzone-inventory\\test\\edit-stock-util-test.js",
          "file": "\\test\\edit-stock-util-test.js",
          "beforeHooks": [],
          "afterHooks": [],
          "tests": [
            {
              "title": "should return a string",
              "fullTitle": "the function to convert a fuel to its equivalent value in the database should return a string",
              "timedOut": false,
              "duration": 1,
              "state": "passed",
              "speed": "fast",
              "pass": true,
              "fail": false,
              "pending": false,
              "context": null,
              "code": "cov_2rgijqymnx().f[1]++;const result=(cov_2rgijqymnx().s[4]++,getFuelValue('Gasoline'));cov_2rgijqymnx().s[5]++;assert.isString(result);",
              "err": {},
              "uuid": "0c2486de-8490-412f-841b-8ef89a805d09",
              "parentUUID": "87606454-1b1c-4086-ac7c-81d98cf9f766",
              "isHook": false,
              "skipped": false
            },
            {
              "title": "should return gasoline if the fuel is Gasoline",
              "fullTitle": "the function to convert a fuel to its equivalent value in the database should return gasoline if the fuel is Gasoline",
              "timedOut": false,
              "duration": 0,
              "state": "passed",
              "speed": "fast",
              "pass": true,
              "fail": false,
              "pending": false,
              "context": null,
              "code": "cov_2rgijqymnx().f[2]++;const result=(cov_2rgijqymnx().s[7]++,getFuelValue('Gasoline'));cov_2rgijqymnx().s[8]++;assert.equal(result,'gasoline');",
              "err": {},
              "uuid": "2d004664-be57-4ef6-9995-0c6f1ed0c3e4",
              "parentUUID": "87606454-1b1c-4086-ac7c-81d98cf9f766",
              "isHook": false,
              "skipped": false
            },
            {
              "title": "should return premium-gasoline-95 if the fuel is Premium Gasoline 95",
              "fullTitle": "the function to convert a fuel to its equivalent value in the database should return premium-gasoline-95 if the fuel is Premium Gasoline 95",
              "timedOut": false,
              "duration": 0,
              "state": "passed",
              "speed": "fast",
              "pass": true,
              "fail": false,
              "pending": false,
              "context": null,
              "code": "cov_2rgijqymnx().f[3]++;const result=(cov_2rgijqymnx().s[10]++,getFuelValue('Premium Gasoline 95'));cov_2rgijqymnx().s[11]++;assert.equal(result,'premium-gasoline-95');",
              "err": {},
              "uuid": "7e5c5fad-9fe9-45da-b770-f096c2586590",
              "parentUUID": "87606454-1b1c-4086-ac7c-81d98cf9f766",
              "isHook": false,
              "skipped": false
            },
            {
              "title": "should return diesel if the fuel is Diesel",
              "fullTitle": "the function to convert a fuel to its equivalent value in the database should return diesel if the fuel is Diesel",
              "timedOut": false,
              "duration": 1,
              "state": "passed",
              "speed": "fast",
              "pass": true,
              "fail": false,
              "pending": false,
              "context": null,
              "code": "cov_2rgijqymnx().f[4]++;const result=(cov_2rgijqymnx().s[13]++,getFuelValue('Diesel'));cov_2rgijqymnx().s[14]++;assert.equal(result,'diesel');",
              "err": {},
              "uuid": "6b1fdfc9-f057-4006-afeb-5efbbeeaaed9",
              "parentUUID": "87606454-1b1c-4086-ac7c-81d98cf9f766",
              "isHook": false,
              "skipped": false
            },
            {
              "title": "should return premium-gasoline-97 if the fuel is Premium Gasoline 97",
              "fullTitle": "the function to convert a fuel to its equivalent value in the database should return premium-gasoline-97 if the fuel is Premium Gasoline 97",
              "timedOut": false,
              "duration": 0,
              "state": "passed",
              "speed": "fast",
              "pass": true,
              "fail": false,
              "pending": false,
              "context": null,
              "code": "cov_2rgijqymnx().f[5]++;const result=(cov_2rgijqymnx().s[16]++,getFuelValue('Premium Gasoline 97'));cov_2rgijqymnx().s[17]++;assert.equal(result,'premium-gasoline-97');",
              "err": {},
              "uuid": "fd6f3e26-e3cf-4d62-9069-bdfc6cbeb752",
              "parentUUID": "87606454-1b1c-4086-ac7c-81d98cf9f766",
              "isHook": false,
              "skipped": false
            },
            {
              "title": "should return kerosene if the fuel is Kerosene",
              "fullTitle": "the function to convert a fuel to its equivalent value in the database should return kerosene if the fuel is Kerosene",
              "timedOut": false,
              "duration": 0,
              "state": "passed",
              "speed": "fast",
              "pass": true,
              "fail": false,
              "pending": false,
              "context": null,
              "code": "cov_2rgijqymnx().f[6]++;const result=(cov_2rgijqymnx().s[19]++,getFuelValue('Kerosene'));cov_2rgijqymnx().s[20]++;assert.equal(result,'kerosene');",
              "err": {},
              "uuid": "35df1ae7-f8ee-4085-8de9-1f4def48e9e9",
              "parentUUID": "87606454-1b1c-4086-ac7c-81d98cf9f766",
              "isHook": false,
              "skipped": false
            }
          ],
          "suites": [],
          "passes": [
            "0c2486de-8490-412f-841b-8ef89a805d09",
            "2d004664-be57-4ef6-9995-0c6f1ed0c3e4",
            "7e5c5fad-9fe9-45da-b770-f096c2586590",
            "6b1fdfc9-f057-4006-afeb-5efbbeeaaed9",
            "fd6f3e26-e3cf-4d62-9069-bdfc6cbeb752",
            "35df1ae7-f8ee-4085-8de9-1f4def48e9e9"
          ],
          "failures": [],
          "pending": [],
          "skipped": [],
          "duration": 2,
          "root": false,
          "rootEmpty": false,
          "_timeout": 10000
        },
        {
          "uuid": "b9f15297-a0f7-4993-9a17-b9de32633d23",
          "title": "the function to display an error message",
          "fullFile": "C:\\Users\\Edward\\Documents\\powerzone-inventory\\test\\general-util-test.js",
          "file": "\\test\\general-util-test.js",
          "beforeHooks": [
            {
              "title": "\"before each\" hook in \"the function to display an error message\"",
              "fullTitle": "the function to display an error message \"before each\" hook in \"the function to display an error message\"",
              "timedOut": false,
              "duration": 198,
              "state": null,
              "speed": null,
              "pass": false,
              "fail": false,
              "pending": false,
              "context": null,
              "code": "cov_18868q0w6f().f[1]++;const dom=(cov_18868q0w6f().s[8]++,new JSDOM(htmlDom,{url:'http://localhost'}));cov_18868q0w6f().s[9]++;global.window=dom.window;cov_18868q0w6f().s[10]++;global.document=dom.window.document;cov_18868q0w6f().s[11]++;global.$=global.jQuery=require('jquery');",
              "err": {},
              "uuid": "d3c052d3-0899-44c8-a259-e174dd5ff000",
              "parentUUID": "b9f15297-a0f7-4993-9a17-b9de32633d23",
              "isHook": true,
              "skipped": false
            }
          ],
          "afterHooks": [],
          "tests": [
            {
              "title": "should add d-block as one of the classes",
              "fullTitle": "the function to display an error message should add d-block as one of the classes",
              "timedOut": false,
              "duration": 2,
              "state": "passed",
              "speed": "fast",
              "pass": true,
              "fail": false,
              "pending": false,
              "context": null,
              "code": "cov_18868q0w6f().f[2]++;cov_18868q0w6f().s[13]++;displayErrorMessage($('#error'));const result=(cov_18868q0w6f().s[14]++,$('#error').attr('class').includes('d-block'));cov_18868q0w6f().s[15]++;assert.isTrue(result);",
              "err": {},
              "uuid": "daeed81a-49ca-44c8-9b58-a6a74fc64b20",
              "parentUUID": "b9f15297-a0f7-4993-9a17-b9de32633d23",
              "isHook": false,
              "skipped": false
            }
          ],
          "suites": [],
          "passes": [
            "daeed81a-49ca-44c8-9b58-a6a74fc64b20"
          ],
          "failures": [],
          "pending": [],
          "skipped": [],
          "duration": 2,
          "root": false,
          "rootEmpty": false,
          "_timeout": 10000
        },
        {
          "uuid": "b0ac95e4-de81-4776-bbcf-67f20adc227a",
          "title": "the function to hide an error message",
          "fullFile": "C:\\Users\\Edward\\Documents\\powerzone-inventory\\test\\general-util-test.js",
          "file": "\\test\\general-util-test.js",
          "beforeHooks": [
            {
              "title": "\"before each\" hook in \"the function to hide an error message\"",
              "fullTitle": "the function to hide an error message \"before each\" hook in \"the function to hide an error message\"",
              "timedOut": false,
              "duration": 33,
              "state": null,
              "speed": null,
              "pass": false,
              "fail": false,
              "pending": false,
              "context": null,
              "code": "cov_18868q0w6f().f[4]++;const dom=(cov_18868q0w6f().s[18]++,new JSDOM(htmlDom,{url:'http://localhost'}));cov_18868q0w6f().s[19]++;global.window=dom.window;cov_18868q0w6f().s[20]++;global.document=dom.window.document;cov_18868q0w6f().s[21]++;global.$=global.jQuery=require('jquery');",
              "err": {},
              "uuid": "a6ad96b2-3329-4ba3-b96e-08733c473d71",
              "parentUUID": "b0ac95e4-de81-4776-bbcf-67f20adc227a",
              "isHook": true,
              "skipped": false
            }
          ],
          "afterHooks": [],
          "tests": [
            {
              "title": "should add d-block as one of the classes",
              "fullTitle": "the function to hide an error message should add d-block as one of the classes",
              "timedOut": false,
              "duration": 0,
              "state": "passed",
              "speed": "fast",
              "pass": true,
              "fail": false,
              "pending": false,
              "context": null,
              "code": "cov_18868q0w6f().f[5]++;cov_18868q0w6f().s[23]++;hideErrorMessage($('#error'));const result=(cov_18868q0w6f().s[24]++,$('#error').attr('class').includes('d-block'));cov_18868q0w6f().s[25]++;assert.isFalse(result);",
              "err": {},
              "uuid": "4e7f6605-b06b-4af8-b1ec-ba902d513c41",
              "parentUUID": "b0ac95e4-de81-4776-bbcf-67f20adc227a",
              "isHook": false,
              "skipped": false
            }
          ],
          "suites": [],
          "passes": [
            "4e7f6605-b06b-4af8-b1ec-ba902d513c41"
          ],
          "failures": [],
          "pending": [],
          "skipped": [],
          "duration": 0,
          "root": false,
          "rootEmpty": false,
          "_timeout": 10000
        },
        {
          "uuid": "af72e32e-287e-4de9-84ba-eca9b2fbfac2",
          "title": "the function to enable a button",
          "fullFile": "C:\\Users\\Edward\\Documents\\powerzone-inventory\\test\\general-util-test.js",
          "file": "\\test\\general-util-test.js",
          "beforeHooks": [
            {
              "title": "\"before each\" hook in \"the function to enable a button\"",
              "fullTitle": "the function to enable a button \"before each\" hook in \"the function to enable a button\"",
              "timedOut": false,
              "duration": 26,
              "state": null,
              "speed": null,
              "pass": false,
              "fail": false,
              "pending": false,
              "context": null,
              "code": "cov_18868q0w6f().f[7]++;const dom=(cov_18868q0w6f().s[28]++,new JSDOM(htmlDom,{url:'http://localhost'}));cov_18868q0w6f().s[29]++;global.window=dom.window;cov_18868q0w6f().s[30]++;global.document=dom.window.document;cov_18868q0w6f().s[31]++;global.$=global.jQuery=require('jquery');",
              "err": {},
              "uuid": "a29f4dc6-acd6-4ff0-b7e9-7a41e8fc0ec5",
              "parentUUID": "af72e32e-287e-4de9-84ba-eca9b2fbfac2",
              "isHook": true,
              "skipped": false
            }
          ],
          "afterHooks": [],
          "tests": [
            {
              "title": "should set the disabled property to false",
              "fullTitle": "the function to enable a button should set the disabled property to false",
              "timedOut": false,
              "duration": 1,
              "state": "passed",
              "speed": "fast",
              "pass": true,
              "fail": false,
              "pending": false,
              "context": null,
              "code": "cov_18868q0w6f().f[8]++;cov_18868q0w6f().s[33]++;enableButton($('#register'));const result=(cov_18868q0w6f().s[34]++,$('#register').prop('disabled'));cov_18868q0w6f().s[35]++;assert.isFalse(result);",
              "err": {},
              "uuid": "4192d467-bebb-43d1-947b-bfdbf12d96ad",
              "parentUUID": "af72e32e-287e-4de9-84ba-eca9b2fbfac2",
              "isHook": false,
              "skipped": false
            }
          ],
          "suites": [],
          "passes": [
            "4192d467-bebb-43d1-947b-bfdbf12d96ad"
          ],
          "failures": [],
          "pending": [],
          "skipped": [],
          "duration": 1,
          "root": false,
          "rootEmpty": false,
          "_timeout": 10000
        },
        {
          "uuid": "3ee530cd-d4ad-493f-a3d2-791ab9a762b8",
          "title": "the function to disable a button",
          "fullFile": "C:\\Users\\Edward\\Documents\\powerzone-inventory\\test\\general-util-test.js",
          "file": "\\test\\general-util-test.js",
          "beforeHooks": [
            {
              "title": "\"before each\" hook in \"the function to disable a button\"",
              "fullTitle": "the function to disable a button \"before each\" hook in \"the function to disable a button\"",
              "timedOut": false,
              "duration": 30,
              "state": null,
              "speed": null,
              "pass": false,
              "fail": false,
              "pending": false,
              "context": null,
              "code": "cov_18868q0w6f().f[10]++;const dom=(cov_18868q0w6f().s[38]++,new JSDOM(htmlDom,{url:'http://localhost'}));cov_18868q0w6f().s[39]++;global.window=dom.window;cov_18868q0w6f().s[40]++;global.document=dom.window.document;cov_18868q0w6f().s[41]++;global.$=global.jQuery=require('jquery');",
              "err": {},
              "uuid": "451aa045-495d-4cc4-8e14-c38f917f1387",
              "parentUUID": "3ee530cd-d4ad-493f-a3d2-791ab9a762b8",
              "isHook": true,
              "skipped": false
            }
          ],
          "afterHooks": [],
          "tests": [
            {
              "title": "should set the disabled property to true",
              "fullTitle": "the function to disable a button should set the disabled property to true",
              "timedOut": false,
              "duration": 0,
              "state": "passed",
              "speed": "fast",
              "pass": true,
              "fail": false,
              "pending": false,
              "context": null,
              "code": "cov_18868q0w6f().f[11]++;cov_18868q0w6f().s[43]++;disableButton($('#register'));const result=(cov_18868q0w6f().s[44]++,$('#register').prop('disabled'));cov_18868q0w6f().s[45]++;assert.isTrue(result);",
              "err": {},
              "uuid": "66598499-fe94-437e-b479-7bd5757f0347",
              "parentUUID": "3ee530cd-d4ad-493f-a3d2-791ab9a762b8",
              "isHook": false,
              "skipped": false
            }
          ],
          "suites": [],
          "passes": [
            "66598499-fe94-437e-b479-7bd5757f0347"
          ],
          "failures": [],
          "pending": [],
          "skipped": [],
          "duration": 0,
          "root": false,
          "rootEmpty": false,
          "_timeout": 10000
        },
        {
          "uuid": "d3cb2597-10e1-4231-855d-98e28fa7b2f7",
          "title": "the function to check if a field is blank",
          "fullFile": "C:\\Users\\Edward\\Documents\\powerzone-inventory\\test\\general-util-test.js",
          "file": "\\test\\general-util-test.js",
          "beforeHooks": [
            {
              "title": "\"before each\" hook in \"the function to check if a field is blank\"",
              "fullTitle": "the function to check if a field is blank \"before each\" hook in \"the function to check if a field is blank\"",
              "timedOut": false,
              "duration": 19,
              "state": null,
              "speed": null,
              "pass": false,
              "fail": false,
              "pending": false,
              "context": null,
              "code": "cov_18868q0w6f().f[13]++;const dom=(cov_18868q0w6f().s[48]++,new JSDOM(htmlDom,{url:'http://localhost'}));cov_18868q0w6f().s[49]++;global.window=dom.window;cov_18868q0w6f().s[50]++;global.document=dom.window.document;cov_18868q0w6f().s[51]++;global.$=global.jQuery=require('jquery');",
              "err": {},
              "uuid": "04b3b647-c2b3-4c62-bdb3-3983003b1705",
              "parentUUID": "d3cb2597-10e1-4231-855d-98e28fa7b2f7",
              "isHook": true,
              "skipped": false
            }
          ],
          "afterHooks": [],
          "tests": [
            {
              "title": "should return a Boolean",
              "fullTitle": "the function to check if a field is blank should return a Boolean",
              "timedOut": false,
              "duration": 0,
              "state": "passed",
              "speed": "fast",
              "pass": true,
              "fail": false,
              "pending": false,
              "context": null,
              "code": "cov_18868q0w6f().f[14]++;const result=(cov_18868q0w6f().s[53]++,isBlankField($('#fname'),true));cov_18868q0w6f().s[54]++;assert.isBoolean(result);",
              "err": {},
              "uuid": "ee36afcb-ccc4-49d6-ab8c-e072cb2eb01c",
              "parentUUID": "d3cb2597-10e1-4231-855d-98e28fa7b2f7",
              "isHook": false,
              "skipped": false
            },
            {
              "title": "should return true if the field is empty and trimmed is set to true",
              "fullTitle": "the function to check if a field is blank should return true if the field is empty and trimmed is set to true",
              "timedOut": false,
              "duration": 0,
              "state": "passed",
              "speed": "fast",
              "pass": true,
              "fail": false,
              "pending": false,
              "context": null,
              "code": "cov_18868q0w6f().f[15]++;const result=(cov_18868q0w6f().s[56]++,isBlankField($('#fname'),true));cov_18868q0w6f().s[57]++;assert.isTrue(result);",
              "err": {},
              "uuid": "76568037-309b-4d14-84b4-e5b083509189",
              "parentUUID": "d3cb2597-10e1-4231-855d-98e28fa7b2f7",
              "isHook": false,
              "skipped": false
            },
            {
              "title": "should return true if the field is empty and trimmed is set to false",
              "fullTitle": "the function to check if a field is blank should return true if the field is empty and trimmed is set to false",
              "timedOut": false,
              "duration": 0,
              "state": "passed",
              "speed": "fast",
              "pass": true,
              "fail": false,
              "pending": false,
              "context": null,
              "code": "cov_18868q0w6f().f[16]++;const result=(cov_18868q0w6f().s[59]++,isBlankField($('#fname'),false));cov_18868q0w6f().s[60]++;assert.isTrue(result);",
              "err": {},
              "uuid": "d6f7bac4-7b3b-4ada-bbb2-a10f78d8dcfb",
              "parentUUID": "d3cb2597-10e1-4231-855d-98e28fa7b2f7",
              "isHook": false,
              "skipped": false
            },
            {
              "title": "should return true if the field only has spaces and trimmed is set to true",
              "fullTitle": "the function to check if a field is blank should return true if the field only has spaces and trimmed is set to true",
              "timedOut": false,
              "duration": 1,
              "state": "passed",
              "speed": "fast",
              "pass": true,
              "fail": false,
              "pending": false,
              "context": null,
              "code": "cov_18868q0w6f().f[17]++;cov_18868q0w6f().s[62]++;$('#fname').val('    ');const result=(cov_18868q0w6f().s[63]++,isBlankField($('#fname'),true));cov_18868q0w6f().s[64]++;assert.isTrue(result);",
              "err": {},
              "uuid": "0f4b0268-4540-40ee-86d6-7bbfbb422e85",
              "parentUUID": "d3cb2597-10e1-4231-855d-98e28fa7b2f7",
              "isHook": false,
              "skipped": false
            },
            {
              "title": "should return false if the field only has spaces and trimmed is set to false",
              "fullTitle": "the function to check if a field is blank should return false if the field only has spaces and trimmed is set to false",
              "timedOut": false,
              "duration": 0,
              "state": "passed",
              "speed": "fast",
              "pass": true,
              "fail": false,
              "pending": false,
              "context": null,
              "code": "cov_18868q0w6f().f[18]++;cov_18868q0w6f().s[66]++;$('#fname').val('    ');const result=(cov_18868q0w6f().s[67]++,isBlankField($('#fname'),false));cov_18868q0w6f().s[68]++;assert.isFalse(result);",
              "err": {},
              "uuid": "58fd1175-8ce6-46bc-98c6-b43c42cc1a0e",
              "parentUUID": "d3cb2597-10e1-4231-855d-98e28fa7b2f7",
              "isHook": false,
              "skipped": false
            },
            {
              "title": "should return false if the field has non-space characters and trimmed is set to true",
              "fullTitle": "the function to check if a field is blank should return false if the field has non-space characters and trimmed is set to true",
              "timedOut": false,
              "duration": 1,
              "state": "passed",
              "speed": "fast",
              "pass": true,
              "fail": false,
              "pending": false,
              "context": null,
              "code": "cov_18868q0w6f().f[19]++;cov_18868q0w6f().s[70]++;$('#fname').val(' asdfasd   ');const result=(cov_18868q0w6f().s[71]++,isBlankField($('#fname'),true));cov_18868q0w6f().s[72]++;assert.isFalse(result);",
              "err": {},
              "uuid": "f6038600-1b57-4ee1-b8f5-9cfd8d49f33d",
              "parentUUID": "d3cb2597-10e1-4231-855d-98e28fa7b2f7",
              "isHook": false,
              "skipped": false
            },
            {
              "title": "should return false if the field has non-space characters and trimmed is set to false",
              "fullTitle": "the function to check if a field is blank should return false if the field has non-space characters and trimmed is set to false",
              "timedOut": false,
              "duration": 0,
              "state": "passed",
              "speed": "fast",
              "pass": true,
              "fail": false,
              "pending": false,
              "context": null,
              "code": "cov_18868q0w6f().f[20]++;cov_18868q0w6f().s[74]++;$('#fname').val(' asdfasd   ');const result=(cov_18868q0w6f().s[75]++,isBlankField($('#fname'),false));cov_18868q0w6f().s[76]++;assert.isFalse(result);",
              "err": {},
              "uuid": "9ac79036-953b-4ece-8057-d6192579375d",
              "parentUUID": "d3cb2597-10e1-4231-855d-98e28fa7b2f7",
              "isHook": false,
              "skipped": false
            }
          ],
          "suites": [],
          "passes": [
            "ee36afcb-ccc4-49d6-ab8c-e072cb2eb01c",
            "76568037-309b-4d14-84b4-e5b083509189",
            "d6f7bac4-7b3b-4ada-bbb2-a10f78d8dcfb",
            "0f4b0268-4540-40ee-86d6-7bbfbb422e85",
            "58fd1175-8ce6-46bc-98c6-b43c42cc1a0e",
            "f6038600-1b57-4ee1-b8f5-9cfd8d49f33d",
            "9ac79036-953b-4ece-8057-d6192579375d"
          ],
          "failures": [],
          "pending": [],
          "skipped": [],
          "duration": 2,
          "root": false,
          "rootEmpty": false,
          "_timeout": 10000
        },
        {
          "uuid": "45ebfb47-64b3-4787-99e5-22a93052691b",
          "title": "the function to extract the database object ID from a browser element ID",
          "fullFile": "C:\\Users\\Edward\\Documents\\powerzone-inventory\\test\\general-util-test.js",
          "file": "\\test\\general-util-test.js",
          "beforeHooks": [],
          "afterHooks": [],
          "tests": [
            {
              "title": "should return the database object ID (substring after the last hyphen delimiter)",
              "fullTitle": "the function to extract the database object ID from a browser element ID should return the database object ID (substring after the last hyphen delimiter)",
              "timedOut": false,
              "duration": 0,
              "state": "passed",
              "speed": "fast",
              "pass": true,
              "fail": false,
              "pending": false,
              "context": null,
              "code": "cov_18868q0w6f().f[22]++;const result=(cov_18868q0w6f().s[79]++,extractId('edit-role-12345'));cov_18868q0w6f().s[80]++;assert.equal(result,'12345');",
              "err": {},
              "uuid": "132b93ae-490f-4098-abc9-5cbc06abec3a",
              "parentUUID": "45ebfb47-64b3-4787-99e5-22a93052691b",
              "isHook": false,
              "skipped": false
            }
          ],
          "suites": [],
          "passes": [
            "132b93ae-490f-4098-abc9-5cbc06abec3a"
          ],
          "failures": [],
          "pending": [],
          "skipped": [],
          "duration": 0,
          "root": false,
          "rootEmpty": false,
          "_timeout": 10000
        },
        {
          "uuid": "141e3494-4bd3-4c9c-a314-0e072c8bd998",
          "title": "the function to display a number to two decimal places",
          "fullFile": "C:\\Users\\Edward\\Documents\\powerzone-inventory\\test\\general-util-test.js",
          "file": "\\test\\general-util-test.js",
          "beforeHooks": [],
          "afterHooks": [],
          "tests": [
            {
              "title": "should return a string",
              "fullTitle": "the function to display a number to two decimal places should return a string",
              "timedOut": false,
              "duration": 11,
              "state": "passed",
              "speed": "fast",
              "pass": true,
              "fail": false,
              "pending": false,
              "context": null,
              "code": "cov_18868q0w6f().f[24]++;const result=(cov_18868q0w6f().s[83]++,toTwoDecimalPlaces(24.3));cov_18868q0w6f().s[84]++;assert.isString(result);",
              "err": {},
              "uuid": "66bf1626-75c9-4c0a-8836-32d595d31bc3",
              "parentUUID": "141e3494-4bd3-4c9c-a314-0e072c8bd998",
              "isHook": false,
              "skipped": false
            },
            {
              "title": "should append .00 if the number is an integer",
[...]
              "err": {},
              "uuid": "8ffaff3c-7fe7-42d5-b827-b3046602774f",
              "parentUUID": "a0046f59-202b-42f8-9ee7-6b4b29d99a1b",
              "isHook": false,
              "skipped": false
            }
          ],
          "suites": [],
          "passes": [
            "32b75c7f-5258-4a44-8953-2df178a0b4a7",
            "523a6174-760c-4ebf-9494-aa3dd8f3026f",
            "8ed3350a-f8e6-43c4-be9f-25ea8d3a7d13",
            "8ffaff3c-7fe7-42d5-b827-b3046602774f"
          ],
          "failures": [],
          "pending": [],
          "skipped": [],
          "duration": 60,
          "root": false,
          "rootEmpty": false,
          "_timeout": 10000
        },
        {
          "uuid": "0151a6eb-f728-4196-817a-088580095f24",
          "title": "the function to sort the entries of the table from A to Z",
          "fullFile": "C:\\Users\\Edward\\Documents\\powerzone-inventory\\test\\transaction-delivery-util-test.js",
          "file": "\\test\\transaction-delivery-util-test.js",
          "beforeHooks": [
            {
              "title": "\"before each\" hook in \"the function to sort the entries of the table from A to Z\"",
              "fullTitle": "the function to sort the entries of the table from A to Z \"before each\" hook in \"the function to sort the entries of the table from A to Z\"",
              "timedOut": false,
              "duration": 13,
              "state": null,
              "speed": null,
              "pass": false,
              "fail": false,
              "pending": false,
              "context": null,
              "code": "cov_vcg2pxppw().f[17]++;const dom=(cov_vcg2pxppw().s[59]++,new JSDOM(htmlDom,{url:'http://localhost'}));cov_vcg2pxppw().s[60]++;global.window=dom.window;cov_vcg2pxppw().s[61]++;global.document=dom.window.document;cov_vcg2pxppw().s[62]++;global.$=global.jQuery=require('jquery');",
              "err": {},
              "uuid": "d0d86133-6971-4eb8-8316-fc5b30f92612",
              "parentUUID": "0151a6eb-f728-4196-817a-088580095f24",
              "isHook": true,
              "skipped": false
            }
          ],
          "afterHooks": [],
          "tests": [
            {
              "title": "should sort the entries in alphabetical order",
              "fullTitle": "the function to sort the entries of the table from A to Z should sort the entries in alphabetical order",
              "timedOut": false,
              "duration": 2,
              "state": "passed",
              "speed": "fast",
              "pass": true,
              "fail": false,
              "pending": false,
              "context": null,
              "code": "cov_vcg2pxppw().f[18]++;cov_vcg2pxppw().s[64]++;sortAtoZ('tbl2');const rows=(cov_vcg2pxppw().s[65]++,$('#tbl2 > tbody > tr'));cov_vcg2pxppw().s[66]++;assert.equal(rows[0].getElementsByTagName('td')[2].textContent,'Chevron');cov_vcg2pxppw().s[67]++;assert.equal(rows[1].getElementsByTagName('td')[2].textContent,'Petron');cov_vcg2pxppw().s[68]++;assert.equal(rows[2].getElementsByTagName('td')[2].textContent,'Shell');",
              "err": {},
              "uuid": "f4d35c90-6ec6-4fa3-b9b9-019308e058f4",
              "parentUUID": "0151a6eb-f728-4196-817a-088580095f24",
              "isHook": false,
              "skipped": false
            }
          ],
          "suites": [],
          "passes": [
            "f4d35c90-6ec6-4fa3-b9b9-019308e058f4"
          ],
          "failures": [],
          "pending": [],
          "skipped": [],
          "duration": 2,
          "root": false,
          "rootEmpty": false,
          "_timeout": 10000
        },
        {
          "uuid": "4e928bc9-ab38-4478-9418-cf5cc52a31eb",
          "title": "the function to sort the entries of the table from Z to A",
          "fullFile": "C:\\Users\\Edward\\Documents\\powerzone-inventory\\test\\transaction-delivery-util-test.js",
          "file": "\\test\\transaction-delivery-util-test.js",
          "beforeHooks": [
            {
              "title": "\"before each\" hook in \"the function to sort the entries of the table from Z to A\"",
              "fullTitle": "the function to sort the entries of the table from Z to A \"before each\" hook in \"the function to sort the entries of the table from Z to A\"",
              "timedOut": false,
              "duration": 23,
              "state": null,
              "speed": null,
              "pass": false,
              "fail": false,
              "pending": false,
              "context": null,
              "code": "cov_vcg2pxppw().f[20]++;const dom=(cov_vcg2pxppw().s[71]++,new JSDOM(htmlDom,{url:'http://localhost'}));cov_vcg2pxppw().s[72]++;global.window=dom.window;cov_vcg2pxppw().s[73]++;global.document=dom.window.document;cov_vcg2pxppw().s[74]++;global.$=global.jQuery=require('jquery');",
              "err": {},
              "uuid": "7e3b2565-309d-4760-88a9-31fab4bb93db",
              "parentUUID": "4e928bc9-ab38-4478-9418-cf5cc52a31eb",
              "isHook": true,
              "skipped": false
            }
          ],
          "afterHooks": [],
          "tests": [
            {
              "title": "should sort the entries in reverse alphabetical order",
              "fullTitle": "the function to sort the entries of the table from Z to A should sort the entries in reverse alphabetical order",
              "timedOut": false,
              "duration": 3,
              "state": "passed",
              "speed": "fast",
              "pass": true,
              "fail": false,
              "pending": false,
              "context": null,
              "code": "cov_vcg2pxppw().f[21]++;cov_vcg2pxppw().s[76]++;sortZtoA('tbl2');const rows=(cov_vcg2pxppw().s[77]++,$('#tbl2 > tbody > tr'));cov_vcg2pxppw().s[78]++;assert.equal(rows[2].getElementsByTagName('td')[2].textContent,'Chevron');cov_vcg2pxppw().s[79]++;assert.equal(rows[1].getElementsByTagName('td')[2].textContent,'Petron');cov_vcg2pxppw().s[80]++;assert.equal(rows[0].getElementsByTagName('td')[2].textContent,'Shell');",
              "err": {},
              "uuid": "77d4e350-97f8-4ec9-a194-39e6910e6411",
              "parentUUID": "4e928bc9-ab38-4478-9418-cf5cc52a31eb",
              "isHook": false,
              "skipped": false
            }
          ],
          "suites": [],
          "passes": [
            "77d4e350-97f8-4ec9-a194-39e6910e6411"
          ],
          "failures": [],
          "pending": [],
          "skipped": [],
          "duration": 3,
          "root": false,
          "rootEmpty": false,
          "_timeout": 10000
        },
        {
          "uuid": "cdc3e61d-3693-4a4d-ae29-ece7df455c29",
          "title": "the function to sort the entries of the table in ascending order based on the price",
          "fullFile": "C:\\Users\\Edward\\Documents\\powerzone-inventory\\test\\transaction-delivery-util-test.js",
          "file": "\\test\\transaction-delivery-util-test.js",
          "beforeHooks": [
            {
              "title": "\"before each\" hook in \"the function to sort the entries of the table in ascending order based on the price\"",
              "fullTitle": "the function to sort the entries of the table in ascending order based on the price \"before each\" hook in \"the function to sort the entries of the table in ascending order based on the price\"",
              "timedOut": false,
              "duration": 30,
              "state": null,
              "speed": null,
              "pass": false,
              "fail": false,
              "pending": false,
              "context": null,
              "code": "cov_vcg2pxppw().f[23]++;const dom=(cov_vcg2pxppw().s[83]++,new JSDOM(htmlDom,{url:'http://localhost'}));cov_vcg2pxppw().s[84]++;global.window=dom.window;cov_vcg2pxppw().s[85]++;global.document=dom.window.document;cov_vcg2pxppw().s[86]++;global.$=global.jQuery=require('jquery');",
              "err": {},
              "uuid": "8f73a700-cf20-4db2-a51f-3563e6e90958",
              "parentUUID": "cdc3e61d-3693-4a4d-ae29-ece7df455c29",
              "isHook": true,
              "skipped": false
            }
          ],
          "afterHooks": [],
          "tests": [
            {
              "title": "should sort the entries in ascending order based on the price",
              "fullTitle": "the function to sort the entries of the table in ascending order based on the price should sort the entries in ascending order based on the price",
              "timedOut": false,
              "duration": 1,
              "state": "passed",
              "speed": "fast",
              "pass": true,
              "fail": false,
              "pending": false,
              "context": null,
              "code": "cov_vcg2pxppw().f[24]++;cov_vcg2pxppw().s[88]++;sortLowToHigh('tbl2');const rows=(cov_vcg2pxppw().s[89]++,$('#tbl2 > tbody > tr'));cov_vcg2pxppw().s[90]++;assert.equal(rows[0].getElementsByTagName('td')[3].textContent,'₱ 9');cov_vcg2pxppw().s[91]++;assert.equal(rows[1].getElementsByTagName('td')[3].textContent,'₱ 60');cov_vcg2pxppw().s[92]++;assert.equal(rows[2].getElementsByTagName('td')[3].textContent,'₱ 120');",
              "err": {},
              "uuid": "7de12478-3a79-49c4-b75f-13b074ed0761",
              "parentUUID": "cdc3e61d-3693-4a4d-ae29-ece7df455c29",
              "isHook": false,
              "skipped": false
            }
          ],
          "suites": [],
          "passes": [
            "7de12478-3a79-49c4-b75f-13b074ed0761"
          ],
          "failures": [],
          "pending": [],
          "skipped": [],
          "duration": 1,
          "root": false,
          "rootEmpty": false,
          "_timeout": 10000
        },
        {
          "uuid": "e9a2d44c-b216-480e-980a-f7eee5ef1ae5",
          "title": "the function to sort the entries of the table in descending order based on the price",
          "fullFile": "C:\\Users\\Edward\\Documents\\powerzone-inventory\\test\\transaction-delivery-util-test.js",
          "file": "\\test\\transaction-delivery-util-test.js",
          "beforeHooks": [
            {
              "title": "\"before each\" hook in \"the function to sort the entries of the table in descending order based on the price\"",
              "fullTitle": "the function to sort the entries of the table in descending order based on the price \"before each\" hook in \"the function to sort the entries of the table in descending order based on the price\"",
              "timedOut": false,
              "duration": 20,
              "state": null,
              "speed": null,
              "pass": false,
              "fail": false,
              "pending": false,
              "context": null,
              "code": "cov_vcg2pxppw().f[26]++;const dom=(cov_vcg2pxppw().s[95]++,new JSDOM(htmlDom,{url:'http://localhost'}));cov_vcg2pxppw().s[96]++;global.window=dom.window;cov_vcg2pxppw().s[97]++;global.document=dom.window.document;cov_vcg2pxppw().s[98]++;global.$=global.jQuery=require('jquery');",
              "err": {},
              "uuid": "0d600514-699e-4005-8b67-33f6e507caae",
              "parentUUID": "e9a2d44c-b216-480e-980a-f7eee5ef1ae5",
              "isHook": true,
              "skipped": false
            }
          ],
          "afterHooks": [],
          "tests": [
            {
              "title": "should sort the entries in descending order based on the price",
              "fullTitle": "the function to sort the entries of the table in descending order based on the price should sort the entries in descending order based on the price",
              "timedOut": false,
              "duration": 1,
              "state": "passed",
              "speed": "fast",
              "pass": true,
              "fail": false,
              "pending": false,
              "context": null,
              "code": "cov_vcg2pxppw().f[27]++;cov_vcg2pxppw().s[100]++;sortHighToLow('tbl2');const rows=(cov_vcg2pxppw().s[101]++,$('#tbl2 > tbody > tr'));cov_vcg2pxppw().s[102]++;assert.equal(rows[2].getElementsByTagName('td')[3].textContent,'₱ 9');cov_vcg2pxppw().s[103]++;assert.equal(rows[1].getElementsByTagName('td')[3].textContent,'₱ 60');cov_vcg2pxppw().s[104]++;assert.equal(rows[0].getElementsByTagName('td')[3].textContent,'₱ 120');",
              "err": {},
              "uuid": "f4497bfe-696d-4484-a80a-bb8cc375b668",
              "parentUUID": "e9a2d44c-b216-480e-980a-f7eee5ef1ae5",
              "isHook": false,
              "skipped": false
            }
          ],
          "suites": [],
          "passes": [
            "f4497bfe-696d-4484-a80a-bb8cc375b668"
          ],
          "failures": [],
          "pending": [],
          "skipped": [],
          "duration": 1,
          "root": false,
          "rootEmpty": false,
          "_timeout": 10000
        },
        {
          "uuid": "f0f2b26c-4bac-4b9f-8448-f59979b3283a",
          "title": "the function to check if a phone number is valid based on its length",
          "fullFile": "C:\\Users\\Edward\\Documents\\powerzone-inventory\\test\\transaction-delivery-validate-util-test.js",
          "file": "\\test\\transaction-delivery-validate-util-test.js",
          "beforeHooks": [],
          "afterHooks": [],
          "tests": [
            {
              "title": "should return a Boolean",
              "fullTitle": "the function to check if a phone number is valid based on its length should return a Boolean",
              "timedOut": false,
              "duration": 0,
              "state": "passed",
              "speed": "fast",
              "pass": true,
              "fail": false,
              "pending": false,
              "context": null,
              "code": "cov_2aldvi50vm().f[1]++;const result=(cov_2aldvi50vm().s[4]++,isValidPhoneNumber('12345678'));cov_2aldvi50vm().s[5]++;assert.isBoolean(result);",
              "err": {},
              "uuid": "0f18654c-40c2-4b19-a929-063addd54e72",
              "parentUUID": "f0f2b26c-4bac-4b9f-8448-f59979b3283a",
              "isHook": false,
              "skipped": false
            },
            {
              "title": "should return false if the phone number has less than 7 digits",
              "fullTitle": "the function to check if a phone number is valid based on its length should return false if the phone number has less than 7 digits",
              "timedOut": false,
              "duration": 1,
              "state": "passed",
              "speed": "fast",
              "pass": true,
              "fail": false,
              "pending": false,
              "context": null,
              "code": "cov_2aldvi50vm().f[2]++;const result=(cov_2aldvi50vm().s[7]++,isValidPhoneNumber('123456'));cov_2aldvi50vm().s[8]++;assert.isFalse(result);",
              "err": {},
              "uuid": "0981251c-936f-4ff6-bcdb-1b97b7cdbe95",
              "parentUUID": "f0f2b26c-4bac-4b9f-8448-f59979b3283a",
              "isHook": false,
              "skipped": false
            },
            {
              "title": "should return false if the phone number has more than 15 digits",
              "fullTitle": "the function to check if a phone number is valid based on its length should return false if the phone number has more than 15 digits",
              "timedOut": false,
              "duration": 1,
              "state": "passed",
              "speed": "fast",
              "pass": true,
              "fail": false,
              "pending": false,
              "context": null,
              "code": "cov_2aldvi50vm().f[3]++;const result=(cov_2aldvi50vm().s[10]++,isValidPhoneNumber('1234561234561234'));cov_2aldvi50vm().s[11]++;assert.isFalse(result);",
              "err": {},
              "uuid": "094b0fbc-ec5f-4f82-abfc-1943c909b387",
              "parentUUID": "f0f2b26c-4bac-4b9f-8448-f59979b3283a",
              "isHook": false,
              "skipped": false
            },
            {
              "title": "should return true if the phone number has 7 digits",
              "fullTitle": "the function to check if a phone number is valid based on its length should return true if the phone number has 7 digits",
              "timedOut": false,
              "duration": 1,
              "state": "passed",
              "speed": "fast",
              "pass": true,
              "fail": false,
              "pending": false,
              "context": null,
              "code": "cov_2aldvi50vm().f[4]++;const result=(cov_2aldvi50vm().s[13]++,isValidPhoneNumber('1234567'));cov_2aldvi50vm().s[14]++;assert.isTrue(result);",
              "err": {},
              "uuid": "e936bd9b-1e70-4448-806c-3b0d0ebb0838",
              "parentUUID": "f0f2b26c-4bac-4b9f-8448-f59979b3283a",
              "isHook": false,
              "skipped": false
            },
            {
              "title": "should return true if the phone number has 15 digits",
              "fullTitle": "the function to check if a phone number is valid based on its length should return true if the phone number has 15 digits",
              "timedOut": false,
              "duration": 1,
              "state": "passed",
              "speed": "fast",
              "pass": true,
              "fail": false,
              "pending": false,
              "context": null,
              "code": "cov_2aldvi50vm().f[5]++;const result=(cov_2aldvi50vm().s[16]++,isValidPhoneNumber('123456123456123'));cov_2aldvi50vm().s[17]++;assert.isTrue(result);",
              "err": {},
              "uuid": "8a1ccc21-4f0e-42d5-9577-127d0d6edb18",
              "parentUUID": "f0f2b26c-4bac-4b9f-8448-f59979b3283a",
              "isHook": false,
              "skipped": false
            },
            {
              "title": "should return true if the phone number between 7 and 15 digits",
              "fullTitle": "the function to check if a phone number is valid based on its length should return true if the phone number between 7 and 15 digits",
              "timedOut": false,
              "duration": 1,
              "state": "passed",
              "speed": "fast",
              "pass": true,
              "fail": false,
              "pending": false,
              "context": null,
              "code": "cov_2aldvi50vm().f[6]++;const result=(cov_2aldvi50vm().s[19]++,isValidPhoneNumber('123456789'));cov_2aldvi50vm().s[20]++;assert.isTrue(result);",
              "err": {},
              "uuid": "238b7a19-6486-4440-a197-21138ccc1f4e",
              "parentUUID": "f0f2b26c-4bac-4b9f-8448-f59979b3283a",
              "isHook": false,
              "skipped": false
            }
          ],
          "suites": [],
          "passes": [
            "0f18654c-40c2-4b19-a929-063addd54e72",
            "0981251c-936f-4ff6-bcdb-1b97b7cdbe95",
            "094b0fbc-ec5f-4f82-abfc-1943c909b387",
            "e936bd9b-1e70-4448-806c-3b0d0ebb0838",
            "8a1ccc21-4f0e-42d5-9577-127d0d6edb18",
            "238b7a19-6486-4440-a197-21138ccc1f4e"
          ],
          "failures": [],
          "pending": [],
          "skipped": [],
          "duration": 5,
          "root": false,
          "rootEmpty": false,
          "_timeout": 10000
        }
      ],
      "passes": [],
      "failures": [],
      "pending": [],
      "skipped": [],
      "duration": 0,
      "root": true,
      "rootEmpty": true,
      "_timeout": 10000
    }
  ],
  "meta": {
    "mocha": {
      "version": "9.1.3"
    },
    "mochawesome": {
      "options": {
        "quiet": false,
        "reportFilename": "mochawesome",
        "saveHtml": true,
        "saveJson": true,
        "consoleReporter": "spec",
        "useInlineDiffs": false,
        "code": true
      },
      "version": "7.0.1"
    },
    "marge": {
      "options": null,
      "version": "6.0.1"
    }
  }
}