{
  "stats": {
    "suites": 63,
    "tests": 174,
    "passes": 174,
    "pending": 0,
    "failures": 0,
    "start": "2022-01-28T19:06:41.958Z",
    "end": "2022-01-28T19:06:44.886Z",
    "duration": 2928,
    "testsRegistered": 174,
    "passPercent": 100,
    "pendingPercent": 0,
    "other": 0,
    "hasOther": false,
    "skipped": 0,
    "hasSkipped": false
  },
  "results": [
    {
      "uuid": "38f2a22c-58d8-4fdb-8563-f69496ab3b7f",
      "title": "",
      "fullFile": "",
      "file": "",
      "beforeHooks": [],
      "afterHooks": [],
      "tests": [],
      "suites": [
        {
          "uuid": "85e397d6-913d-470b-8072-73eb409f9da9",
          "title": "the function to get the account page",
          "fullFile": "C:\\Users\\Edward\\Documents\\powerzone-inventory\\test\\account-controller-test.js",
          "file": "\\test\\account-controller-test.js",
          "beforeHooks": [
            {
              "title": "\"before each\" hook in \"the function to get the account page\"",
              "fullTitle": "the function to get the account page \"before each\" hook in \"the function to get the account page\"",
              "timedOut": false,
              "duration": 1,
              "state": null,
              "speed": null,
              "pass": false,
              "fail": false,
              "pending": false,
              "context": null,
              "code": "res = {\n\tstatus: sinon.stub().returnsThis(),\n\tjson: sinon.stub(),\n\tsend: sinon.stub()\n};\nexpectedResult = [\n\t{\n\t\t_id: '01234',\n\t\tfirstName: 'mark',\n\t\tlastName: 'sy',\n\t\tusername: 'cheems',\n\t\trole: 'inventory-manager',\n\t\tstatus: 'pending'\n\t},\n\t{\n\t\t_id: '01235',\n\t\tfirstName: 'bark',\n\t\tlastName: 'see',\n\t\tusername: 'doge',\n\t\trole: 'transaction-cashier',\n\t\tstatus: 'rejected'\n\t}\n];",
              "err": {},
              "uuid": "1d06884b-ab01-4d12-a0b9-c8149da29694",
              "parentUUID": "85e397d6-913d-470b-8072-73eb409f9da9",
              "isHook": true,
              "skipped": false
            }
          ],
          "afterHooks": [],
          "tests": [
            {
              "title": "should retrieve all the accounts only once if the user is the administrator",
              "fullTitle": "the function to get the account page should retrieve all the accounts only once if the user is the administrator",
              "timedOut": false,
              "duration": 9,
              "state": "passed",
              "speed": "fast",
              "pass": true,
              "fail": false,
              "pending": false,
              "context": null,
              "code": "const req = {\n\tsession: {\n\t\trole: 'administrator'\n\t}\n};\nsinon.stub(db, 'findMany').yields(expectedResult);\naccountController.getAccount(req, res);\nassert.isTrue(db.findMany.calledOnce);\ndb.findMany.restore();",
              "err": {},
              "uuid": "a9ca4a98-e6ec-4f7e-8b1b-c87a1c72b7df",
              "parentUUID": "85e397d6-913d-470b-8072-73eb409f9da9",
              "isHook": false,
              "skipped": false
            },
            {
              "title": "should retrieve all the accounts with the correct arguments if the user is an administrator",
              "fullTitle": "the function to get the account page should retrieve all the accounts with the correct arguments if the user is an administrator",
              "timedOut": false,
              "duration": 2,
              "state": "passed",
              "speed": "fast",
              "pass": true,
              "fail": false,
              "pending": false,
              "context": null,
              "code": "const req = {\n\tsession: {\n\t\trole: 'administrator'\n\t}\n};\nsinon.stub(db, 'findMany').yields(expectedResult);\naccountController.getAccount(req, res);\nassert.equal(db.findMany.firstCall.args[0], Account);\nexpect(db.findMany.firstCall.args[1]).to.deep.equalInAnyOrder({});\nassert.equal(db.findMany.firstCall.args[2], '_id firstName lastName username role status');\ndb.findMany.restore();",
              "err": {},
              "uuid": "61d3750a-484c-48b3-a241-bb760a382519",
              "parentUUID": "85e397d6-913d-470b-8072-73eb409f9da9",
              "isHook": false,
              "skipped": false
            },
            {
              "title": "should retrieve exactly one account only once if the user is not an administrator",
              "fullTitle": "the function to get the account page should retrieve exactly one account only once if the user is not an administrator",
              "timedOut": false,
              "duration": 5,
              "state": "passed",
              "speed": "fast",
              "pass": true,
              "fail": false,
              "pending": false,
              "context": null,
              "code": "const req = {\n\tsession: {\n\t\tusername: 'jana',\n\t\trole: 'inventory-manager'\n\t}\n};\nsinon.stub(db, 'findOne').yields(expectedResult[0]);\naccountController.getAccount(req, res);\nassert.isTrue(db.findOne.calledOnce);\ndb.findOne.restore();",
              "err": {},
              "uuid": "f986a0a7-16a2-4693-9f01-7df71cb2efce",
              "parentUUID": "85e397d6-913d-470b-8072-73eb409f9da9",
              "isHook": false,
              "skipped": false
            },
            {
              "title": "should retrieve exactly one account with the correct arguments if the user is not an administrator",
              "fullTitle": "the function to get the account page should retrieve exactly one account with the correct arguments if the user is not an administrator",
              "timedOut": false,
              "duration": 1,
              "state": "passed",
              "speed": "fast",
              "pass": true,
              "fail": false,
              "pending": false,
              "context": null,
              "code": "const req = {\n\tsession: {\n\t\tusername: 'jana',\n\t\trole: 'inventory-manager'\n\t}\n};\nsinon.stub(db, 'findOne').yields(expectedResult[0]);\naccountController.getAccount(req, res);\nassert.equal(db.findOne.firstCall.args[0], Account);\nexpect(db.findOne.firstCall.args[1]).to.deep.equalInAnyOrder({username: req.session.username});\nassert.equal(db.findOne.firstCall.args[2], 'email firstName lastName role password');\ndb.findOne.restore();",
              "err": {},
              "uuid": "a805a837-6cf3-47c4-a6c2-5e1df21b8352",
              "parentUUID": "85e397d6-913d-470b-8072-73eb409f9da9",
              "isHook": false,
              "skipped": false
            }
          ],
          "suites": [],
          "passes": [
            "a9ca4a98-e6ec-4f7e-8b1b-c87a1c72b7df",
            "61d3750a-484c-48b3-a241-bb760a382519",
            "f986a0a7-16a2-4693-9f01-7df71cb2efce",
            "a805a837-6cf3-47c4-a6c2-5e1df21b8352"
          ],
          "failures": [],
          "pending": [],
          "skipped": [],
          "duration": 17,
          "root": false,
          "rootEmpty": false,
          "_timeout": 10000
        },
        {
          "uuid": "b8c6522b-2f52-4340-9123-7be88625be06",
          "title": "the function to update the status of the selected user account to \"Rejected\"",
          "fullFile": "C:\\Users\\Edward\\Documents\\powerzone-inventory\\test\\account-controller-test.js",
          "file": "\\test\\account-controller-test.js",
          "beforeHooks": [],
          "afterHooks": [],
          "tests": [
            {
              "title": "should update the status of the account only once",
              "fullTitle": "the function to update the status of the selected user account to \"Rejected\" should update the status of the account only once",
              "timedOut": false,
              "duration": 1,
              "state": "passed",
              "speed": "fast",
              "pass": true,
              "fail": false,
              "pending": false,
              "context": null,
              "code": "const convertToObjectId = sinon.stub(db, 'convertToObjectId');\nconvertToObjectId.returns('123');\nconst req = {\n\tbody: {\n\t\taccountId: '123'\n\t}\n};\nconst res = {\n\tstatus: sinon.stub().returnsThis(),\n\tjson: sinon.stub(),\n\tsend: sinon.stub()\n};\nsinon.stub(db, 'updateOne').yields({});\naccountController.postEditStatusReject(req, res);\nassert.isTrue(db.updateOne.calledOnce);\ndb.convertToObjectId.restore();\ndb.updateOne.restore();",
              "err": {},
              "uuid": "a453f28b-7724-4025-91be-94e8fd415790",
              "parentUUID": "b8c6522b-2f52-4340-9123-7be88625be06",
              "isHook": false,
              "skipped": false
            },
            {
              "title": "should update the status of the account to \"Rejected\"",
              "fullTitle": "the function to update the status of the selected user account to \"Rejected\" should update the status of the account to \"Rejected\"",
              "timedOut": false,
              "duration": 2,
              "state": "passed",
              "speed": "fast",
              "pass": true,
              "fail": false,
              "pending": false,
              "context": null,
              "code": "const convertToObjectId = sinon.stub(db, 'convertToObjectId');\nconvertToObjectId.returns('123');\nconst req = {\n\tbody: {\n\t\taccountId: '123'\n\t}\n};\nconst res = {\n\tstatus: sinon.stub().returnsThis(),\n\tjson: sinon.stub(),\n\tsend: sinon.stub()\n};\nconst filter = {\n\t_id: convertToObjectId('123')\n};\nsinon.stub(db, 'updateOne').yields({});\naccountController.postEditStatusReject(req, res);\nassert.equal(db.updateOne.firstCall.args[0], Account);\nexpect(db.updateOne.firstCall.args[1]).to.deep.equalInAnyOrder(filter);\nexpect(db.updateOne.firstCall.args[2]).to.deep.equalInAnyOrder({status: 'Rejected'});\ndb.convertToObjectId.restore();\ndb.updateOne.restore();",
              "err": {},
              "uuid": "3f6932bb-9fd1-4465-8b04-ec05e45470b8",
              "parentUUID": "b8c6522b-2f52-4340-9123-7be88625be06",
              "isHook": false,
              "skipped": false
            }
          ],
          "suites": [],
          "passes": [
            "a453f28b-7724-4025-91be-94e8fd415790",
            "3f6932bb-9fd1-4465-8b04-ec05e45470b8"
          ],
          "failures": [],
          "pending": [],
          "skipped": [],
          "duration": 3,
          "root": false,
          "rootEmpty": false,
          "_timeout": 10000
        },
        {
          "uuid": "82ac3745-5309-4741-875b-f7396f7c5c50",
          "title": "the function to update the status of the selected user account to \"Pending\"",
          "fullFile": "C:\\Users\\Edward\\Documents\\powerzone-inventory\\test\\account-controller-test.js",
          "file": "\\test\\account-controller-test.js",
          "beforeHooks": [],
          "afterHooks": [],
          "tests": [
            {
              "title": "should update the status of the account only once",
              "fullTitle": "the function to update the status of the selected user account to \"Pending\" should update the status of the account only once",
              "timedOut": false,
              "duration": 3,
              "state": "passed",
              "speed": "fast",
              "pass": true,
              "fail": false,
              "pending": false,
              "context": null,
              "code": "const convertToObjectId = sinon.stub(db, 'convertToObjectId');\nconvertToObjectId.returns('123');\nconst req = {\n\tbody: {\n\t\taccountId: '123'\n\t}\n};\nconst res = {\n\tstatus: sinon.stub().returnsThis(),\n\tjson: sinon.stub(),\n\tsend: sinon.stub()\n};\nsinon.stub(db, 'updateOne').yields({});\naccountController.postEditStatusPending(req, res);\nassert.isTrue(db.updateOne.calledOnce);\ndb.convertToObjectId.restore();\ndb.updateOne.restore();",
              "err": {},
              "uuid": "4f1de242-2c6b-4979-9c74-16de22663396",
              "parentUUID": "82ac3745-5309-4741-875b-f7396f7c5c50",
              "isHook": false,
              "skipped": false
            },
            {
              "title": "should update the status of the account to \"Pending\"",
              "fullTitle": "the function to update the status of the selected user account to \"Pending\" should update the status of the account to \"Pending\"",
              "timedOut": false,
              "duration": 2,
              "state": "passed",
              "speed": "fast",
              "pass": true,
              "fail": false,
              "pending": false,
              "context": null,
              "code": "const convertToObjectId = sinon.stub(db, 'convertToObjectId');\nconvertToObjectId.returns('123');\nconst req = {\n\tbody: {\n\t\taccountId: '123'\n\t}\n};\nconst res = {\n\tstatus: sinon.stub().returnsThis(),\n\tjson: sinon.stub(),\n\tsend: sinon.stub()\n};\nconst filter = {\n\t_id: convertToObjectId('123')\n};\nsinon.stub(db, 'updateOne').yields({});\naccountController.postEditStatusPending(req, res);\nassert.equal(db.updateOne.firstCall.args[0], Account);\nexpect(db.updateOne.firstCall.args[1]).to.deep.equalInAnyOrder(filter);\nexpect(db.updateOne.firstCall.args[2]).to.deep.equalInAnyOrder({status: 'Pending'});\ndb.convertToObjectId.restore();\ndb.updateOne.restore();",
              "err": {},
              "uuid": "9344f364-b049-4517-9000-3570bb515e97",
              "parentUUID": "82ac3745-5309-4741-875b-f7396f7c5c50",
              "isHook": false,
              "skipped": false
            }
          ],
          "suites": [],
          "passes": [
            "4f1de242-2c6b-4979-9c74-16de22663396",
            "9344f364-b049-4517-9000-3570bb515e97"
          ],
          "failures": [],
          "pending": [],
          "skipped": [],
          "duration": 5,
          "root": false,
          "rootEmpty": false,
          "_timeout": 10000
        },
        {
          "uuid": "6421b581-9067-4893-bcb8-d9d3c81b8564",
          "title": "the function to update the status of the selected user account to \"Accepted\"",
          "fullFile": "C:\\Users\\Edward\\Documents\\powerzone-inventory\\test\\account-controller-test.js",
          "file": "\\test\\account-controller-test.js",
          "beforeHooks": [],
          "afterHooks": [],
          "tests": [
            {
              "title": "should update the status of the account only once",
              "fullTitle": "the function to update the status of the selected user account to \"Accepted\" should update the status of the account only once",
              "timedOut": false,
              "duration": 3,
              "state": "passed",
              "speed": "fast",
              "pass": true,
              "fail": false,
              "pending": false,
              "context": null,
              "code": "const convertToObjectId = sinon.stub(db, 'convertToObjectId');\nconvertToObjectId.returns('123');\nconst req = {\n\tbody: {\n\t\taccountId: '123'\n\t}\n};\nconst res = {\n\tstatus: sinon.stub().returnsThis(),\n\tjson: sinon.stub(),\n\tsend: sinon.stub()\n};\nsinon.stub(db, 'updateOne').yields({});\naccountController.postEditStatusAccept(req, res);\nassert.isTrue(db.updateOne.calledOnce);\ndb.convertToObjectId.restore();\ndb.updateOne.restore();",
              "err": {},
              "uuid": "aeecd9d2-33f7-4e77-9609-bc7bc166369c",
              "parentUUID": "6421b581-9067-4893-bcb8-d9d3c81b8564",
              "isHook": false,
              "skipped": false
            },
            {
              "title": "should update the status of the account to \"Accepted\"",
              "fullTitle": "the function to update the status of the selected user account to \"Accepted\" should update the status of the account to \"Accepted\"",
              "timedOut": false,
              "duration": 3,
              "state": "passed",
              "speed": "fast",
              "pass": true,
              "fail": false,
              "pending": false,
              "context": null,
              "code": "const convertToObjectId = sinon.stub(db, 'convertToObjectId');\nconvertToObjectId.returns('123');\nconst req = {\n\tbody: {\n\t\taccountId: '123'\n\t}\n};\nconst res = {\n\tstatus: sinon.stub().returnsThis(),\n\tjson: sinon.stub(),\n\tsend: sinon.stub()\n};\nconst filter = {\n\t_id: convertToObjectId('123')\n};\nsinon.stub(db, 'updateOne').yields({});\naccountController.postEditStatusAccept(req, res);\nassert.equal(db.updateOne.firstCall.args[0], Account);\nexpect(db.updateOne.firstCall.args[1]).to.deep.equalInAnyOrder(filter);\nexpect(db.updateOne.firstCall.args[2]).to.deep.equalInAnyOrder({status: 'Accepted'});\ndb.convertToObjectId.restore();\ndb.updateOne.restore();",
              "err": {},
              "uuid": "88cdf388-29f5-4813-9d75-0623ad4f8761",
              "parentUUID": "6421b581-9067-4893-bcb8-d9d3c81b8564",
              "isHook": false,
              "skipped": false
            }
          ],
          "suites": [],
          "passes": [
            "aeecd9d2-33f7-4e77-9609-bc7bc166369c",
            "88cdf388-29f5-4813-9d75-0623ad4f8761"
          ],
          "failures": [],
          "pending": [],
          "skipped": [],
          "duration": 6,
          "root": false,
          "rootEmpty": false,
          "_timeout": 10000
        },
        {
          "uuid": "c0f3fb1f-3a8c-40c4-b889-db8cb116438b",
          "title": "the function to update the role of the selected user account",
          "fullFile": "C:\\Users\\Edward\\Documents\\powerzone-inventory\\test\\account-controller-test.js",
          "file": "\\test\\account-controller-test.js",
          "beforeHooks": [],
          "afterHooks": [],
          "tests": [
            {
              "title": "should update the role of the account only once",
              "fullTitle": "the function to update the role of the selected user account should update the role of the account only once",
              "timedOut": false,
              "duration": 2,
              "state": "passed",
              "speed": "fast",
              "pass": true,
              "fail": false,
              "pending": false,
              "context": null,
              "code": "const convertToObjectId = sinon.stub(db, 'convertToObjectId');\nconvertToObjectId.returns('123');\nconst req = {\n\tbody: {\n\t\taccountId: '123',\n\t\teditAccountRole: 'inventory-manager'\n\t}\n};\nconst res = {\n\tstatus: sinon.stub().returnsThis(),\n\tjson: sinon.stub(),\n\tsend: sinon.stub()\n};\nconst filter = {\n\t_id: convertToObjectId('123')\n};\nsinon.stub(db, 'updateOne').yields({});\naccountController.postEditRole(req, res);\nassert.isTrue(db.updateOne.calledOnce);\nassert.equal(db.updateOne.firstCall.args[0], Account);\nexpect(db.updateOne.firstCall.args[1]).to.deep.equalInAnyOrder(filter);\nexpect(db.updateOne.firstCall.args[2]).to.deep.equalInAnyOrder({role: req.body.editAccountRole});\ndb.convertToObjectId.restore();\ndb.updateOne.restore();",
              "err": {},
              "uuid": "45eb9867-f1f2-4b29-8409-74008d5bd25b",
              "parentUUID": "c0f3fb1f-3a8c-40c4-b889-db8cb116438b",
              "isHook": false,
              "skipped": false
            }
          ],
          "suites": [],
          "passes": [
            "45eb9867-f1f2-4b29-8409-74008d5bd25b"
          ],
          "failures": [],
          "pending": [],
          "skipped": [],
          "duration": 2,
          "root": false,
          "rootEmpty": false,
          "_timeout": 10000
        },
        {
          "uuid": "b300622d-7a24-476f-b956-f8fe8b91fa25",
          "title": "the function to delete the selected user account",
          "fullFile": "C:\\Users\\Edward\\Documents\\powerzone-inventory\\test\\account-controller-test.js",
          "file": "\\test\\account-controller-test.js",
          "beforeHooks": [],
          "afterHooks": [],
          "tests": [
            {
              "title": "should delete the account only once",
              "fullTitle": "the function to delete the selected user account should delete the account only once",
              "timedOut": false,
              "duration": 1,
              "state": "passed",
              "speed": "fast",
              "pass": true,
              "fail": false,
              "pending": false,
              "context": null,
              "code": "const convertToObjectId = sinon.stub(db, 'convertToObjectId');\nconvertToObjectId.returns('123');\nconst req = {\n\tbody: {\n\t\taccountId: '123'\n\t}\n};\nconst res = {\n\tstatus: sinon.stub().returnsThis(),\n\tjson: sinon.stub(),\n\tsend: sinon.stub()\n};\nsinon.stub(db, 'deleteOne').yields({});\naccountController.postDeleteAccount(req, res);\nassert.isTrue(db.deleteOne.calledOnce);\ndb.convertToObjectId.restore();\ndb.deleteOne.restore();",
              "err": {},
              "uuid": "2338604a-d0db-400d-8758-f755e43fc7a9",
              "parentUUID": "b300622d-7a24-476f-b956-f8fe8b91fa25",
              "isHook": false,
              "skipped": false
            },
            {
              "title": "should delete the account with the correct arguments",
              "fullTitle": "the function to delete the selected user account should delete the account with the correct arguments",
              "timedOut": false,
              "duration": 2,
              "state": "passed",
              "speed": "fast",
              "pass": true,
              "fail": false,
              "pending": false,
              "context": null,
              "code": "const convertToObjectId = sinon.stub(db, 'convertToObjectId');\nconvertToObjectId.returns('123');\nconst req = {\n\tbody: {\n\t\taccountId: '123'\n\t}\n};\nconst res = {\n\tstatus: sinon.stub().returnsThis(),\n\tjson: sinon.stub(),\n\tsend: sinon.stub()\n};\nconst filter = {\n\t_id: convertToObjectId('123')\n};\nsinon.stub(db, 'deleteOne').yields({});\naccountController.postDeleteAccount(req, res);\nassert.equal(db.deleteOne.firstCall.args[0], Account);\nexpect(db.deleteOne.firstCall.args[1]).to.deep.equalInAnyOrder(filter);\ndb.convertToObjectId.restore();\ndb.deleteOne.restore();",
              "err": {},
              "uuid": "4c075e48-ec5f-49d1-aab3-fc45daaed14f",
              "parentUUID": "b300622d-7a24-476f-b956-f8fe8b91fa25",
              "isHook": false,
              "skipped": false
            }
          ],
          "suites": [],
          "passes": [
            "2338604a-d0db-400d-8758-f755e43fc7a9",
            "4c075e48-ec5f-49d1-aab3-fc45daaed14f"
          ],
          "failures": [],
          "pending": [],
          "skipped": [],
          "duration": 3,
          "root": false,
          "rootEmpty": false,
          "_timeout": 10000
        },
        {
          "uuid": "9c7f5b08-d0fb-40c1-bbfe-007309397740",
          "title": "the function to edit the account details",
          "fullFile": "C:\\Users\\Edward\\Documents\\powerzone-inventory\\test\\account-controller-test.js",
          "file": "\\test\\account-controller-test.js",
          "beforeHooks": [
            {
              "title": "\"before each\" hook in \"the function to edit the account details\"",
              "fullTitle": "the function to edit the account details \"before each\" hook in \"the function to edit the account details\"",
              "timedOut": false,
              "duration": 0,
              "state": null,
              "speed": null,
              "pass": false,
              "fail": false,
              "pending": false,
              "context": null,
              "code": "res = {\n\tstatus: sinon.stub().returnsThis(),\n\tjson: sinon.stub(),\n\tsend: sinon.stub()\n};",
              "err": {},
              "uuid": "fc13d8b9-be66-460f-b71a-5e4456062edf",
              "parentUUID": "9c7f5b08-d0fb-40c1-bbfe-007309397740",
              "isHook": true,
              "skipped": false
            }
          ],
          "afterHooks": [
            {
              "title": "\"after each\" hook in \"the function to edit the account details\"",
              "fullTitle": "the function to edit the account details \"after each\" hook in \"the function to edit the account details\"",
              "timedOut": false,
              "duration": 0,
              "state": null,
              "speed": null,
              "pass": false,
              "fail": false,
              "pending": false,
              "context": null,
              "code": "bcrypt.hash.restore();",
              "err": {},
              "uuid": "88fff888-bd1d-4a71-bf16-f6b71e6e30cd",
              "parentUUID": "9c7f5b08-d0fb-40c1-bbfe-007309397740",
              "isHook": true,
              "skipped": false
            }
          ],
          "tests": [
            {
              "title": "should hash the password only once",
              "fullTitle": "the function to edit the account details should hash the password only once",
              "timedOut": false,
              "duration": 4,
              "state": "passed",
              "speed": "fast",
              "pass": true,
              "fail": false,
              "pending": false,
              "context": null,
              "code": "req = {\n\tbody: {\n\t\teditAccountEmail: 'hello@gmail.com',\n\t\teditAccountFName: 'hello',\n\t\teditAccountLName: 'hello',\n\t\teditAccountUsername: 'hello',\n\t\teditAccountNewPassword: 'hello',\n\t\teditAccountConfirmPassword: 'hello'\n\t},\n\tsession: {\n\t\tusername: 'hello'\n\t}\n};\nhash = 'fasdfasdfa';\nsinon.stub(bcrypt, 'hash').yields(null, hash);\naccountController.postEditAccount(req, res);\nassert.isTrue(bcrypt.hash.calledOnce);\nassert.equal(bcrypt.hash.firstCall.args[0], req.body.editAccountNewPassword);",
              "err": {},
              "uuid": "1189538a-4b1d-4698-ba7b-954c92567601",
              "parentUUID": "9c7f5b08-d0fb-40c1-bbfe-007309397740",
              "isHook": false,
              "skipped": false
            },
            {
              "title": "should hash the correct password",
              "fullTitle": "the function to edit the account details should hash the correct password",
              "timedOut": false,
              "duration": 2,
              "state": "passed",
              "speed": "fast",
              "pass": true,
              "fail": false,
              "pending": false,
              "context": null,
              "code": "req = {\n\tbody: {\n\t\teditAccountEmail: 'hello@gmail.com',\n\t\teditAccountFName: 'hello',\n\t\teditAccountLName: 'hello',\n\t\teditAccountUsername: 'hello',\n\t\teditAccountNewPassword: 'hello',\n\t\teditAccountConfirmPassword: 'hello'\n\t},\n\tsession: {\n\t\tusername: 'hello'\n\t}\n};\nhash = 'fasdfasdfa';\nsinon.stub(bcrypt, 'hash').yields(null, hash);\naccountController.postEditAccount(req, res);\nassert.equal(bcrypt.hash.firstCall.args[0], req.body.editAccountNewPassword);",
              "err": {},
              "uuid": "aa9640b6-bd1a-4650-9c98-6b53d4a2934b",
              "parentUUID": "9c7f5b08-d0fb-40c1-bbfe-007309397740",
              "isHook": false,
              "skipped": false
            },
            {
              "title": "should hash the password for the specified number of rounds",
              "fullTitle": "the function to edit the account details should hash the password for the specified number of rounds",
              "timedOut": false,
              "duration": 1,
              "state": "passed",
              "speed": "fast",
              "pass": true,
              "fail": false,
              "pending": false,
              "context": null,
              "code": "req = {\n\tbody: {\n\t\teditAccountEmail: 'hello@gmail.com',\n\t\teditAccountFName: 'hello',\n\t\teditAccountLName: 'hello',\n\t\teditAccountUsername: 'hello',\n\t\teditAccountNewPassword: 'hello',\n\t\teditAccountConfirmPassword: 'hello'\n\t},\n\tsession: {\n\t\tusername: 'hello'\n\t}\n};\nhash = 'fasdfasdfa';\nsinon.stub(bcrypt, 'hash').yields(null, hash);\naccountController.postEditAccount(req, res);\nassert.equal(bcrypt.hash.firstCall.args[1], saltRounds);",
              "err": {},
              "uuid": "147fcf2b-e038-4c87-9137-0fb0e1f42bdf",
              "parentUUID": "9c7f5b08-d0fb-40c1-bbfe-007309397740",
              "isHook": false,
              "skipped": false
            },
            {
              "title": "should not hash the password if the passwords do not match",
              "fullTitle": "the function to edit the account details should not hash the password if the passwords do not match",
              "timedOut": false,
              "duration": 1,
              "state": "passed",
              "speed": "fast",
              "pass": true,
              "fail": false,
              "pending": false,
              "context": null,
              "code": "req = {\n\tbody: {\n\t\teditAccountEmail: 'hello@gmail.com',\n\t\teditAccountFName: 'hello',\n\t\teditAccountLName: 'hello',\n\t\teditAccountUsername: 'hello',\n\t\teditAccountNewPassword: 'hello',\n\t\teditAccountConfirmPassword: 'hi'\n\t},\n\tsession: {\n\t\tusername: 'hello'\n\t}\n};\nhash = 'fasdfasdfa';\nsinon.stub(bcrypt, 'hash').yields(null, hash);\naccountController.postEditAccount(req, res);\nassert.isTrue(bcrypt.hash.notCalled);",
              "err": {},
              "uuid": "fd525a39-b693-4b7d-bead-47380e27432f",
              "parentUUID": "9c7f5b08-d0fb-40c1-bbfe-007309397740",
              "isHook": false,
              "skipped": false
            }
          ],
          "suites": [],
          "passes": [
            "1189538a-4b1d-4698-ba7b-954c92567601",
            "aa9640b6-bd1a-4650-9c98-6b53d4a2934b",
            "147fcf2b-e038-4c87-9137-0fb0e1f42bdf",
            "fd525a39-b693-4b7d-bead-47380e27432f"
          ],
          "failures": [],
          "pending": [],
          "skipped": [],
          "duration": 8,
          "root": false,
          "rootEmpty": false,
          "_timeout": 10000
        },
        {
          "uuid": "e5f13fec-3222-49bb-b3e6-b76a537d7ca5",
          "title": "the function to get the successful edit page",
          "fullFile": "C:\\Users\\Edward\\Documents\\powerzone-inventory\\test\\account-controller-test.js",
          "file": "\\test\\account-controller-test.js",
          "beforeHooks": [],
          "afterHooks": [],
          "tests": [
            {
              "title": "should render the page only once",
              "fullTitle": "the function to get the successful edit page should render the page only once",
              "timedOut": false,
              "duration": 2,
              "state": "passed",
              "speed": "fast",
              "pass": true,
              "fail": false,
              "pending": false,
              "context": null,
              "code": "const req = sinon.spy();\nconst res = {\n\trender: sinon.spy()\n};\naccountController.getSuccessfulEdit(req, res);\nassert.isTrue(res.render.calledOnce);",
              "err": {},
              "uuid": "8da7b88c-d3a7-4952-a54b-999c647526cf",
              "parentUUID": "e5f13fec-3222-49bb-b3e6-b76a537d7ca5",
              "isHook": false,
              "skipped": false
            },
            {
              "title": "should render the successful edit page",
              "fullTitle": "the function to get the successful edit page should render the successful edit page",
              "timedOut": false,
              "duration": 1,
              "state": "passed",
              "speed": "fast",
              "pass": true,
              "fail": false,
              "pending": false,
              "context": null,
              "code": "const req = sinon.spy();\nconst res = {\n\trender: sinon.spy()\n};\naccountController.getSuccessfulEdit(req, res);\nassert.equal(res.render.firstCall.args[0], 'successful-edit');",
              "err": {},
              "uuid": "4cbb8bcc-3521-4568-804e-a3c25e6c7250",
              "parentUUID": "e5f13fec-3222-49bb-b3e6-b76a537d7ca5",
              "isHook": false,
              "skipped": false
            }
          ],
          "suites": [],
          "passes": [
            "8da7b88c-d3a7-4952-a54b-999c647526cf",
            "4cbb8bcc-3521-4568-804e-a3c25e6c7250"
          ],
          "failures": [],
          "pending": [],
          "skipped": [],
          "duration": 3,
          "root": false,
          "rootEmpty": false,
          "_timeout": 10000
        },
        {
          "uuid": "96f4e01b-b322-4b5a-8f03-c59fd54ff28b",
          "title": "the function to get the edit account page",
          "fullFile": "C:\\Users\\Edward\\Documents\\powerzone-inventory\\test\\account-controller-test.js",
          "file": "\\test\\account-controller-test.js",
          "beforeHooks": [],
          "afterHooks": [],
          "tests": [
            {
              "title": "should render the page only once",
              "fullTitle": "the function to get the edit account page should render the page only once",
              "timedOut": false,
              "duration": 0,
              "state": "passed",
              "speed": "fast",
              "pass": true,
              "fail": false,
              "pending": false,
              "context": null,
              "code": "const req = sinon.spy();\nconst res = {\n\trender: sinon.spy()\n};\naccountController.getEditAccount(req, res);\nassert.isTrue(res.render.calledOnce);",
              "err": {},
              "uuid": "bf529c3f-70ef-440a-9295-c86dd5b7bdda",
              "parentUUID": "96f4e01b-b322-4b5a-8f03-c59fd54ff28b",
              "isHook": false,
              "skipped": false
            },
            {
              "title": "should render the successful edit page",
              "fullTitle": "the function to get the edit account page should render the successful edit page",
              "timedOut": false,
              "duration": 1,
              "state": "passed",
              "speed": "fast",
              "pass": true,
              "fail": false,
              "pending": false,
              "context": null,
              "code": "const req = sinon.spy();\nconst res = {\n\trender: sinon.spy()\n};\naccountController.getEditAccount(req, res);\nassert.equal(res.render.firstCall.args[0], 'edit-account');",
              "err": {},
              "uuid": "7dcd013f-6108-4d80-a6e1-cf06bb771f80",
              "parentUUID": "96f4e01b-b322-4b5a-8f03-c59fd54ff28b",
              "isHook": false,
              "skipped": false
            }
          ],
          "suites": [],
          "passes": [
            "bf529c3f-70ef-440a-9295-c86dd5b7bdda",
            "7dcd013f-6108-4d80-a6e1-cf06bb771f80"
          ],
          "failures": [],
          "pending": [],
          "skipped": [],
          "duration": 1,
          "root": false,
          "rootEmpty": false,
          "_timeout": 10000
        },
        {
          "uuid": "55acdf10-6ac1-4818-a3d6-eab148c1660c",
          "title": "the utility function for retrieving the details of all non-administrator accounts",
          "fullFile": "C:\\Users\\Edward\\Documents\\powerzone-inventory\\test\\account-controller-util-test.js",
          "file": "\\test\\account-controller-util-test.js",
          "beforeHooks": [],
          "afterHooks": [],
          "tests": [
            {
              "title": "should return all the retrieved accounts",
              "fullTitle": "the utility function for retrieving the details of all non-administrator accounts should return all the retrieved accounts",
              "timedOut": false,
              "duration": 1,
              "state": "passed",
              "speed": "fast",
              "pass": true,
              "fail": false,
              "pending": false,
              "context": null,
              "code": "const dbResult = [\n\t{\n\t\t_id: '01234',\n\t\tfirstName: 'mark',\n\t\tlastName: 'sy',\n\t\tusername: 'cheems',\n\t\trole: 'inventory-manager',\n\t\tstatus: 'pending'\n\t},\n\t{\n\t\t_id: '01235',\n\t\tfirstName: 'bark',\n\t\tlastName: 'see',\n\t\tusername: 'doge',\n\t\trole: 'transaction-cashier',\n\t\tstatus: 'rejected'\n\t}\n];\nconst result = accountControllerUtil.accountUtil(dbResult);\nexpect(result).to.deep.equalInAnyOrder({accountDetails: dbResult});",
              "err": {},
              "uuid": "e37cce16-0eab-4633-8c4f-33cb93c752bd",
              "parentUUID": "55acdf10-6ac1-4818-a3d6-eab148c1660c",
              "isHook": false,
              "skipped": false
            },
            {
              "title": "should exclude the administrator account from the retrieved accounts",
              "fullTitle": "the utility function for retrieving the details of all non-administrator accounts should exclude the administrator account from the retrieved accounts",
              "timedOut": false,
              "duration": 1,
              "state": "passed",
              "speed": "fast",
              "pass": true,
              "fail": false,
              "pending": false,
              "context": null,
              "code": "const dbResult = [\n\t{\n\t\t_id: '01234',\n\t\tfirstName: 'mark',\n\t\tlastName: 'sy',\n\t\tusername: 'cheems',\n\t\trole: 'inventory-manager',\n\t\tstatus: 'pending'\n\t},\n\t{\n\t\t_id: '01235',\n\t\tfirstName: 'bark',\n\t\tlastName: 'see',\n\t\tusername: 'doge',\n\t\trole: 'transaction-cashier',\n\t\tstatus: 'rejected'\n\t},\n\t{\n\t\t_id: '01236',\n\t\tfirstName: 'bork',\n\t\tlastName: 'chua',\n\t\tusername: 'zoie',\n\t\trole: 'administrator',\n\t\tstatus: 'rejected'\n\t}\n];\nconst expectedResult = [\n\t{\n\t\t_id: '01234',\n\t\tfirstName: 'mark',\n\t\tlastName: 'sy',\n\t\tusername: 'cheems',\n\t\trole: 'inventory-manager',\n\t\tstatus: 'pending'\n\t},\n\t{\n\t\t_id: '01235',\n\t\tfirstName: 'bark',\n\t\tlastName: 'see',\n\t\tusername: 'doge',\n\t\trole: 'transaction-cashier',\n\t\tstatus: 'rejected'\n\t}\n];\nconst result = accountControllerUtil.accountUtil(dbResult);\nexpect(result).to.deep.equalInAnyOrder({accountDetails: expectedResult});",
              "err": {},
              "uuid": "b3c7ec01-40d6-4356-9905-1a1837e6df81",
              "parentUUID": "55acdf10-6ac1-4818-a3d6-eab148c1660c",
              "isHook": false,
              "skipped": false
            }
          ],
          "suites": [],
          "passes": [
            "e37cce16-0eab-4633-8c4f-33cb93c752bd",
            "b3c7ec01-40d6-4356-9905-1a1837e6df81"
          ],
          "failures": [],
          "pending": [],
          "skipped": [],
          "duration": 2,
          "root": false,
          "rootEmpty": false,
          "_timeout": 10000
        },
        {
          "uuid": "acbb9f1b-ff4e-4795-85c0-9bbf9553fc0d",
          "title": "the function to convert a role to its equivalent value in the database",
          "fullFile": "C:\\Users\\Edward\\Documents\\powerzone-inventory\\test\\account-util-test.js",
          "file": "\\test\\account-util-test.js",
          "beforeHooks": [],
          "afterHooks": [],
          "tests": [
            {
              "title": "should return a string",
              "fullTitle": "the function to convert a role to its equivalent value in the database should return a string",
              "timedOut": false,
              "duration": 1,
              "state": "passed",
              "speed": "fast",
              "pass": true,
              "fail": false,
              "pending": false,
              "context": null,
              "code": "const result = getRoleValue('Inventory Manager');\nassert.isString(result);",
              "err": {},
              "uuid": "491fde87-8a1e-44de-931c-7e08f69b1544",
              "parentUUID": "acbb9f1b-ff4e-4795-85c0-9bbf9553fc0d",
              "isHook": false,
              "skipped": false
            },
            {
              "title": "should return inventory-manager if the role is Inventory Manager",
              "fullTitle": "the function to convert a role to its equivalent value in the database should return inventory-manager if the role is Inventory Manager",
              "timedOut": false,
              "duration": 0,
              "state": "passed",
              "speed": "fast",
              "pass": true,
              "fail": false,
              "pending": false,
              "context": null,
              "code": "const result = getRoleValue('Inventory Manager');\nassert.equal(result, 'inventory-manager');",
              "err": {},
              "uuid": "73190037-b51a-4812-9f83-175640ad772e",
              "parentUUID": "acbb9f1b-ff4e-4795-85c0-9bbf9553fc0d",
              "isHook": false,
              "skipped": false
            },
            {
              "title": "should return transaction-cashier if the role is Transaction Cashier",
              "fullTitle": "the function to convert a role to its equivalent value in the database should return transaction-cashier if the role is Transaction Cashier",
              "timedOut": false,
              "duration": 0,
              "state": "passed",
              "speed": "fast",
              "pass": true,
              "fail": false,
              "pending": false,
              "context": null,
              "code": "const result = getRoleValue('Transaction Cashier');\nassert.equal(result, 'transaction-cashier');",
              "err": {},
              "uuid": "528d5ef4-cf61-417b-94f6-a4f52ab49d41",
              "parentUUID": "acbb9f1b-ff4e-4795-85c0-9bbf9553fc0d",
              "isHook": false,
              "skipped": false
            },
            {
              "title": "should return delivery-manager if the role is Delivery Manager",
              "fullTitle": "the function to convert a role to its equivalent value in the database should return delivery-manager if the role is Delivery Manager",
              "timedOut": false,
              "duration": 0,
              "state": "passed",
              "speed": "fast",
              "pass": true,
              "fail": false,
              "pending": false,
              "context": null,
              "code": "const result = getRoleValue('Delivery Manager');\nassert.equal(result, 'delivery-manager');",
              "err": {},
              "uuid": "fd188c10-4aee-41b1-af06-f6c0e6cbd05b",
              "parentUUID": "acbb9f1b-ff4e-4795-85c0-9bbf9553fc0d",
              "isHook": false,
              "skipped": false
            }
          ],
          "suites": [],
          "passes": [
            "491fde87-8a1e-44de-931c-7e08f69b1544",
            "73190037-b51a-4812-9f83-175640ad772e",
            "528d5ef4-cf61-417b-94f6-a4f52ab49d41",
            "fd188c10-4aee-41b1-af06-f6c0e6cbd05b"
          ],
          "failures": [],
          "pending": [],
          "skipped": [],
          "duration": 1,
          "root": false,
          "rootEmpty": false,
          "_timeout": 10000
        },
        {
          "uuid": "cf911d8a-fe48-495f-b039-e094ef1cc29f",
          "title": "the function to organizing the details across all the delivery items",
          "fullFile": "C:\\Users\\Edward\\Documents\\powerzone-inventory\\test\\delivery-controller-util-test.js",
          "file": "\\test\\delivery-controller-util-test.js",
          "beforeHooks": [],
          "afterHooks": [],
          "tests": [
            {
              "title": "should include the correct details of the delivery items without null date values but with single-digit date components",
              "fullTitle": "the function to organizing the details across all the delivery items should include the correct details of the delivery items without null date values but with single-digit date components",
              "timedOut": false,
              "duration": 3,
              "state": "passed",
              "speed": "fast",
              "pass": true,
              "fail": false,
              "pending": false,
              "context": null,
              "code": "const dbResult = [\n\t{\n\t\tid: '123',\n\t\tcustomer: 'kurisu',\n\t\tdropoff: 'nakahara',\n\t\tstatus: 'pending',\n\t\tdate: new Date('2021/2/2')\n\t},\n\t{\n\t\tid: '124',\n\t\tcustomer: 'misaki',\n\t\tdropoff: 'makise',\n\t\tstatus: 'cancelled',\n\t\tdate: new Date('2022/1/3')\n\t}\n];\nconst expectedResult = {\n\tcustomers: [\n\t\t'kurisu',\n\t\t'misaki'\n\t],\n\tdates: [\n\t\t'02/02/2021',\n\t\t'01/03/2022'\n\t],\n\tdropoffs: [\n\t\t'makise',\n\t\t'nakahara'\n\t],\n\tids: [\n\t\t'123',\n\t\t'124'\n\t],\n\tstatuses: [\n\t\t'cancelled',\n\t\t'pending'\n\t]\n};\nconst result = deliveryControllerUtil.deliveryUtil(dbResult);\nexpect(result).to.deep.equalInAnyOrder(expectedResult);",
              "err": {},
              "uuid": "7d293c4c-7d1e-4e0b-9aff-bd464866a663",
              "parentUUID": "cf911d8a-fe48-495f-b039-e094ef1cc29f",
              "isHook": false,
              "skipped": false
            },
            {
              "title": "should include the correct details of the delivery items without null date values and without single-digit date components",
              "fullTitle": "the function to organizing the details across all the delivery items should include the correct details of the delivery items without null date values and without single-digit date components",
              "timedOut": false,
              "duration": 0,
              "state": "passed",
              "speed": "fast",
              "pass": true,
              "fail": false,
              "pending": false,
              "context": null,
              "code": "const dbResult = [\n\t{\n\t\tid: '123',\n\t\tcustomer: 'kurisu',\n\t\tdropoff: 'nakahara',\n\t\tstatus: 'pending',\n\t\tdate: new Date('2021/10/22')\n\t},\n\t{\n\t\tid: '124',\n\t\tcustomer: 'misaki',\n\t\tdropoff: 'makise',\n\t\tstatus: 'cancelled',\n\t\tdate: new Date('2022/11/13')\n\t}\n];\nconst expectedResult = {\n\tcustomers: [\n\t\t'kurisu',\n\t\t'misaki'\n\t],\n\tdates: [\n\t\t'10/22/2021',\n\t\t'11/13/2022'\n\t],\n\tdropoffs: [\n\t\t'makise',\n\t\t'nakahara'\n\t],\n\tids: [\n\t\t'123',\n\t\t'124'\n\t],\n\tstatuses: [\n\t\t'cancelled',\n\t\t'pending'\n\t]\n};\nconst result = deliveryControllerUtil.deliveryUtil(dbResult);\nexpect(result).to.deep.equalInAnyOrder(expectedResult);",
              "err": {},
              "uuid": "e58e4992-fa83-4380-88bd-2732f663e469",
              "parentUUID": "cf911d8a-fe48-495f-b039-e094ef1cc29f",
              "isHook": false,
              "skipped": false
            },
            {
              "title": "should include the correct details of the delivery items, including those with null date values",
              "fullTitle": "the function to organizing the details across all the delivery items should include the correct details of the delivery items, including those with null date values",
              "timedOut": false,
              "duration": 0,
              "state": "passed",
              "speed": "fast",
              "pass": true,
              "fail": false,
              "pending": false,
              "context": null,
              "code": "const dbResult = [\n\t{\n\t\tid: '123',\n\t\tcustomer: 'kurisu',\n\t\tdropoff: 'nakahara',\n\t\tstatus: 'pending',\n\t\tdate: null\n\t},\n\t{\n\t\tid: '124',\n\t\tcustomer: 'misaki',\n\t\tdropoff: 'makise',\n\t\tstatus: 'cancelled',\n\t\tdate: new Date('2022/1/12')\n\t}\n];\nconst expectedResult = {\n\tcustomers: [\n\t\t'kurisu',\n\t\t'misaki'\n\t],\n\tdates: [\n\t\tnull,\n\t\t'01/12/2022'\n\t],\n\tdropoffs: [\n\t\t'makise',\n\t\t'nakahara'\n\t],\n\tids: [\n\t\t'123',\n\t\t'124'\n\t],\n\tstatuses: [\n\t\t'cancelled',\n\t\t'pending'\n\t]\n};\nconst result = deliveryControllerUtil.deliveryUtil(dbResult);\nexpect(result).to.deep.equalInAnyOrder(expectedResult);",
              "err": {},
              "uuid": "0c969a7d-5ec9-4057-93c7-dae2f901dd77",
              "parentUUID": "cf911d8a-fe48-495f-b039-e094ef1cc29f",
              "isHook": false,
              "skipped": false
            }
          ],
          "suites": [],
          "passes": [
            "7d293c4c-7d1e-4e0b-9aff-bd464866a663",
            "e58e4992-fa83-4380-88bd-2732f663e469",
            "0c969a7d-5ec9-4057-93c7-dae2f901dd77"
          ],
          "failures": [],
          "pending": [],
          "skipped": [],
          "duration": 3,
          "root": false,
          "rootEmpty": false,
          "_timeout": 10000
        },
        {
          "uuid": "43ab935b-a972-4732-8a39-7e0796270cc9",
          "title": "the function to format the database results for storing the fuel amounts per transaction order",
          "fullFile": "C:\\Users\\Edward\\Documents\\powerzone-inventory\\test\\delivery-controller-util-test.js",
          "file": "\\test\\delivery-controller-util-test.js",
          "beforeHooks": [],
          "afterHooks": [],
          "tests": [
            {
              "title": "should reflect the correct amount per fuel type",
              "fullTitle": "the function to format the database results for storing the fuel amounts per transaction order should reflect the correct amount per fuel type",
              "timedOut": false,
              "duration": 1,
              "state": "passed",
              "speed": "fast",
              "pass": true,
              "fail": false,
              "pending": false,
              "context": null,
              "code": "const dbResult = [\n\t{\n\t\tlitersGasoline: 123,\n\t\tlitersPremiumGasoline95: 456,\n\t\tlitersDiesel: 789,\n\t\tlitersPremiumGasoline97: 234,\n\t\tlitersKerosene: 567\n\t},\n\t{\n\t\tlitersGasoline: 23,\n\t\tlitersPremiumGasoline95: 45,\n\t\tlitersDiesel: 89,\n\t\tlitersPremiumGasoline97: 24,\n\t\tlitersKerosene: 57\n\t}\n];\nconst expectedResult = {\n\t'litersDiesel': [\n\t\t89,\n\t\t789\n\t],\n\t'litersGasoline': [\n\t\t23,\n\t\t123\n\t],\n\t'litersKerosene': [\n\t\t57,\n\t\t567\n\t],\n\t'litersPremiumGasoline95': [\n\t\t45,\n\t\t456\n\t],\n\t'litersPremiumGasoline97': [\n\t\t24,\n\t\t234\n\t]\n};\nconst result = deliveryControllerUtil.transactionOrdersUtil(dbResult);\nexpect(result).to.deep.equalInAnyOrder(expectedResult);",
              "err": {},
              "uuid": "899343c5-6e85-4020-b362-0d7c65289aa6",
              "parentUUID": "43ab935b-a972-4732-8a39-7e0796270cc9",
              "isHook": false,
              "skipped": false
            }
          ],
          "suites": [],
          "passes": [
            "899343c5-6e85-4020-b362-0d7c65289aa6"
          ],
          "failures": [],
          "pending": [],
          "skipped": [],
          "duration": 1,
          "root": false,
          "rootEmpty": false,
          "_timeout": 10000
        },
        {
          "uuid": "ee18d7a2-11b8-4bed-988e-ba5174cf79aa",
          "title": "the function to format the database results for storing the fuel amounts per inventory entry",
          "fullFile": "C:\\Users\\Edward\\Documents\\powerzone-inventory\\test\\delivery-controller-util-test.js",
          "file": "\\test\\delivery-controller-util-test.js",
          "beforeHooks": [],
          "afterHooks": [],
          "tests": [
            {
              "title": "should compute the correct aggregated amount per fuel type",
              "fullTitle": "the function to format the database results for storing the fuel amounts per inventory entry should compute the correct aggregated amount per fuel type",
              "timedOut": false,
              "duration": 1,
              "state": "passed",
              "speed": "fast",
              "pass": true,
              "fail": false,
              "pending": false,
              "context": null,
              "code": "const dbResult = [\n\t{\n\t\ttype: 'gasoline',\n\t\tquantityPurchased: '65',\n\t\tquantityDepleted: '56'\n\t},\n\t{\n\t\ttype: 'premium-gasoline-95',\n\t\tquantityPurchased: '15',\n\t\tquantityDepleted: '3'\n\t},\n\t{\n\t\ttype: 'diesel',\n\t\tquantityPurchased: '635',\n\t\tquantityDepleted: '561'\n\t},\n\t{\n\t\ttype: 'premium-gasoline-97',\n\t\tquantityPurchased: '615',\n\t\tquantityDepleted: '156'\n\t},\n\t{\n\t\ttype: 'kerosene',\n\t\tquantityPurchased: '765',\n\t\tquantityDepleted: '0'\n\t}\n];\nconst expectedResult = {\n\ttotalDiesel: 74,\n\ttotalGasoline: 9,\n\ttotalKerosene: 765,\n\ttotalPremiumGasoline95: 12,\n\ttotalPremiumGasoline97: 459\n};\nconst result = deliveryControllerUtil.inventoryAmountsUtil(dbResult);\nexpect(result).to.deep.equalInAnyOrder(expectedResult);",
              "err": {},
              "uuid": "28b8dafa-a4e4-4b1c-817c-a979daa834df",
              "parentUUID": "ee18d7a2-11b8-4bed-988e-ba5174cf79aa",
              "isHook": false,
              "skipped": false
            }
          ],
          "suites": [],
          "passes": [
            "28b8dafa-a4e4-4b1c-817c-a979daa834df"
          ],
          "failures": [],
          "pending": [],
          "skipped": [],
          "duration": 1,
          "root": false,
          "rootEmpty": false,
          "_timeout": 10000
        },
        {
          "uuid": "e41932e5-2198-4018-886a-b1c16ff7a1a9",
          "title": "the function to convert a fuel to its equivalent value in the database",
          "fullFile": "C:\\Users\\Edward\\Documents\\powerzone-inventory\\test\\edit-stock-util-test.js",
          "file": "\\test\\edit-stock-util-test.js",
          "beforeHooks": [],
          "afterHooks": [],
          "tests": [
            {
              "title": "should return a string",
              "fullTitle": "the function to convert a fuel to its equivalent value in the database should return a string",
              "timedOut": false,
              "duration": 1,
              "state": "passed",
              "speed": "fast",
              "pass": true,
              "fail": false,
              "pending": false,
              "context": null,
              "code": "const result = getFuelValue('Gasoline');\nassert.isString(result);",
              "err": {},
              "uuid": "6c78c998-a736-46f8-9aa0-45ba269212c2",
              "parentUUID": "e41932e5-2198-4018-886a-b1c16ff7a1a9",
              "isHook": false,
              "skipped": false
            },
            {
              "title": "should return gasoline if the fuel is Gasoline",
              "fullTitle": "the function to convert a fuel to its equivalent value in the database should return gasoline if the fuel is Gasoline",
              "timedOut": false,
              "duration": 0,
              "state": "passed",
              "speed": "fast",
              "pass": true,
              "fail": false,
              "pending": false,
              "context": null,
              "code": "const result = getFuelValue('Gasoline');\nassert.equal(result, 'gasoline');",
              "err": {},
              "uuid": "2dbccece-ce05-473d-83e2-3ea35b6f9995",
              "parentUUID": "e41932e5-2198-4018-886a-b1c16ff7a1a9",
              "isHook": false,
              "skipped": false
            },
            {
              "title": "should return premium-gasoline-95 if the fuel is Premium Gasoline 95",
              "fullTitle": "the function to convert a fuel to its equivalent value in the database should return premium-gasoline-95 if the fuel is Premium Gasoline 95",
              "timedOut": false,
              "duration": 0,
              "state": "passed",
              "speed": "fast",
              "pass": true,
              "fail": false,
              "pending": false,
              "context": null,
              "code": "const result = getFuelValue('Premium Gasoline 95');\nassert.equal(result, 'premium-gasoline-95');",
              "err": {},
              "uuid": "6712ecca-7d9b-4d4e-90ad-2cb274e6e443",
              "parentUUID": "e41932e5-2198-4018-886a-b1c16ff7a1a9",
              "isHook": false,
              "skipped": false
            },
            {
              "title": "should return diesel if the fuel is Diesel",
              "fullTitle": "the function to convert a fuel to its equivalent value in the database should return diesel if the fuel is Diesel",
              "timedOut": false,
              "duration": 1,
              "state": "passed",
              "speed": "fast",
              "pass": true,
              "fail": false,
              "pending": false,
              "context": null,
              "code": "const result = getFuelValue('Diesel');\nassert.equal(result, 'diesel');",
              "err": {},
              "uuid": "147a3bef-1c0a-4386-ab6e-330edeb9b6dc",
              "parentUUID": "e41932e5-2198-4018-886a-b1c16ff7a1a9",
              "isHook": false,
              "skipped": false
            },
            {
              "title": "should return premium-gasoline-97 if the fuel is Premium Gasoline 97",
              "fullTitle": "the function to convert a fuel to its equivalent value in the database should return premium-gasoline-97 if the fuel is Premium Gasoline 97",
              "timedOut": false,
              "duration": 0,
              "state": "passed",
              "speed": "fast",
              "pass": true,
              "fail": false,
              "pending": false,
              "context": null,
              "code": "const result = getFuelValue('Premium Gasoline 97');\nassert.equal(result, 'premium-gasoline-97');",
              "err": {},
              "uuid": "66c55902-d475-4235-a7ad-6e15787f6f84",
              "parentUUID": "e41932e5-2198-4018-886a-b1c16ff7a1a9",
              "isHook": false,
              "skipped": false
            },
            {
              "title": "should return kerosene if the fuel is Kerosene",
              "fullTitle": "the function to convert a fuel to its equivalent value in the database should return kerosene if the fuel is Kerosene",
              "timedOut": false,
              "duration": 0,
              "state": "passed",
              "speed": "fast",
              "pass": true,
              "fail": false,
              "pending": false,
              "context": null,
              "code": "const result = getFuelValue('Kerosene');\nassert.equal(result, 'kerosene');",
              "err": {},
              "uuid": "28b43841-4ec9-4e19-80e6-98d93b1bbee6",
              "parentUUID": "e41932e5-2198-4018-886a-b1c16ff7a1a9",
              "isHook": false,
              "skipped": false
            }
          ],
          "suites": [],
          "passes": [
            "6c78c998-a736-46f8-9aa0-45ba269212c2",
            "2dbccece-ce05-473d-83e2-3ea35b6f9995",
            "6712ecca-7d9b-4d4e-90ad-2cb274e6e443",
            "147a3bef-1c0a-4386-ab6e-330edeb9b6dc",
            "66c55902-d475-4235-a7ad-6e15787f6f84",
            "28b43841-4ec9-4e19-80e6-98d93b1bbee6"
          ],
          "failures": [],
          "pending": [],
          "skipped": [],
          "duration": 2,
          "root": false,
          "rootEmpty": false,
          "_timeout": 10000
        },
        {
          "uuid": "576c98a2-6e40-4aa5-b9ac-87b0d2003c02",
          "title": "the function to display an error message",
          "fullFile": "C:\\Users\\Edward\\Documents\\powerzone-inventory\\test\\general-util-test.js",
          "file": "\\test\\general-util-test.js",
          "beforeHooks": [
            {
              "title": "\"before each\" hook in \"the function to display an error message\"",
              "fullTitle": "the function to display an error message \"before each\" hook in \"the function to display an error message\"",
              "timedOut": false,
              "duration": 260,
              "state": null,
              "speed": null,
              "pass": false,
              "fail": false,
              "pending": false,
              "context": null,
              "code": "const dom = new JSDOM(\n\thtmlDom,\n\t{url: 'http://localhost'});\nglobal.window = dom.window;\nglobal.document = dom.window.document;\nglobal.$ = global.jQuery = require('jquery');",
              "err": {},
              "uuid": "6f2b44d5-4c5b-43ee-8bd0-1658df67bf0d",
              "parentUUID": "576c98a2-6e40-4aa5-b9ac-87b0d2003c02",
              "isHook": true,
              "skipped": false
            }
          ],
          "afterHooks": [],
          "tests": [
            {
              "title": "should add d-block as one of the classes",
              "fullTitle": "the function to display an error message should add d-block as one of the classes",
              "timedOut": false,
              "duration": 3,
              "state": "passed",
              "speed": "fast",
              "pass": true,
              "fail": false,
              "pending": false,
              "context": null,
              "code": "displayErrorMessage($('#error'));\nconst result = $('#error').attr('class').includes('d-block');\nassert.isTrue(result);",
              "err": {},
              "uuid": "26b2d96f-a54e-49d7-97ec-30d8d9219628",
              "parentUUID": "576c98a2-6e40-4aa5-b9ac-87b0d2003c02",
              "isHook": false,
              "skipped": false
            }
          ],
          "suites": [],
          "passes": [
            "26b2d96f-a54e-49d7-97ec-30d8d9219628"
          ],
          "failures": [],
          "pending": [],
          "skipped": [],
          "duration": 3,
          "root": false,
          "rootEmpty": false,
          "_timeout": 10000
        },
        {
          "uuid": "8548b815-76ae-4716-b648-6c4450fac734",
          "title": "the function to hide an error message",
          "fullFile": "C:\\Users\\Edward\\Documents\\powerzone-inventory\\test\\general-util-test.js",
          "file": "\\test\\general-util-test.js",
          "beforeHooks": [
            {
              "title": "\"before each\" hook in \"the function to hide an error message\"",
              "fullTitle": "the function to hide an error message \"before each\" hook in \"the function to hide an error message\"",
              "timedOut": false,
              "duration": 147,
              "state": null,
              "speed": null,
              "pass": false,
              "fail": false,
              "pending": false,
              "context": null,
              "code": "const dom = new JSDOM(\n\thtmlDom,\n\t{url: 'http://localhost'});\nglobal.window = dom.window;\nglobal.document = dom.window.document;\nglobal.$ = global.jQuery = require('jquery');",
              "err": {},
              "uuid": "68c26e2c-26aa-4686-a0ae-93febfbb1e5e",
              "parentUUID": "8548b815-76ae-4716-b648-6c4450fac734",
              "isHook": true,
              "skipped": false
            }
          ],
          "afterHooks": [],
          "tests": [
            {
              "title": "should add d-block as one of the classes",
              "fullTitle": "the function to hide an error message should add d-block as one of the classes",
              "timedOut": false,
              "duration": 1,
              "state": "passed",
              "speed": "fast",
              "pass": true,
              "fail": false,
              "pending": false,
              "context": null,
              "code": "hideErrorMessage($('#error'));\nconst result = $('#error').attr('class').includes('d-block');\nassert.isFalse(result);",
              "err": {},
              "uuid": "4c564411-27e5-413c-a7fd-50012eccfe51",
              "parentUUID": "8548b815-76ae-4716-b648-6c4450fac734",
              "isHook": false,
              "skipped": false
            }
          ],
          "suites": [],
          "passes": [
            "4c564411-27e5-413c-a7fd-50012eccfe51"
          ],
          "failures": [],
          "pending": [],
          "skipped": [],
          "duration": 1,
          "root": false,
          "rootEmpty": false,
          "_timeout": 10000
        },
        {
          "uuid": "7c34fb55-fb81-4887-8bcd-f1b87f68f358",
          "title": "the function to enable a button",
          "fullFile": "C:\\Users\\Edward\\Documents\\powerzone-inventory\\test\\general-util-test.js",
          "file": "\\test\\general-util-test.js",
          "beforeHooks": [
            {
              "title": "\"before each\" hook in \"the function to enable a button\"",
              "fullTitle": "the function to enable a button \"before each\" hook in \"the function to enable a button\"",
              "timedOut": false,
              "duration": 46,
              "state": null,
              "speed": null,
              "pass": false,
              "fail": false,
              "pending": false,
              "context": null,
              "code": "const dom = new JSDOM(\n\thtmlDom,\n\t{url: 'http://localhost'});\nglobal.window = dom.window;\nglobal.document = dom.window.document;\nglobal.$ = global.jQuery = require('jquery');",
              "err": {},
              "uuid": "c343bc13-a0b2-4ac6-8cb4-32bd26ce2f05",
              "parentUUID": "7c34fb55-fb81-4887-8bcd-f1b87f68f358",
              "isHook": true,
              "skipped": false
            }
          ],
          "afterHooks": [],
          "tests": [
            {
              "title": "should set the disabled property to false",
              "fullTitle": "the function to enable a button should set the disabled property to false",
              "timedOut": false,
              "duration": 1,
              "state": "passed",
              "speed": "fast",
              "pass": true,
              "fail": false,
              "pending": false,
              "context": null,
              "code": "enableButton($('#register'));\nconst result = $('#register').prop('disabled');\nassert.isFalse(result);",
              "err": {},
              "uuid": "7742fcca-acd1-4d3b-a09f-dc28a4990070",
              "parentUUID": "7c34fb55-fb81-4887-8bcd-f1b87f68f358",
              "isHook": false,
              "skipped": false
            }
          ],
          "suites": [],
          "passes": [
            "7742fcca-acd1-4d3b-a09f-dc28a4990070"
          ],
          "failures": [],
          "pending": [],
          "skipped": [],
          "duration": 1,
          "root": false,
          "rootEmpty": false,
          "_timeout": 10000
        },
        {
          "uuid": "7e4c17bc-4581-4ee9-873a-0b89bbe86f73",
          "title": "the function to disable a button",
          "fullFile": "C:\\Users\\Edward\\Documents\\powerzone-inventory\\test\\general-util-test.js",
          "file": "\\test\\general-util-test.js",
          "beforeHooks": [
            {
              "title": "\"before each\" hook in \"the function to disable a button\"",
              "fullTitle": "the function to disable a button \"before each\" hook in \"the function to disable a button\"",
              "timedOut": false,
              "duration": 49,
              "state": null,
              "speed": null,
              "pass": false,
              "fail": false,
              "pending": false,
              "context": null,
              "code": "const dom = new JSDOM(\n\thtmlDom,\n\t{url: 'http://localhost'});\nglobal.window = dom.window;\nglobal.document = dom.window.document;\nglobal.$ = global.jQuery = require('jquery');",
              "err": {},
              "uuid": "78d0040c-baa7-4a12-9619-ed95bda6db86",
              "parentUUID": "7e4c17bc-4581-4ee9-873a-0b89bbe86f73",
              "isHook": true,
              "skipped": false
            }
          ],
          "afterHooks": [],
          "tests": [
            {
              "title": "should set the disabled property to true",
              "fullTitle": "the function to disable a button should set the disabled property to true",
              "timedOut": false,
              "duration": 1,
              "state": "passed",
              "speed": "fast",
              "pass": true,
              "fail": false,
              "pending": false,
              "context": null,
              "code": "disableButton($('#register'));\nconst result = $('#register').prop('disabled');\nassert.isTrue(result);",
              "err": {},
              "uuid": "c71fdfc1-0f77-41dc-aaa4-84f20cb006e1",
              "parentUUID": "7e4c17bc-4581-4ee9-873a-0b89bbe86f73",
              "isHook": false,
              "skipped": false
            }
          ],
          "suites": [],
          "passes": [
            "c71fdfc1-0f77-41dc-aaa4-84f20cb006e1"
          ],
          "failures": [],
          "pending": [],
          "skipped": [],
          "duration": 1,
          "root": false,
          "rootEmpty": false,
          "_timeout": 10000
        },
        {
          "uuid": "7a72d845-5ff3-43d5-81f9-74d82a3a8b27",
          "title": "the function to check if a field is blank",
          "fullFile": "C:\\Users\\Edward\\Documents\\powerzone-inventory\\test\\general-util-test.js",
          "file": "\\test\\general-util-test.js",
          "beforeHooks": [
            {
              "title": "\"before each\" hook in \"the function to check if a field is blank\"",
              "fullTitle": "the function to check if a field is blank \"before each\" hook in \"the function to check if a field is blank\"",
              "timedOut": false,
              "duration": 21,
              "state": null,
              "speed": null,
              "pass": false,
              "fail": false,
              "pending": false,
              "context": null,
              "code": "const dom = new JSDOM(\n\thtmlDom,\n\t{url: 'http://localhost'});\nglobal.window = dom.window;\nglobal.document = dom.window.document;\nglobal.$ = global.jQuery = require('jquery');",
              "err": {},
              "uuid": "d7a9b710-916e-45cc-bd74-443f074d3a5e",
              "parentUUID": "7a72d845-5ff3-43d5-81f9-74d82a3a8b27",
              "isHook": true,
              "skipped": false
            }
          ],
          "afterHooks": [],
          "tests": [
            {
              "title": "should return a Boolean",
              "fullTitle": "the function to check if a field is blank should return a Boolean",
              "timedOut": false,
              "duration": 1,
              "state": "passed",
              "speed": "fast",
              "pass": true,
              "fail": false,
              "pending": false,
              "context": null,
              "code": "const result = isBlankField($('#fname'), true);\nassert.isBoolean(result);",
              "err": {},
              "uuid": "b0b6febb-b409-4097-831c-2d5dd348800f",
              "parentUUID": "7a72d845-5ff3-43d5-81f9-74d82a3a8b27",
              "isHook": false,
              "skipped": false
            },
            {
              "title": "should return true if the field is empty and trimmed is set to true",
              "fullTitle": "the function to check if a field is blank should return true if the field is empty and trimmed is set to true",
              "timedOut": false,
              "duration": 0,
              "state": "passed",
              "speed": "fast",
              "pass": true,
              "fail": false,
              "pending": false,
              "context": null,
              "code": "const result = isBlankField($('#fname'), true);\nassert.isTrue(result);",
              "err": {},
              "uuid": "2a7939a2-7373-46f4-bbcb-c13363f60a3a",
              "parentUUID": "7a72d845-5ff3-43d5-81f9-74d82a3a8b27",
              "isHook": false,
              "skipped": false
            },
            {
              "title": "should return true if the field is empty and trimmed is set to false",
              "fullTitle": "the function to check if a field is blank should return true if the field is empty and trimmed is set to false",
              "timedOut": false,
              "duration": 0,
              "state": "passed",
              "speed": "fast",
              "pass": true,
              "fail": false,
              "pending": false,
              "context": null,
              "code": "const result = isBlankField($('#fname'), false);\nassert.isTrue(result);",
              "err": {},
              "uuid": "d92a351d-ff6a-4796-b8e2-a6ed4857d2a8",
              "parentUUID": "7a72d845-5ff3-43d5-81f9-74d82a3a8b27",
              "isHook": false,
              "skipped": false
            },
            {
              "title": "should return true if the field only has spaces and trimmed is set to true",
              "fullTitle": "the function to check if a field is blank should return true if the field only has spaces and trimmed is set to true",
              "timedOut": false,
              "duration": 1,
              "state": "passed",
              "speed": "fast",
              "pass": true,
              "fail": false,
              "pending": false,
              "context": null,
              "code": "$('#fname').val('    ');\nconst result = isBlankField($('#fname'), true);\nassert.isTrue(result);",
              "err": {},
              "uuid": "d6f98b9a-3977-4695-93b0-da79e938f5f3",
              "parentUUID": "7a72d845-5ff3-43d5-81f9-74d82a3a8b27",
              "isHook": false,
              "skipped": false
            },
            {
              "title": "should return false if the field only has spaces and trimmed is set to false",
              "fullTitle": "the function to check if a field is blank should return false if the field only has spaces and trimmed is set to false",
              "timedOut": false,
              "duration": 0,
              "state": "passed",
              "speed": "fast",
              "pass": true,
              "fail": false,
              "pending": false,
              "context": null,
              "code": "$('#fname').val('    ');\nconst result = isBlankField($('#fname'), false);\nassert.isFalse(result);",
              "err": {},
              "uuid": "21c6b634-5513-4b90-a433-94709c60b047",
              "parentUUID": "7a72d845-5ff3-43d5-81f9-74d82a3a8b27",
              "isHook": false,
              "skipped": false
            },
            {
              "title": "should return false if the field has non-space characters and trimmed is set to true",
              "fullTitle": "the function to check if a field is blank should return false if the field has non-space characters and trimmed is set to true",
              "timedOut": false,
              "duration": 1,
              "state": "passed",
              "speed": "fast",
              "pass": true,
              "fail": false,
              "pending": false,
              "context": null,
              "code": "$('#fname').val(' asdfasd   ');\nconst result = isBlankField($('#fname'), true);\nassert.isFalse(result);",
              "err": {},
              "uuid": "b24b6680-d353-468d-8f80-f7711e1ff8d4",
              "parentUUID": "7a72d845-5ff3-43d5-81f9-74d82a3a8b27",
              "isHook": false,
              "skipped": false
            },
            {
              "title": "should return false if the field has non-space characters and trimmed is set to false",
              "fullTitle": "the function to check if a field is blank should return false if the field has non-space characters and trimmed is set to false",
              "timedOut": false,
              "duration": 0,
              "state": "passed",
              "speed": "fast",
              "pass": true,
              "fail": false,
              "pending": false,
              "context": null,
              "code": "$('#fname').val(' asdfasd   ');\nconst result = isBlankField($('#fname'), false);\nassert.isFalse(result);",
              "err": {},
              "uuid": "24409c1d-0397-45f8-98f2-5ed971002ce4",
              "parentUUID": "7a72d845-5ff3-43d5-81f9-74d82a3a8b27",
              "isHook": false,
              "skipped": false
            }
          ],
          "suites": [],
          "passes": [
            "b0b6febb-b409-4097-831c-2d5dd348800f",
            "2a7939a2-7373-46f4-bbcb-c13363f60a3a",
            "d92a351d-ff6a-4796-b8e2-a6ed4857d2a8",
            "d6f98b9a-3977-4695-93b0-da79e938f5f3",
            "21c6b634-5513-4b90-a433-94709c60b047",
            "b24b6680-d353-468d-8f80-f7711e1ff8d4",
            "24409c1d-0397-45f8-98f2-5ed971002ce4"
          ],
          "failures": [],
          "pending": [],
          "skipped": [],
          "duration": 3,
          "root": false,
          "rootEmpty": false,
          "_timeout": 10000
        },
        {
          "uuid": "95e418f4-43cf-4e81-a99b-3cd0318b0136",
          "title": "the function to extract the database object ID from a browser element ID",
          "fullFile": "C:\\Users\\Edward\\Documents\\powerzone-inventory\\test\\general-util-test.js",
          "file": "\\test\\general-util-test.js",
          "beforeHooks": [],
          "afterHooks": [],
          "tests": [
            {
              "title": "should return the database object ID (substring after the last hyphen delimiter)",
              "fullTitle": "the function to extract the database object ID from a browser element ID should return the database object ID (substring after the last hyphen delimiter)",
              "timedOut": false,
              "duration": 0,
              "state": "passed",
              "speed": "fast",
              "pass": true,
              "fail": false,
              "pending": false,
              "context": null,
              "code": "const result = extractId('edit-role-12345');\nassert.equal(result, '12345');",
              "err": {},
              "uuid": "01fea7ab-1f41-463a-bebd-4b6002c3bbec",
              "parentUUID": "95e418f4-43cf-4e81-a99b-3cd0318b0136",
              "isHook": false,
              "skipped": false
            }
          ],
          "suites": [],
          "passes": [
            "01fea7ab-1f41-463a-bebd-4b6002c3bbec"
          ],
          "failures": [],
          "pending": [],
          "skipped": [],
          "duration": 0,
          "root": false,
          "rootEmpty": false,
          "_timeout": 10000
        },
        {
          "uuid": "848e4524-d79f-4f47-b902-a3e033df5f28",
          "title": "the function to display a number to two decimal places",
          "fullFile": "C:\\Users\\Edward\\Documents\\powerzone-inventory\\test\\general-util-test.js",
          "file": "\\test\\general-util-test.js",
          "beforeHooks": [],
          "afterHooks": [],
          "tests": [
            {
              "title": "should return a string",
              "fullTitle": "the function to display a number to two decimal places should return a string",
              "timedOut": false,
              "duration": 1,
              "state": "passed",
              "speed": "fast",
              "pass": true,
              "fail": false,
              "pending": false,
              "context": null,
              "code": "const result = toTwoDecimalPlaces(24.3);\nassert.isString(result);",
              "err": {},
              "uuid": "88b87ef3-c795-4454-8547-c39cec2a8566",
              "parentUUID": "848e4524-d79f-4f47-b902-a3e033df5f28",
              "isHook": false,
              "skipped": false
            },
            {
              "title": "should append .00 if the number is an integer",
              "fullTitle": "the function to display a number to two decimal places should append .00 if the number is an integer",
              "timedOut": false,
              "duration": 0,
              "state": "passed",
              "speed": "fast",
              "pass": true,
              "fail": false,
              "pending": false,
              "context": null,
              "code": "const result = toTwoDecimalPlaces(24);\nassert.equal(result, '24.00');",
              "err": {},
              "uuid": "37196f4f-d7a5-41cc-827f-4d552a1417cc",
              "parentUUID": "848e4524-d79f-4f47-b902-a3e033df5f28",
              "isHook": false,
              "skipped": false
            },
            {
              "title": "should append a trailing zero if the number only has one decimal place",
[...]
              "speed": "fast",
              "pass": true,
              "fail": false,
              "pending": false,
              "context": null,
              "code": "filterBy('tbl2', [], 'Thu Jan 01 2022 17:04:16 GMT+0800 (China Standard Time)');\nassert.equal($('#s1').css('visibility'), 'visible');\nassert.equal($('#s2').css('visibility'), 'visible');\nassert.isTrue($('#s3').is(':hidden'));",
              "err": {},
              "uuid": "681120dc-76a6-48b7-b686-9e0302588e49",
              "parentUUID": "48d23068-b3a6-42e8-b878-3ad561371b09",
              "isHook": false,
              "skipped": false
            },
            {
              "title": "should show only the pending transaction on January 1, 2022 when this status and date are the specified filters",
              "fullTitle": "the function to filter the rows of the table based on the status and date should show only the pending transaction on January 1, 2022 when this status and date are the specified filters",
              "timedOut": false,
              "duration": 4,
              "state": "passed",
              "speed": "fast",
              "pass": true,
              "fail": false,
              "pending": false,
              "context": null,
              "code": "filterBy('tbl', 'Kerosene', 'Thu Jan 01 2022 17:04:16 GMT+0800 (China Standard Time)');\nassert.equal($('#s1').css('visibility'), 'visible');\nassert.isTrue($('#s2').is(':hidden'));\nassert.isTrue($('#s3').is(':hidden'));",
              "err": {},
              "uuid": "820c5f70-b03b-464f-afa5-646eac711a88",
              "parentUUID": "48d23068-b3a6-42e8-b878-3ad561371b09",
              "isHook": false,
              "skipped": false
            }
          ],
          "suites": [],
          "passes": [
            "8d20038a-81ca-482f-a3f6-8b0326602745",
            "5f94810a-acf3-4bcc-bf5d-b47a32ffd243",
            "681120dc-76a6-48b7-b686-9e0302588e49",
            "820c5f70-b03b-464f-afa5-646eac711a88"
          ],
          "failures": [],
          "pending": [],
          "skipped": [],
          "duration": 103,
          "root": false,
          "rootEmpty": false,
          "_timeout": 10000
        },
        {
          "uuid": "cf049eec-c1fa-409e-adf4-09e52fb566d4",
          "title": "the function to sort the entries of the table from A to Z",
          "fullFile": "C:\\Users\\Edward\\Documents\\powerzone-inventory\\test\\transaction-delivery-util-test.js",
          "file": "\\test\\transaction-delivery-util-test.js",
          "beforeHooks": [
            {
              "title": "\"before each\" hook in \"the function to sort the entries of the table from A to Z\"",
              "fullTitle": "the function to sort the entries of the table from A to Z \"before each\" hook in \"the function to sort the entries of the table from A to Z\"",
              "timedOut": false,
              "duration": 45,
              "state": null,
              "speed": null,
              "pass": false,
              "fail": false,
              "pending": false,
              "context": null,
              "code": "const dom = new JSDOM(\n\thtmlDom,\n\t{url: 'http://localhost'});\nglobal.window = dom.window;\nglobal.document = dom.window.document;\nglobal.$ = global.jQuery = require('jquery');",
              "err": {},
              "uuid": "8d94e43a-8eec-468e-abe5-ce7d8fabedee",
              "parentUUID": "cf049eec-c1fa-409e-adf4-09e52fb566d4",
              "isHook": true,
              "skipped": false
            }
          ],
          "afterHooks": [],
          "tests": [
            {
              "title": "should sort the entries in alphabetical order",
              "fullTitle": "the function to sort the entries of the table from A to Z should sort the entries in alphabetical order",
              "timedOut": false,
              "duration": 1,
              "state": "passed",
              "speed": "fast",
              "pass": true,
              "fail": false,
              "pending": false,
              "context": null,
              "code": "sortAtoZ('tbl2');\nconst rows = $('#tbl2 > tbody > tr');\nassert.equal(rows[0].getElementsByTagName('td')[2].textContent, 'Chevron');\nassert.equal(rows[1].getElementsByTagName('td')[2].textContent, 'Petron');\nassert.equal(rows[2].getElementsByTagName('td')[2].textContent, 'Shell');",
              "err": {},
              "uuid": "98c43f84-3d8a-48a5-b856-20fd6ba4b04e",
              "parentUUID": "cf049eec-c1fa-409e-adf4-09e52fb566d4",
              "isHook": false,
              "skipped": false
            }
          ],
          "suites": [],
          "passes": [
            "98c43f84-3d8a-48a5-b856-20fd6ba4b04e"
          ],
          "failures": [],
          "pending": [],
          "skipped": [],
          "duration": 1,
          "root": false,
          "rootEmpty": false,
          "_timeout": 10000
        },
        {
          "uuid": "b8eaf436-b441-4e6f-bace-2f79378d12b2",
          "title": "the function to sort the entries of the table from Z to A",
          "fullFile": "C:\\Users\\Edward\\Documents\\powerzone-inventory\\test\\transaction-delivery-util-test.js",
          "file": "\\test\\transaction-delivery-util-test.js",
          "beforeHooks": [
            {
              "title": "\"before each\" hook in \"the function to sort the entries of the table from Z to A\"",
              "fullTitle": "the function to sort the entries of the table from Z to A \"before each\" hook in \"the function to sort the entries of the table from Z to A\"",
              "timedOut": false,
              "duration": 28,
              "state": null,
              "speed": null,
              "pass": false,
              "fail": false,
              "pending": false,
              "context": null,
              "code": "const dom = new JSDOM(\n\thtmlDom,\n\t{url: 'http://localhost'});\nglobal.window = dom.window;\nglobal.document = dom.window.document;\nglobal.$ = global.jQuery = require('jquery');",
              "err": {},
              "uuid": "9c0cd8c4-0e7c-4205-852a-073205297e09",
              "parentUUID": "b8eaf436-b441-4e6f-bace-2f79378d12b2",
              "isHook": true,
              "skipped": false
            }
          ],
          "afterHooks": [],
          "tests": [
            {
              "title": "should sort the entries in reverse alphabetical order",
              "fullTitle": "the function to sort the entries of the table from Z to A should sort the entries in reverse alphabetical order",
              "timedOut": false,
              "duration": 2,
              "state": "passed",
              "speed": "fast",
              "pass": true,
              "fail": false,
              "pending": false,
              "context": null,
              "code": "sortZtoA('tbl2');\nconst rows = $('#tbl2 > tbody > tr');\nassert.equal(rows[2].getElementsByTagName('td')[2].textContent, 'Chevron');\nassert.equal(rows[1].getElementsByTagName('td')[2].textContent, 'Petron');\nassert.equal(rows[0].getElementsByTagName('td')[2].textContent, 'Shell');",
              "err": {},
              "uuid": "f0f54086-3bfb-4b37-910b-9c57a025442f",
              "parentUUID": "b8eaf436-b441-4e6f-bace-2f79378d12b2",
              "isHook": false,
              "skipped": false
            }
          ],
          "suites": [],
          "passes": [
            "f0f54086-3bfb-4b37-910b-9c57a025442f"
          ],
          "failures": [],
          "pending": [],
          "skipped": [],
          "duration": 2,
          "root": false,
          "rootEmpty": false,
          "_timeout": 10000
        },
        {
          "uuid": "e8fbf2cd-3388-4a22-9277-35b1945de1a2",
          "title": "the function to sort the entries of the table in ascending order based on the price",
          "fullFile": "C:\\Users\\Edward\\Documents\\powerzone-inventory\\test\\transaction-delivery-util-test.js",
          "file": "\\test\\transaction-delivery-util-test.js",
          "beforeHooks": [
            {
              "title": "\"before each\" hook in \"the function to sort the entries of the table in ascending order based on the price\"",
              "fullTitle": "the function to sort the entries of the table in ascending order based on the price \"before each\" hook in \"the function to sort the entries of the table in ascending order based on the price\"",
              "timedOut": false,
              "duration": 17,
              "state": null,
              "speed": null,
              "pass": false,
              "fail": false,
              "pending": false,
              "context": null,
              "code": "const dom = new JSDOM(\n\thtmlDom,\n\t{url: 'http://localhost'});\nglobal.window = dom.window;\nglobal.document = dom.window.document;\nglobal.$ = global.jQuery = require('jquery');",
              "err": {},
              "uuid": "8dae28cd-c504-48da-a318-187551839822",
              "parentUUID": "e8fbf2cd-3388-4a22-9277-35b1945de1a2",
              "isHook": true,
              "skipped": false
            }
          ],
          "afterHooks": [],
          "tests": [
            {
              "title": "should sort the entries in ascending order based on the price",
              "fullTitle": "the function to sort the entries of the table in ascending order based on the price should sort the entries in ascending order based on the price",
              "timedOut": false,
              "duration": 0,
              "state": "passed",
              "speed": "fast",
              "pass": true,
              "fail": false,
              "pending": false,
              "context": null,
              "code": "sortLowToHigh('tbl2');\nconst rows = $('#tbl2 > tbody > tr');\nassert.equal(rows[0].getElementsByTagName('td')[3].textContent, '₱ 9');\nassert.equal(rows[1].getElementsByTagName('td')[3].textContent, '₱ 60');\nassert.equal(rows[2].getElementsByTagName('td')[3].textContent, '₱ 120');",
              "err": {},
              "uuid": "450b7cc3-9ffc-419f-8d9e-b2fd8d733707",
              "parentUUID": "e8fbf2cd-3388-4a22-9277-35b1945de1a2",
              "isHook": false,
              "skipped": false
            }
          ],
          "suites": [],
          "passes": [
            "450b7cc3-9ffc-419f-8d9e-b2fd8d733707"
          ],
          "failures": [],
          "pending": [],
          "skipped": [],
          "duration": 0,
          "root": false,
          "rootEmpty": false,
          "_timeout": 10000
        },
        {
          "uuid": "e06087e3-a7ce-4194-af28-9f4e0936ed77",
          "title": "the function to sort the entries of the table in descending order based on the price",
          "fullFile": "C:\\Users\\Edward\\Documents\\powerzone-inventory\\test\\transaction-delivery-util-test.js",
          "file": "\\test\\transaction-delivery-util-test.js",
          "beforeHooks": [
            {
              "title": "\"before each\" hook in \"the function to sort the entries of the table in descending order based on the price\"",
              "fullTitle": "the function to sort the entries of the table in descending order based on the price \"before each\" hook in \"the function to sort the entries of the table in descending order based on the price\"",
              "timedOut": false,
              "duration": 21,
              "state": null,
              "speed": null,
              "pass": false,
              "fail": false,
              "pending": false,
              "context": null,
              "code": "const dom = new JSDOM(\n\thtmlDom,\n\t{url: 'http://localhost'});\nglobal.window = dom.window;\nglobal.document = dom.window.document;\nglobal.$ = global.jQuery = require('jquery');",
              "err": {},
              "uuid": "88150bcb-f17a-4eee-8a3b-672b2ee73c32",
              "parentUUID": "e06087e3-a7ce-4194-af28-9f4e0936ed77",
              "isHook": true,
              "skipped": false
            }
          ],
          "afterHooks": [],
          "tests": [
            {
              "title": "should sort the entries in descending order based on the price",
              "fullTitle": "the function to sort the entries of the table in descending order based on the price should sort the entries in descending order based on the price",
              "timedOut": false,
              "duration": 1,
              "state": "passed",
              "speed": "fast",
              "pass": true,
              "fail": false,
              "pending": false,
              "context": null,
              "code": "sortHighToLow('tbl2');\nconst rows = $('#tbl2 > tbody > tr');\nassert.equal(rows[2].getElementsByTagName('td')[3].textContent, '₱ 9');\nassert.equal(rows[1].getElementsByTagName('td')[3].textContent, '₱ 60');\nassert.equal(rows[0].getElementsByTagName('td')[3].textContent, '₱ 120');",
              "err": {},
              "uuid": "39a946c0-a845-4c80-b88b-8705d9dda51e",
              "parentUUID": "e06087e3-a7ce-4194-af28-9f4e0936ed77",
              "isHook": false,
              "skipped": false
            }
          ],
          "suites": [],
          "passes": [
            "39a946c0-a845-4c80-b88b-8705d9dda51e"
          ],
          "failures": [],
          "pending": [],
          "skipped": [],
          "duration": 1,
          "root": false,
          "rootEmpty": false,
          "_timeout": 10000
        },
        {
          "uuid": "7045d476-5014-41ec-bfd4-e90dc1f93e90",
          "title": "the function to check if a phone number is valid based on its length",
          "fullFile": "C:\\Users\\Edward\\Documents\\powerzone-inventory\\test\\transaction-delivery-validate-util-test.js",
          "file": "\\test\\transaction-delivery-validate-util-test.js",
          "beforeHooks": [],
          "afterHooks": [],
          "tests": [
            {
              "title": "should return a Boolean",
              "fullTitle": "the function to check if a phone number is valid based on its length should return a Boolean",
              "timedOut": false,
              "duration": 0,
              "state": "passed",
              "speed": "fast",
              "pass": true,
              "fail": false,
              "pending": false,
              "context": null,
              "code": "const result = isValidPhoneNumber('12345678');\nassert.isBoolean(result);",
              "err": {},
              "uuid": "a4785ca0-320f-40a2-8c26-81ccb086c44d",
              "parentUUID": "7045d476-5014-41ec-bfd4-e90dc1f93e90",
              "isHook": false,
              "skipped": false
            },
            {
              "title": "should return false if the phone number has less than 7 digits",
              "fullTitle": "the function to check if a phone number is valid based on its length should return false if the phone number has less than 7 digits",
              "timedOut": false,
              "duration": 1,
              "state": "passed",
              "speed": "fast",
              "pass": true,
              "fail": false,
              "pending": false,
              "context": null,
              "code": "const result = isValidPhoneNumber('123456');\nassert.isFalse(result);",
              "err": {},
              "uuid": "decb5576-9af0-4c20-803e-d359311275d5",
              "parentUUID": "7045d476-5014-41ec-bfd4-e90dc1f93e90",
              "isHook": false,
              "skipped": false
            },
            {
              "title": "should return false if the phone number has more than 15 digits",
              "fullTitle": "the function to check if a phone number is valid based on its length should return false if the phone number has more than 15 digits",
              "timedOut": false,
              "duration": 0,
              "state": "passed",
              "speed": "fast",
              "pass": true,
              "fail": false,
              "pending": false,
              "context": null,
              "code": "const result = isValidPhoneNumber('1234561234561234');\nassert.isFalse(result);",
              "err": {},
              "uuid": "09c9469b-eb67-4a13-b282-5edcd71fe49d",
              "parentUUID": "7045d476-5014-41ec-bfd4-e90dc1f93e90",
              "isHook": false,
              "skipped": false
            },
            {
              "title": "should return true if the phone number has 7 digits",
              "fullTitle": "the function to check if a phone number is valid based on its length should return true if the phone number has 7 digits",
              "timedOut": false,
              "duration": 1,
              "state": "passed",
              "speed": "fast",
              "pass": true,
              "fail": false,
              "pending": false,
              "context": null,
              "code": "const result = isValidPhoneNumber('1234567');\nassert.isTrue(result);",
              "err": {},
              "uuid": "b984cb8c-09e4-410b-83dd-e74d0e0a7b7c",
              "parentUUID": "7045d476-5014-41ec-bfd4-e90dc1f93e90",
              "isHook": false,
              "skipped": false
            },
            {
              "title": "should return true if the phone number has 15 digits",
              "fullTitle": "the function to check if a phone number is valid based on its length should return true if the phone number has 15 digits",
              "timedOut": false,
              "duration": 1,
              "state": "passed",
              "speed": "fast",
              "pass": true,
              "fail": false,
              "pending": false,
              "context": null,
              "code": "const result = isValidPhoneNumber('123456123456123');\nassert.isTrue(result);",
              "err": {},
              "uuid": "2603823f-1d12-45a3-ac2e-846be8a8defb",
              "parentUUID": "7045d476-5014-41ec-bfd4-e90dc1f93e90",
              "isHook": false,
              "skipped": false
            },
            {
              "title": "should return true if the phone number between 7 and 15 digits",
              "fullTitle": "the function to check if a phone number is valid based on its length should return true if the phone number between 7 and 15 digits",
              "timedOut": false,
              "duration": 1,
              "state": "passed",
              "speed": "fast",
              "pass": true,
              "fail": false,
              "pending": false,
              "context": null,
              "code": "const result = isValidPhoneNumber('123456789');\nassert.isTrue(result);",
              "err": {},
              "uuid": "98d64ed7-c399-4b38-8b38-ffff352b5bba",
              "parentUUID": "7045d476-5014-41ec-bfd4-e90dc1f93e90",
              "isHook": false,
              "skipped": false
            }
          ],
          "suites": [],
          "passes": [
            "a4785ca0-320f-40a2-8c26-81ccb086c44d",
            "decb5576-9af0-4c20-803e-d359311275d5",
            "09c9469b-eb67-4a13-b282-5edcd71fe49d",
            "b984cb8c-09e4-410b-83dd-e74d0e0a7b7c",
            "2603823f-1d12-45a3-ac2e-846be8a8defb",
            "98d64ed7-c399-4b38-8b38-ffff352b5bba"
          ],
          "failures": [],
          "pending": [],
          "skipped": [],
          "duration": 4,
          "root": false,
          "rootEmpty": false,
          "_timeout": 10000
        }
      ],
      "passes": [],
      "failures": [],
      "pending": [],
      "skipped": [],
      "duration": 0,
      "root": true,
      "rootEmpty": true,
      "_timeout": 10000
    }
  ],
  "meta": {
    "mocha": {
      "version": "9.1.3"
    },
    "mochawesome": {
      "options": {
        "quiet": false,
        "reportFilename": "mochawesome",
        "saveHtml": true,
        "saveJson": true,
        "consoleReporter": "spec",
        "useInlineDiffs": false,
        "code": true
      },
      "version": "7.0.1"
    },
    "marge": {
      "options": null,
      "version": "6.0.1"
    }
  }
}